#
# A fatal error has been detected by the Java Runtime Environment:
#
#  SIGSEGV (0xb) at pc=0x00007f2c56755000, pid=113256, tid=113265
#
# JRE version: OpenJDK Runtime Environment (17.0.1+12) (build 17.0.1+12-Ubuntu-120.04)
# Java VM: OpenJDK 64-Bit Server VM (17.0.1+12-Ubuntu-120.04, mixed mode, sharing, tiered, compressed oops, compressed class ptrs, g1 gc, linux-amd64)
# Problematic frame:
# 
[error occurred during error reporting (printing problematic frame), id 0xb, SIGSEGV (0xb) at pc=0x00007f2cf4c2654e]

# Core dump will be written. Default location: Core dumps may be processed with "/usr/share/apport/apport %p %s %c %d %P %E" (or dumping to /home/petitpenguin/Documents/Github/signal-cli/core.113256)
#
# If you would like to submit a bug report, please visit:
#   Unknown
#

---------------  S U M M A R Y ------------

Command Line: -Dfile.encoding=UTF-8 -Duser.country=US -Duser.language=en -Duser.variant org.asamk.signal.Main -u +16174190472 daemon

Host: Intel(R) Core(TM) i7-8650U CPU @ 1.90GHz, 8 cores, 15G, Ubuntu 20.04.3 LTS
Time: Sun Jan 23 23:45:33 2022 EST elapsed time: 220.839343 seconds (0d 0h 3m 40s)

---------------  T H R E A D  ---------------

Current thread (0x00007f2cec159bb0):  VMThread "VM Thread" [stack: 0x00007f2cf008d000,0x00007f2cf018d000] [id=113265]

Stack: [0x00007f2cf008d000,0x00007f2cf018d000],  sp=0x00007f2cf018b738,  free space=1017k
Native frames: (J=compiled Java code, j=interpreted, Vv=VM code, C=native code)

[error occurred during error reporting (printing native stack), id 0xb, SIGSEGV (0xb) at pc=0x00007f2cf4c2654e]


siginfo: si_signo: 11 (SIGSEGV), si_code: 2 (SEGV_ACCERR), si_addr: 0x00007f2c56755000

Register to memory mapping:

RAX=
[error occurred during error reporting (printing register info), id 0xb, SIGSEGV (0xb) at pc=0x00007f2cf4c2654e]

Registers:
RAX=0x00007f2c56755000, RBX=0x00007f2cf4d13060, RCX=0x0000000000000000, RDX=0x0000000000000000
RSP=0x00007f2cf018b738, RBP=0x00007f2cf018b880, RSI=0x00007f2c56755000, RDI=0x00007f2cf0015008
R8 =0x0000000000000000, R9 =0x00007f2cf018b688, R10=0x000000000000001c, R11=0x0000000000000001
R12=0x0000000000000000, R13=0x00007f2cf018b7f8, R14=0x00007f3456754ff8, R15=0x00007f2c3828aa10
RIP=0x00007f2c56755000, EFLAGS=0x0000000000010206, CSGSFS=0x002b000000000033, ERR=0x0000000000000015
  TRAPNO=0x000000000000000e

Top of Stack: (sp=0x00007f2cf018b738)
0x00007f2cf018b738:   00007f2cf4cf6f7d 00007f2cf4d14190
0x00007f2cf018b748:   00007f2cf4d14740 00007f2cf4ce30b0
0x00007f2cf018b758:   00007f2cec0021d0 00007f2cec012c10
0x00007f2cf018b768:   00007f2cec013310 00007f2cec014240 

Instructions: (pc=0x00007f2c56755000)
0x00007f2c56754f00:   00 00 00 00 00 00 00 00 00 00 00 00 00 00 00 00
0x00007f2c56754f10:   00 00 00 00 00 00 00 00 00 00 00 00 00 00 00 00
0x00007f2c56754f20:   00 00 00 00 00 00 00 00 00 00 00 00 00 00 00 00
0x00007f2c56754f30:   00 00 00 00 00 00 00 00 00 00 00 00 00 00 00 00
0x00007f2c56754f40:   00 00 00 00 00 00 00 00 00 00 00 00 00 00 00 00
0x00007f2c56754f50:   00 00 00 00 00 00 00 00 00 00 00 00 00 00 00 00
0x00007f2c56754f60:   00 00 00 00 00 00 00 00 00 00 00 00 00 00 00 00
0x00007f2c56754f70:   00 00 00 00 00 00 00 00 00 00 00 00 00 00 00 00
0x00007f2c56754f80:   00 00 00 00 00 00 00 00 00 00 00 00 00 00 00 00
0x00007f2c56754f90:   00 00 00 00 00 00 00 00 00 00 00 00 00 00 00 00
0x00007f2c56754fa0:   00 00 00 00 00 00 00 00 00 00 00 00 00 00 00 00
0x00007f2c56754fb0:   00 00 00 00 00 00 00 00 00 00 00 00 00 00 00 00
0x00007f2c56754fc0:   00 00 00 00 00 00 00 00 00 00 00 00 00 00 00 00
0x00007f2c56754fd0:   00 00 00 00 00 00 00 00 00 00 00 00 00 00 00 00
0x00007f2c56754fe0:   00 00 00 00 00 00 00 00 00 00 00 00 00 00 00 00
0x00007f2c56754ff0:   00 00 00 00 00 00 00 00 00 00 00 00 00 00 00 00
0x00007f2c56755000:   7f 45 4c 46 02 01 01 00 00 00 00 00 00 00 00 00
0x00007f2c56755010:   03 00 3e 00 01 00 00 00 90 80 00 00 00 00 00 00
0x00007f2c56755020:   40 00 00 00 00 00 00 00 b0 e1 3b 00 00 00 00 00
0x00007f2c56755030:   00 00 00 00 40 00 38 00 0a 00 40 00 27 00 26 00
0x00007f2c56755040:   01 00 00 00 04 00 00 00 00 00 00 00 00 00 00 00
0x00007f2c56755050:   00 00 00 00 00 00 00 00 00 00 00 00 00 00 00 00
0x00007f2c56755060:   20 7a 00 00 00 00 00 00 20 7a 00 00 00 00 00 00
0x00007f2c56755070:   00 10 00 00 00 00 00 00 01 00 00 00 05 00 00 00
0x00007f2c56755080:   00 80 00 00 00 00 00 00 00 80 00 00 00 00 00 00
0x00007f2c56755090:   00 80 00 00 00 00 00 00 11 c9 05 00 00 00 00 00
0x00007f2c567550a0:   11 c9 05 00 00 00 00 00 00 10 00 00 00 00 00 00
0x00007f2c567550b0:   01 00 00 00 04 00 00 00 00 50 06 00 00 00 00 00
0x00007f2c567550c0:   00 50 06 00 00 00 00 00 00 50 06 00 00 00 00 00
0x00007f2c567550d0:   a4 40 02 00 00 00 00 00 a4 40 02 00 00 00 00 00
0x00007f2c567550e0:   00 10 00 00 00 00 00 00 01 00 00 00 06 00 00 00
0x00007f2c567550f0:   10 99 08 00 00 00 00 00 10 a9 08 00 00 00 00 00 


Stack slot to memory mapping:
stack at sp + 0 slots: 0x00007f2cf4cf6f7d: <offset 0x0000000000011f7d> in /lib64/ld-linux-x86-64.so.2 at 0x00007f2cf4ce5000
stack at sp + 1 slots: 0x00007f2cf4d14190 points into unknown readable memory: 0x000055927ed41000 | 00 10 d4 7e 92 55 00 00
stack at sp + 2 slots: 0x00007f2cf4d14740 points into unknown readable memory: 0x00007ffd271c7000 | 00 70 1c 27 fd 7f 00 00
stack at sp + 3 slots: 0x00007f2cf4ce30b0 points into unknown readable memory: 0x00007f2cf4cd1000 | 00 10 cd f4 2c 7f 00 00
stack at sp + 4 slots: 0x00007f2cec0021d0 points into unknown readable memory: 0x00007f2cf4cc8000 | 00 80 cc f4 2c 7f 00 00
stack at sp + 5 slots: 0x00007f2cec012c10 points into unknown readable memory: 0x00007f2cf4cba000 | 00 a0 cb f4 2c 7f 00 00
stack at sp + 6 slots: 0x00007f2cec013310 points into unknown readable memory: 0x00007f2cf3266000 | 00 60 26 f3 2c 7f 00 00
stack at sp + 7 slots: 0x00007f2cec014240 points into unknown readable memory: 0x00007f2cf3249000 | 00 90 24 f3 2c 7f 00 00

VM_Operation (0x00007f2c56753770): Exit, mode: safepoint, requested by thread 0x00007f2ca0000e70


---------------  P R O C E S S  ---------------

Threads class SMR info:
_java_thread_list=0x00007f2c5c02a310, length=34, elements={
0x00007f2cec015080, 0x00007f2cec15dad0, 0x00007f2cec15eeb0, 0x00007f2cec163fc0,
0x00007f2cec165370, 0x00007f2cec166780, 0x00007f2cec168130, 0x00007f2cec169660,
0x00007f2cec172ac0, 0x00007f2cec17a730, 0x00007f2cec17d550, 0x00007f2cec964130,
0x00007f2c48001260, 0x00007f2cec96d9f0, 0x00007f2cec497530, 0x00007f2c38014910,
0x00007f2c3801e520, 0x00007f2cec9a47b0, 0x00007f2c3805da40, 0x00007f2c3805fd20,
0x00007f2c2c001970, 0x00007f2cec9c64d0, 0x00007f2c20000e60, 0x00007f2c38061110,
0x00007f2c28002410, 0x00007f2c100028f0, 0x00007f2c38068290, 0x00007f2c38062300,
0x00007f2c00000e60, 0x00007f2c3806da70, 0x00007f2c28003bd0, 0x00007f2c24005150,
0x00007f2c40003500, 0x00007f2ca0000e70
}

Java Threads: ( => current thread )
  0x00007f2cec015080 JavaThread "main" [_thread_blocked, id=113259, stack(0x00007f2cf3290000,0x00007f2cf3391000)]
  0x00007f2cec15dad0 JavaThread "Reference Handler" daemon [_thread_blocked, id=113266, stack(0x00007f2ccd542000,0x00007f2ccd643000)]
  0x00007f2cec15eeb0 JavaThread "Finalizer" daemon [_thread_blocked, id=113267, stack(0x00007f2ccd441000,0x00007f2ccd542000)]
  0x00007f2cec163fc0 JavaThread "Signal Dispatcher" daemon [_thread_blocked, id=113269, stack(0x00007f2ccc58f000,0x00007f2ccc690000)]
  0x00007f2cec165370 JavaThread "Service Thread" daemon [_thread_blocked, id=113270, stack(0x00007f2ccc48e000,0x00007f2ccc58f000)]
  0x00007f2cec166780 JavaThread "Monitor Deflation Thread" daemon [_thread_blocked, id=113271, stack(0x00007f2ccc38d000,0x00007f2ccc48e000)]
  0x00007f2cec168130 JavaThread "C2 CompilerThread0" daemon [_thread_blocked, id=113272, stack(0x00007f2ccc28c000,0x00007f2ccc38d000)]
  0x00007f2cec169660 JavaThread "C1 CompilerThread0" daemon [_thread_blocked, id=113273, stack(0x00007f2ccc18b000,0x00007f2ccc28c000)]
  0x00007f2cec172ac0 JavaThread "Sweeper thread" daemon [_thread_blocked, id=113274, stack(0x00007f2ccc08a000,0x00007f2ccc18b000)]
  0x00007f2cec17a730 JavaThread "Notification Thread" daemon [_thread_blocked, id=113275, stack(0x00007f2cbdeff000,0x00007f2cbe000000)]
  0x00007f2cec17d550 JavaThread "Common-Cleaner" daemon [_thread_blocked, id=113277, stack(0x00007f2cbdcfc000,0x00007f2cbddfd000)]
  0x00007f2cec964130 JavaThread "OkHttp TaskRunner" daemon [_thread_blocked, id=113534, stack(0x00007f2c57eff000,0x00007f2c58000000)]
  0x00007f2c48001260 JavaThread "OkHttp TaskRunner" daemon [_thread_blocked, id=113536, stack(0x00007f2c57cfd000,0x00007f2c57dfe000)]
  0x00007f2cec96d9f0 JavaThread "Okio Watchdog" daemon [_thread_blocked, id=113538, stack(0x00007f2c57afb000,0x00007f2c57bfc000)]
  0x00007f2cec497530 JavaThread "Thread-0" [_thread_blocked, id=113545, stack(0x00007f2c579fa000,0x00007f2c57afb000)]
  0x00007f2c38014910 JavaThread "RxSchedulerPurge-1" daemon [_thread_blocked, id=113547, stack(0x00007f2c577f7000,0x00007f2c578f8000)]
  0x00007f2c3801e520 JavaThread "RxCachedWorkerPoolEvictor-1" daemon [_thread_blocked, id=113548, stack(0x00007f2c576f6000,0x00007f2c577f7000)]
  0x00007f2cec9a47b0 JavaThread "DBusConnection" daemon [_thread_in_native, id=113549, stack(0x00007f2c575f5000,0x00007f2c576f6000)]
  0x00007f2c3805da40 JavaThread "RxComputationThreadPool-1" daemon [_thread_blocked, id=113550, stack(0x00007f2c574f4000,0x00007f2c575f5000)]
  0x00007f2c3805fd20 JavaThread "RxComputationThreadPool-2" daemon [_thread_blocked, id=113551, stack(0x00007f2c573f3000,0x00007f2c574f4000)]
  0x00007f2c2c001970 JavaThread "RxComputationThreadPool-3" daemon [_thread_blocked, id=113552, stack(0x00007f2c572f2000,0x00007f2c573f3000)]
  0x00007f2cec9c64d0 JavaThread "DBus Sender Thread-1" [_thread_blocked, id=113553, stack(0x00007f2c571f1000,0x00007f2c572f2000)]
  0x00007f2c20000e60 JavaThread "RxComputationThreadPool-4" daemon [_thread_blocked, id=113554, stack(0x00007f2c570f0000,0x00007f2c571f1000)]
  0x00007f2c38061110 JavaThread "RxComputationThreadPool-5" daemon [_thread_blocked, id=113555, stack(0x00007f2c56fef000,0x00007f2c570f0000)]
  0x00007f2c28002410 JavaThread "DBus Worker Thread-1" [_thread_blocked, id=113556, stack(0x00007f2c56eee000,0x00007f2c56fef000)]
  0x00007f2c100028f0 JavaThread "RxComputationThreadPool-6" daemon [_thread_blocked, id=113557, stack(0x00007f2c56ded000,0x00007f2c56eee000)]
  0x00007f2c38068290 JavaThread "OkHttp https://chat.signal.org/..." [_thread_in_native, id=113558, stack(0x00007f2c56cec000,0x00007f2c56ded000)]
  0x00007f2c38062300 JavaThread "RxComputationThreadPool-7" daemon [_thread_blocked, id=113559, stack(0x00007f2c56beb000,0x00007f2c56cec000)]
  0x00007f2c00000e60 JavaThread "RxComputationThreadPool-8" daemon [_thread_blocked, id=113560, stack(0x00007f2c56aea000,0x00007f2c56beb000)]
  0x00007f2c3806da70 JavaThread "OkHttp https://chat.signal.org/..." [_thread_in_native, id=113561, stack(0x00007f2c569e9000,0x00007f2c56aea000)]
  0x00007f2c28003bd0 JavaThread "DBus Worker Thread-2" [_thread_blocked, id=113565, stack(0x00007f2c568e8000,0x00007f2c569e9000)]
  0x00007f2c24005150 JavaThread "Thread-3" daemon [_thread_blocked, id=113567, stack(0x00007f2c567e7000,0x00007f2c568e8000)]
  0x00007f2c40003500 JavaThread "OkHttp TaskRunner" daemon [_thread_blocked, id=113953, stack(0x00007f2cbdbfb000,0x00007f2cbdcfc000)]
  0x00007f2ca0000e70 JavaThread "SIGTERM handler" daemon [_thread_blocked, id=115940, stack(0x00007f2c56654000,0x00007f2c56755000)]

Other Threads:
=>0x00007f2cec159bb0 VMThread "VM Thread" [stack: 0x00007f2cf008d000,0x00007f2cf018d000] [id=113265]
  0x00007f2cec064430 GCTaskThread "GC Thread#0" [stack: 0x00007f2cf0f8c000,0x00007f2cf108c000] [id=113260]
  0x00007f2cb4005dd0 GCTaskThread "GC Thread#1" [stack: 0x00007f2cbd9fa000,0x00007f2cbdafa000] [id=113280]
  0x00007f2cb4006800 GCTaskThread "GC Thread#2" [stack: 0x00007f2cbd8f8000,0x00007f2cbd9f8000] [id=113281]
  0x00007f2cb4007230 GCTaskThread "GC Thread#3" [stack: 0x00007f2cbd7f6000,0x00007f2cbd8f6000] [id=113282]
  0x00007f2cb4008050 GCTaskThread "GC Thread#4" [stack: 0x00007f2cbd6f4000,0x00007f2cbd7f4000] [id=113283]
  0x00007f2cb4008e70 GCTaskThread "GC Thread#5" [stack: 0x00007f2cbd5f2000,0x00007f2cbd6f2000] [id=113284]
  0x00007f2cb400ee10 GCTaskThread "GC Thread#6" [stack: 0x00007f2cbd17c000,0x00007f2cbd27c000] [id=113487]
  0x00007f2cb400fdd0 GCTaskThread "GC Thread#7" [stack: 0x00007f2cbd07a000,0x00007f2cbd17a000] [id=113488]
  0x00007f2cec075070 ConcurrentGCThread "G1 Main Marker" terminated
  0x00007f2cec075fd0 ConcurrentGCThread "G1 Conc#0" [stack: 0x00007f2cf0d88000,0x00007f2cf0e88000] [id=113262]
  0x00007f2cc0000d20 ConcurrentGCThread "G1 Conc#1" [stack: 0x00007f2c578fa000,0x00007f2c579fa000] [id=113546]
  0x00007f2cec129960 ConcurrentGCThread "G1 Refine#0" terminated
  0x00007f2cb8000d20 ConcurrentGCThread "G1 Refine#1" terminated
  0x00007f2cec12a850 ConcurrentGCThread "G1 Service" terminated

Threads with active compile tasks:

VM state: at safepoint (shutting down)

VM Mutex/Monitor currently owned by a thread:  ([mutex/lock_event])
[0x00007f2cec010060] Threads_lock - owner thread: 0x00007f2cec159bb0
[0x00007f2cec010810] Heap_lock - owner thread: 0x00007f2ca0000e70

Heap address: 0x0000000709c00000, size: 3940 MB, Compressed Oops mode: Zero based, Oop shift amount: 3

CDS archive(s) mapped at: [0x0000000800000000-0x0000000800bdf000-0x0000000800bdf000), size 12447744, SharedBaseAddress: 0x0000000800000000, ArchiveRelocationMode: 0.
Compressed class space mapped at: 0x0000000800c00000-0x0000000840c00000, reserved size: 1073741824
Narrow klass base: 0x0000000800000000, Narrow klass shift: 0, Narrow klass range: 0x100000000

GC Precious Log:
 CPUs: 8 total, 8 available
 Memory: 15755M
 Large Page Support: Disabled
 NUMA Support: Disabled
 Compressed Oops: Enabled (Zero based)
 Heap Region Size: 2M
 Heap Min Capacity: 8M
 Heap Initial Capacity: 248M
 Heap Max Capacity: 3940M
 Pre-touch: Disabled
 Parallel Workers: 8
 Concurrent Workers: 2
 Concurrent Refinement Workers: 8
 Periodic GC: Disabled

Heap:
 garbage-first heap   total 69632K, used 37657K [0x0000000709c00000, 0x0000000800000000)
  region size 2048K, 13 young (26624K), 1 survivors (2048K)
 Metaspace       used 29031K, committed 29376K, reserved 1081344K
  class space    used 3088K, committed 3264K, reserved 1048576K

Heap Regions: E=young(eden), S=young(survivor), O=old, HS=humongous(starts), HC=humongous(continues), CS=collection set, F=free, OA=open archive, CA=closed archive, TAMS=top-at-mark-start (previous, next)
|   0|0x0000000709c00000, 0x0000000709e00000, 0x0000000709e00000|100%| O|  |TAMS 0x0000000709e00000, 0x0000000709c00000| Untracked 
|   1|0x0000000709e00000, 0x0000000709e00000, 0x000000070a000000|  0%| F|  |TAMS 0x0000000709e00000, 0x0000000709e00000| Untracked 
|   2|0x000000070a000000, 0x000000070a200000, 0x000000070a200000|100%| O|  |TAMS 0x000000070a200000, 0x000000070a000000| Untracked 
|   3|0x000000070a200000, 0x000000070a400000, 0x000000070a400000|100%| O|  |TAMS 0x000000070a400000, 0x000000070a200000| Untracked 
|   4|0x000000070a400000, 0x000000070a5c9c00, 0x000000070a600000| 89%| O|  |TAMS 0x000000070a5c9c00, 0x000000070a400000| Untracked 
|   5|0x000000070a600000, 0x000000070a800000, 0x000000070a800000|100%| O|  |TAMS 0x000000070a600000, 0x000000070a600000| Untracked 
|   6|0x000000070a800000, 0x000000070aa00000, 0x000000070aa00000|100%| O|  |TAMS 0x000000070a800000, 0x000000070a800000| Untracked 
|   7|0x000000070aa00000, 0x000000070aab6a00, 0x000000070ac00000| 35%| O|  |TAMS 0x000000070aa00000, 0x000000070aa00000| Untracked 
|   8|0x000000070ac00000, 0x000000070ac00000, 0x000000070ae00000|  0%| F|  |TAMS 0x000000070ac00000, 0x000000070ac00000| Untracked 
|   9|0x000000070ae00000, 0x000000070ae00000, 0x000000070b000000|  0%| F|  |TAMS 0x000000070ae00000, 0x000000070ae00000| Untracked 
|  10|0x000000070b000000, 0x000000070b000000, 0x000000070b200000|  0%| F|  |TAMS 0x000000070b000000, 0x000000070b000000| Untracked 
|  11|0x000000070b200000, 0x000000070b200000, 0x000000070b400000|  0%| F|  |TAMS 0x000000070b200000, 0x000000070b200000| Untracked 
|  12|0x000000070b400000, 0x000000070b400000, 0x000000070b600000|  0%| F|  |TAMS 0x000000070b400000, 0x000000070b400000| Untracked 
|  13|0x000000070b600000, 0x000000070b64e0c0, 0x000000070b800000| 15%| S|CS|TAMS 0x000000070b600000, 0x000000070b600000| Complete 
|  14|0x000000070b800000, 0x000000070b800000, 0x000000070ba00000|  0%| F|  |TAMS 0x000000070b800000, 0x000000070b800000| Untracked 
|  15|0x000000070ba00000, 0x000000070ba00000, 0x000000070bc00000|  0%| F|  |TAMS 0x000000070ba00000, 0x000000070ba00000| Untracked 
|  16|0x000000070bc00000, 0x000000070bc00000, 0x000000070be00000|  0%| F|  |TAMS 0x000000070bc00000, 0x000000070bc00000| Untracked 
|  17|0x000000070be00000, 0x000000070be00000, 0x000000070c000000|  0%| F|  |TAMS 0x000000070be00000, 0x000000070be00000| Untracked 
|  18|0x000000070c000000, 0x000000070c000000, 0x000000070c200000|  0%| F|  |TAMS 0x000000070c000000, 0x000000070c000000| Untracked 
|  19|0x000000070c200000, 0x000000070c200000, 0x000000070c400000|  0%| F|  |TAMS 0x000000070c200000, 0x000000070c200000| Untracked 
|  20|0x000000070c400000, 0x000000070c5633d8, 0x000000070c600000| 69%| E|  |TAMS 0x000000070c400000, 0x000000070c400000| Complete 
|  21|0x000000070c600000, 0x000000070c800000, 0x000000070c800000|100%| E|CS|TAMS 0x000000070c600000, 0x000000070c600000| Complete 
|  22|0x000000070c800000, 0x000000070ca00000, 0x000000070ca00000|100%| E|CS|TAMS 0x000000070c800000, 0x000000070c800000| Complete 
|  23|0x000000070ca00000, 0x000000070cc00000, 0x000000070cc00000|100%| E|CS|TAMS 0x000000070ca00000, 0x000000070ca00000| Complete 
|  24|0x000000070cc00000, 0x000000070ce00000, 0x000000070ce00000|100%| E|CS|TAMS 0x000000070cc00000, 0x000000070cc00000| Complete 
|  25|0x000000070ce00000, 0x000000070d000000, 0x000000070d000000|100%| E|CS|TAMS 0x000000070ce00000, 0x000000070ce00000| Complete 
|  26|0x000000070d000000, 0x000000070d200000, 0x000000070d200000|100%| E|CS|TAMS 0x000000070d000000, 0x000000070d000000| Complete 
|  27|0x000000070d200000, 0x000000070d400000, 0x000000070d400000|100%| E|CS|TAMS 0x000000070d200000, 0x000000070d200000| Complete 
|  28|0x000000070d400000, 0x000000070d600000, 0x000000070d600000|100%| E|CS|TAMS 0x000000070d400000, 0x000000070d400000| Complete 
| 118|0x0000000718800000, 0x0000000718a00000, 0x0000000718a00000|100%| E|CS|TAMS 0x0000000718800000, 0x0000000718800000| Complete 
| 119|0x0000000718a00000, 0x0000000718c00000, 0x0000000718c00000|100%| E|CS|TAMS 0x0000000718a00000, 0x0000000718a00000| Complete 
| 123|0x0000000719200000, 0x0000000719400000, 0x0000000719400000|100%| E|CS|TAMS 0x0000000719200000, 0x0000000719200000| Complete 
|1968|0x00000007ffc00000, 0x00000007ffd76000, 0x00000007ffe00000| 73%|OA|  |TAMS 0x00000007ffd76000, 0x00000007ffc00000| Untracked 
|1969|0x00000007ffe00000, 0x00000007ffe82000, 0x0000000800000000| 25%|CA|  |TAMS 0x00000007ffe82000, 0x00000007ffe00000| Untracked 

Card table byte_map: [0x00007f2cf18be000,0x00007f2cf2070000] _byte_map_base: 0x00007f2cee070000

Marking Bits (Prev, Next): (CMBitMap*) 0x00007f2cec064ef0, (CMBitMap*) 0x00007f2cec064eb0
 Prev Bits: [0x00007f2ccd643000, 0x00007f2cd13d3000)
 Next Bits: [0x00007f2cd13d3000, 0x00007f2cd5163000)

Polling page: 0x00007f2cf4cc6000

Metaspace:

Usage:
  Non-class:     25.34 MB used.
      Class:      3.02 MB used.
       Both:     28.35 MB used.

Virtual space:
  Non-class space:       32.00 MB reserved,      25.50 MB ( 80%) committed,  4 nodes.
      Class space:        1.00 GB reserved,       3.19 MB ( <1%) committed,  1 nodes.
             Both:        1.03 GB reserved,      28.69 MB (  3%) committed. 

Chunk freelists:
   Non-Class:  2.08 MB
       Class:  809.00 KB
        Both:  2.87 MB

MaxMetaspaceSize: unlimited
CompressedClassSpaceSize: 1.00 GB
Initial GC threshold: 21.00 MB
Current GC threshold: 35.56 MB
CDS: on
MetaspaceReclaimPolicy: balanced
 - commit_granule_bytes: 65536.
 - commit_granule_words: 8192.
 - virtual_space_node_default_size: 1048576.
 - enlarge_chunks_in_place: 1.
 - new_chunks_are_fully_committed: 0.
 - uncommit_free_chunks: 1.
 - use_allocation_guard: 0.
 - handle_deallocations: 1.


Internal statistics:

num_allocs_failed_limit: 3.
num_arena_births: 342.
num_arena_deaths: 0.
num_vsnodes_births: 5.
num_vsnodes_deaths: 0.
num_space_committed: 459.
num_space_uncommitted: 0.
num_chunks_returned_to_freelist: 3.
num_chunks_taken_from_freelist: 1206.
num_chunk_merges: 0.
num_chunk_splits: 815.
num_chunks_enlarged: 598.
num_purges: 0.
num_inconsistent_stats: 0.

CodeHeap 'non-profiled nmethods': size=120028Kb used=2691Kb max_used=2691Kb free=117336Kb
 bounds [0x00007f2cdcc2c000, 0x00007f2cdcedc000, 0x00007f2ce4163000]
CodeHeap 'profiled nmethods': size=120028Kb used=10486Kb max_used=10486Kb free=109541Kb
 bounds [0x00007f2cd56f5000, 0x00007f2cd6135000, 0x00007f2cdcc2c000]
CodeHeap 'non-nmethods': size=5704Kb used=1332Kb max_used=1409Kb free=4371Kb
 bounds [0x00007f2cd5163000, 0x00007f2cd53d3000, 0x00007f2cd56f5000]
 total_blobs=5666 nmethods=4998 adapters=580
 compilation: enabled
              stopped_count=0, restarted_count=0
 full_count=0

Compilation events (20 events):
Event: 95.104 Thread 0x00007f2cec169660 4991       3       java.util.concurrent.ConcurrentHashMap$BaseIterator::<init> (21 bytes)
Event: 95.104 Thread 0x00007f2cec169660 nmethod 4991 0x00007f2cd612d790 code [0x00007f2cd612d940, 0x00007f2cd612db30]
Event: 95.105 Thread 0x00007f2cec169660 4992       3       java.util.concurrent.ConcurrentHashMap$Traverser::<init> (36 bytes)
Event: 95.105 Thread 0x00007f2cec169660 nmethod 4992 0x00007f2cd612dc10 code [0x00007f2cd612ddc0, 0x00007f2cd612dfd0]
Event: 125.376 Thread 0x00007f2cec169660 4993   !   3       java.util.concurrent.ConcurrentHashMap::replaceNode (437 bytes)
Event: 125.378 Thread 0x00007f2cec169660 nmethod 4993 0x00007f2cd612e090 code [0x00007f2cd612e3e0, 0x00007f2cd612fbb0]
Event: 125.378 Thread 0x00007f2cec169660 4994       3       java.util.concurrent.ConcurrentHashMap::remove (8 bytes)
Event: 125.378 Thread 0x00007f2cec169660 nmethod 4994 0x00007f2cd6130690 code [0x00007f2cd6130840, 0x00007f2cd6130980]
Event: 126.104 Thread 0x00007f2cec168130 4995       4       java.util.concurrent.ThreadPoolExecutor::isShutdown (12 bytes)
Event: 126.105 Thread 0x00007f2cec168130 nmethod 4995 0x00007f2cdcecc110 code [0x00007f2cdcecc2a0, 0x00007f2cdcecc338]
Event: 137.104 Thread 0x00007f2cec168130 4996       4       java.util.concurrent.ConcurrentHashMap$Traverser::advance (188 bytes)
Event: 137.115 Thread 0x00007f2cec168130 nmethod 4996 0x00007f2cdcecc410 code [0x00007f2cdcecc5a0, 0x00007f2cdcecc8d8]
Event: 150.104 Thread 0x00007f2cec168130 4997       4       java.util.concurrent.ConcurrentHashMap$BaseIterator::hasNext (13 bytes)
Event: 150.104 Thread 0x00007f2cec168130 nmethod 4997 0x00007f2cdcecca90 code [0x00007f2cdceccc00, 0x00007f2cdceccc98]
Event: 195.104 Thread 0x00007f2cec169660 4998       3       java.util.concurrent.ThreadPoolExecutor::isShutdown (12 bytes)
Event: 195.104 Thread 0x00007f2cec169660 nmethod 4998 0x00007f2cd6130a10 code [0x00007f2cd6130bc0, 0x00007f2cd6130db0]
Event: 195.859 Thread 0x00007f2cec169660 4999       3       com.fasterxml.jackson.core.json.UTF8JsonGenerator::writeRaw (184 bytes)
Event: 195.860 Thread 0x00007f2cec169660 nmethod 4999 0x00007f2cd6130e90 code [0x00007f2cd61310a0, 0x00007f2cd6131620]
Event: 207.104 Thread 0x00007f2cec169660 5000       3       java.util.concurrent.ConcurrentHashMap$CollectionView::toArray (145 bytes)
Event: 207.104 Thread 0x00007f2cec169660 nmethod 5000 0x00007f2cd6131890 code [0x00007f2cd6131b00, 0x00007f2cd6132730]

GC Heap History (20 events):
Event: 10.091 GC heap before
{Heap before GC invocations=3 (full 0):
 garbage-first heap   total 258048K, used 20980K [0x0000000709c00000, 0x0000000800000000)
  region size 2048K, 6 young (12288K), 2 survivors (4096K)
 Metaspace       used 21362K, committed 21504K, reserved 1073152K
  class space    used 2348K, committed 2432K, reserved 1048576K
}
Event: 10.095 GC heap after
{Heap after GC invocations=4 (full 0):
 garbage-first heap   total 258048K, used 15232K [0x0000000709c00000, 0x0000000800000000)
  region size 2048K, 2 young (4096K), 2 survivors (4096K)
 Metaspace       used 21362K, committed 21504K, reserved 1073152K
  class space    used 2348K, committed 2432K, reserved 1048576K
}
Event: 52.445 GC heap before
{Heap before GC invocations=5 (full 0):
 garbage-first heap   total 69632K, used 50048K [0x0000000709c00000, 0x0000000800000000)
  region size 2048K, 21 young (43008K), 2 survivors (4096K)
 Metaspace       used 27202K, committed 27584K, reserved 1073152K
  class space    used 3077K, committed 3264K, reserved 1048576K
}
Event: 52.449 GC heap after
{Heap after GC invocations=6 (full 0):
 garbage-first heap   total 69632K, used 16931K [0x0000000709c00000, 0x0000000800000000)
  region size 2048K, 3 young (6144K), 3 survivors (6144K)
 Metaspace       used 27202K, committed 27584K, reserved 1073152K
  class space    used 3077K, committed 3264K, reserved 1048576K
}
Event: 52.630 GC heap before
{Heap before GC invocations=6 (full 0):
 garbage-first heap   total 69632K, used 16931K [0x0000000709c00000, 0x0000000800000000)
  region size 2048K, 4 young (8192K), 3 survivors (6144K)
 Metaspace       used 27261K, committed 27584K, reserved 1073152K
  class space    used 3077K, committed 3264K, reserved 1048576K
}
Event: 52.636 GC heap after
{Heap after GC invocations=7 (full 0):
 garbage-first heap   total 69632K, used 15623K [0x0000000709c00000, 0x0000000800000000)
  region size 2048K, 1 young (2048K), 1 survivors (2048K)
 Metaspace       used 27261K, committed 27584K, reserved 1073152K
  class space    used 3077K, committed 3264K, reserved 1048576K
}
Event: 55.313 GC heap before
{Heap before GC invocations=7 (full 0):
 garbage-first heap   total 69632K, used 44295K [0x0000000709c00000, 0x0000000800000000)
  region size 2048K, 15 young (30720K), 1 survivors (2048K)
 Metaspace       used 28011K, committed 28352K, reserved 1081344K
  class space    used 3081K, committed 3264K, reserved 1048576K
}
Event: 55.315 GC heap after
{Heap after GC invocations=8 (full 0):
 garbage-first heap   total 69632K, used 15143K [0x0000000709c00000, 0x0000000800000000)
  region size 2048K, 1 young (2048K), 1 survivors (2048K)
 Metaspace       used 28011K, committed 28352K, reserved 1081344K
  class space    used 3081K, committed 3264K, reserved 1048576K
}
Event: 58.113 GC heap before
{Heap before GC invocations=8 (full 0):
 garbage-first heap   total 69632K, used 43815K [0x0000000709c00000, 0x0000000800000000)
  region size 2048K, 16 young (32768K), 1 survivors (2048K)
 Metaspace       used 28432K, committed 28800K, reserved 1081344K
  class space    used 3081K, committed 3264K, reserved 1048576K
}
Event: 58.114 GC heap after
{Heap after GC invocations=9 (full 0):
 garbage-first heap   total 69632K, used 15092K [0x0000000709c00000, 0x0000000800000000)
  region size 2048K, 1 young (2048K), 1 survivors (2048K)
 Metaspace       used 28432K, committed 28800K, reserved 1081344K
  class space    used 3081K, committed 3264K, reserved 1048576K
}
Event: 61.009 GC heap before
{Heap before GC invocations=9 (full 0):
 garbage-first heap   total 69632K, used 47860K [0x0000000709c00000, 0x0000000800000000)
  region size 2048K, 17 young (34816K), 1 survivors (2048K)
 Metaspace       used 28646K, committed 28992K, reserved 1081344K
  class space    used 3081K, committed 3264K, reserved 1048576K
}
Event: 61.010 GC heap after
{Heap after GC invocations=10 (full 0):
 garbage-first heap   total 69632K, used 15091K [0x0000000709c00000, 0x0000000800000000)
  region size 2048K, 1 young (2048K), 1 survivors (2048K)
 Metaspace       used 28646K, committed 28992K, reserved 1081344K
  class space    used 3081K, committed 3264K, reserved 1048576K
}
Event: 64.052 GC heap before
{Heap before GC invocations=10 (full 0):
 garbage-first heap   total 69632K, used 47859K [0x0000000709c00000, 0x0000000800000000)
  region size 2048K, 18 young (36864K), 1 survivors (2048K)
 Metaspace       used 28772K, committed 29184K, reserved 1081344K
  class space    used 3081K, committed 3264K, reserved 1048576K
}
Event: 64.054 GC heap after
{Heap after GC invocations=11 (full 0):
 garbage-first heap   total 69632K, used 15118K [0x0000000709c00000, 0x0000000800000000)
  region size 2048K, 1 young (2048K), 1 survivors (2048K)
 Metaspace       used 28772K, committed 29184K, reserved 1081344K
  class space    used 3081K, committed 3264K, reserved 1048576K
}
Event: 67.224 GC heap before
{Heap before GC invocations=11 (full 0):
 garbage-first heap   total 69632K, used 47886K [0x0000000709c00000, 0x0000000800000000)
  region size 2048K, 18 young (36864K), 1 survivors (2048K)
 Metaspace       used 28831K, committed 29184K, reserved 1081344K
  class space    used 3081K, committed 3264K, reserved 1048576K
}
Event: 67.229 GC heap after
{Heap after GC invocations=12 (full 0):
 garbage-first heap   total 69632K, used 15117K [0x0000000709c00000, 0x0000000800000000)
  region size 2048K, 1 young (2048K), 1 survivors (2048K)
 Metaspace       used 28831K, committed 29184K, reserved 1081344K
  class space    used 3081K, committed 3264K, reserved 1048576K
}
Event: 70.567 GC heap before
{Heap before GC invocations=12 (full 0):
 garbage-first heap   total 69632K, used 51981K [0x0000000709c00000, 0x0000000800000000)
  region size 2048K, 19 young (38912K), 1 survivors (2048K)
 Metaspace       used 28915K, committed 29248K, reserved 1081344K
  class space    used 3081K, committed 3264K, reserved 1048576K
}
Event: 70.572 GC heap after
{Heap after GC invocations=13 (full 0):
 garbage-first heap   total 69632K, used 15125K [0x0000000709c00000, 0x0000000800000000)
  region size 2048K, 1 young (2048K), 1 survivors (2048K)
 Metaspace       used 28915K, committed 29248K, reserved 1081344K
  class space    used 3081K, committed 3264K, reserved 1048576K
}
Event: 73.841 GC heap before
{Heap before GC invocations=13 (full 0):
 garbage-first heap   total 69632K, used 51989K [0x0000000709c00000, 0x0000000800000000)
  region size 2048K, 19 young (38912K), 1 survivors (2048K)
 Metaspace       used 28979K, committed 29312K, reserved 1081344K
  class space    used 3081K, committed 3264K, reserved 1048576K
}
Event: 73.842 GC heap after
{Heap after GC invocations=14 (full 0):
 garbage-first heap   total 69632K, used 15129K [0x0000000709c00000, 0x0000000800000000)
  region size 2048K, 1 young (2048K), 1 survivors (2048K)
 Metaspace       used 28979K, committed 29312K, reserved 1081344K
  class space    used 3081K, committed 3264K, reserved 1048576K
}

Deoptimization events (20 events):
Event: 97.099 Thread 0x00007f2cec964130 Uncommon trap: trap_request=0xffffff45 fr.pc=0x00007f2cdcdd769c relative=0x00000000000001fc
Event: 97.099 Thread 0x00007f2cec964130 Uncommon trap: reason=unstable_if action=reinterpret pc=0x00007f2cdcdd769c method=java.util.concurrent.locks.ReentrantLock$Sync.lock()V @ 4 c2
Event: 97.099 Thread 0x00007f2cec964130 DEOPT PACKING pc=0x00007f2cdcdd769c sp=0x00007f2c57ffdfb0
Event: 97.099 Thread 0x00007f2cec964130 DEOPT UNPACKING pc=0x00007f2cd51b5099 sp=0x00007f2c57ffdf00 mode 2
Event: 120.392 Thread 0x00007f2c3806da70 Uncommon trap: trap_request=0xffffff45 fr.pc=0x00007f2cdcea02e0 relative=0x0000000000000520
Event: 120.392 Thread 0x00007f2c3806da70 Uncommon trap: reason=unstable_if action=reinterpret pc=0x00007f2cdcea02e0 method=com.sun.crypto.provider.GCTR.update([BII[BI)I @ 1 c2
Event: 120.392 Thread 0x00007f2c3806da70 DEOPT PACKING pc=0x00007f2cdcea02e0 sp=0x00007f2c56ae79f0
Event: 120.392 Thread 0x00007f2c3806da70 DEOPT UNPACKING pc=0x00007f2cd51b5099 sp=0x00007f2c56ae79c0 mode 2
Event: 190.116 Thread 0x00007f2c383ae8d0 Uncommon trap: trap_request=0xffffff45 fr.pc=0x00007f2cdce52a34 relative=0x0000000000000034
Event: 190.116 Thread 0x00007f2c383ae8d0 Uncommon trap: reason=unstable_if action=reinterpret pc=0x00007f2cdce52a34 method=java.util.concurrent.ThreadPoolExecutor.runStateAtLeast(II)Z @ 2 c2
Event: 190.116 Thread 0x00007f2c383ae8d0 DEOPT PACKING pc=0x00007f2cdce52a34 sp=0x00007f2cbdbf9860
Event: 190.116 Thread 0x00007f2c383ae8d0 DEOPT UNPACKING pc=0x00007f2cd51b5099 sp=0x00007f2cbdbf9818 mode 2
Event: 191.104 Thread 0x00007f2c38014910 Uncommon trap: trap_request=0xffffff45 fr.pc=0x00007f2cdcecc2fc relative=0x000000000000005c
Event: 191.104 Thread 0x00007f2c38014910 Uncommon trap: reason=unstable_if action=reinterpret pc=0x00007f2cdcecc2fc method=java.util.concurrent.ThreadPoolExecutor.runStateAtLeast(II)Z @ 2 c2
Event: 191.104 Thread 0x00007f2c38014910 DEOPT PACKING pc=0x00007f2cdcecc2fc sp=0x00007f2c578f6730
Event: 191.104 Thread 0x00007f2c38014910 DEOPT UNPACKING pc=0x00007f2cd51b5099 sp=0x00007f2c578f6670 mode 2
Event: 220.504 Thread 0x00007f2bf4001450 Uncommon trap: trap_request=0xffffffcc fr.pc=0x00007f2cdcd9b3ec relative=0x000000000000034c
Event: 220.504 Thread 0x00007f2bf4001450 Uncommon trap: reason=intrinsic_or_type_checked_inlining action=make_not_entrant pc=0x00007f2cdcd9b3ec method=java.util.Arrays.copyOf([Ljava/lang/Object;ILjava/lang/Class;)[Ljava/lang/Object; @ 35 c2
Event: 220.504 Thread 0x00007f2bf4001450 DEOPT PACKING pc=0x00007f2cdcd9b3ec sp=0x00007f2cbdbf9620
Event: 220.504 Thread 0x00007f2bf4001450 DEOPT UNPACKING pc=0x00007f2cd51b5099 sp=0x00007f2cbdbf95c8 mode 2

Classes unloaded (0 events):
No events

Classes redefined (0 events):
No events

Internal exceptions (20 events):
Event: 75.104 Thread 0x00007f2cec497530 Exception <a 'sun/nio/fs/UnixException'{0x000000070cf92c28}> (0x000000070cf92c28) 
thrown [src/hotspot/share/prims/jni.cpp, line 516]
Event: 75.138 Thread 0x00007f2cec497530 Exception <a 'sun/nio/fs/UnixException'{0x000000070cfea590}> (0x000000070cfea590) 
thrown [src/hotspot/share/prims/jni.cpp, line 516]
Event: 75.171 Thread 0x00007f2cec497530 Exception <a 'sun/nio/fs/UnixException'{0x000000070cc5ace8}> (0x000000070cc5ace8) 
thrown [src/hotspot/share/prims/jni.cpp, line 516]
Event: 75.266 Thread 0x00007f2cec497530 Exception <a 'sun/nio/fs/UnixException'{0x000000070ccb2678}> (0x000000070ccb2678) 
thrown [src/hotspot/share/prims/jni.cpp, line 516]
Event: 75.297 Thread 0x00007f2cec497530 Exception <a 'sun/nio/fs/UnixException'{0x000000070cd312a0}> (0x000000070cd312a0) 
thrown [src/hotspot/share/prims/jni.cpp, line 516]
Event: 75.326 Thread 0x00007f2cec497530 Exception <a 'sun/nio/fs/UnixException'{0x000000070cd9fd50}> (0x000000070cd9fd50) 
thrown [src/hotspot/share/prims/jni.cpp, line 516]
Event: 75.370 Thread 0x00007f2cec497530 Exception <a 'sun/nio/fs/UnixException'{0x000000070cdf76b8}> (0x000000070cdf76b8) 
thrown [src/hotspot/share/prims/jni.cpp, line 516]
Event: 75.402 Thread 0x00007f2cec497530 Exception <a 'sun/nio/fs/UnixException'{0x000000070ca7ad20}> (0x000000070ca7ad20) 
thrown [src/hotspot/share/prims/jni.cpp, line 516]
Event: 75.439 Thread 0x00007f2cec497530 Exception <a 'sun/nio/fs/UnixException'{0x000000070cae6e18}> (0x000000070cae6e18) 
thrown [src/hotspot/share/prims/jni.cpp, line 516]
Event: 75.473 Thread 0x00007f2cec497530 Exception <a 'sun/nio/fs/UnixException'{0x000000070cb3e780}> (0x000000070cb3e780) 
thrown [src/hotspot/share/prims/jni.cpp, line 516]
Event: 75.510 Thread 0x00007f2cec497530 Exception <a 'sun/nio/fs/UnixException'{0x000000070cbb8068}> (0x000000070cbb8068) 
thrown [src/hotspot/share/prims/jni.cpp, line 516]
Event: 75.570 Thread 0x00007f2cec497530 Exception <a 'sun/nio/fs/UnixException'{0x000000070c833c30}> (0x000000070c833c30) 
thrown [src/hotspot/share/prims/jni.cpp, line 516]
Event: 75.612 Thread 0x00007f2cec497530 Exception <a 'sun/nio/fs/UnixException'{0x000000070c88b5e8}> (0x000000070c88b5e8) 
thrown [src/hotspot/share/prims/jni.cpp, line 516]
Event: 75.650 Thread 0x00007f2cec497530 Exception <a 'sun/nio/fs/UnixException'{0x000000070c8fa440}> (0x000000070c8fa440) 
thrown [src/hotspot/share/prims/jni.cpp, line 516]
Event: 75.685 Thread 0x00007f2cec497530 Exception <a 'sun/nio/fs/UnixException'{0x000000070c951da8}> (0x000000070c951da8) 
thrown [src/hotspot/share/prims/jni.cpp, line 516]
Event: 75.719 Thread 0x00007f2cec497530 Exception <a 'sun/nio/fs/UnixException'{0x000000070c9cfcc0}> (0x000000070c9cfcc0) 
thrown [src/hotspot/share/prims/jni.cpp, line 516]
Event: 75.753 Thread 0x00007f2cec497530 Exception <a 'sun/nio/fs/UnixException'{0x000000070c640678}> (0x000000070c640678) 
thrown [src/hotspot/share/prims/jni.cpp, line 516]
Event: 75.785 Thread 0x00007f2cec497530 Exception <a 'sun/nio/fs/UnixException'{0x000000070c698b80}> (0x000000070c698b80) 
thrown [src/hotspot/share/prims/jni.cpp, line 516]
Event: 75.816 Thread 0x00007f2cec497530 Exception <a 'sun/nio/fs/UnixException'{0x000000070c7065e8}> (0x000000070c7065e8) 
thrown [src/hotspot/share/prims/jni.cpp, line 516]
Event: 75.857 Thread 0x00007f2cec497530 Exception <a 'sun/nio/fs/UnixException'{0x000000070c78c640}> (0x000000070c78c640) 
thrown [src/hotspot/share/prims/jni.cpp, line 516]

VM Operations (20 events):
Event: 71.573 Executing VM operation: Cleanup done
Event: 72.573 Executing VM operation: Cleanup
Event: 72.573 Executing VM operation: Cleanup done
Event: 73.573 Executing VM operation: Cleanup
Event: 73.573 Executing VM operation: Cleanup done
Event: 73.841 Executing VM operation: G1CollectForAllocation
Event: 73.842 Executing VM operation: G1CollectForAllocation done
Event: 74.842 Executing VM operation: Cleanup
Event: 74.842 Executing VM operation: Cleanup done
Event: 75.843 Executing VM operation: Cleanup
Event: 75.843 Executing VM operation: Cleanup done
Event: 97.845 Executing VM operation: Cleanup
Event: 97.846 Executing VM operation: Cleanup done
Event: 136.851 Executing VM operation: Cleanup
Event: 136.851 Executing VM operation: Cleanup done
Event: 190.857 Executing VM operation: Cleanup
Event: 190.857 Executing VM operation: Cleanup done
Event: 208.859 Executing VM operation: Cleanup
Event: 208.859 Executing VM operation: Cleanup done
Event: 220.506 Executing VM operation: Exit

Events (20 events):
Event: 97.096 loading class sun/nio/ch/ExtendedSocketOption done
Event: 97.096 loading class sun/nio/ch/ExtendedSocketOption$1
Event: 97.096 loading class sun/nio/ch/ExtendedSocketOption$1 done
Event: 97.096 loading class sun/security/ssl/Alert
Event: 97.097 loading class sun/security/ssl/Alert done
Event: 97.097 loading class sun/security/ssl/Alert$AlertConsumer
Event: 97.097 loading class sun/security/ssl/Alert$AlertConsumer done
Event: 97.097 loading class sun/security/ssl/Alert$Level
Event: 97.098 loading class sun/security/ssl/Alert$Level done
Event: 125.377 Thread 0x00007f2c4c000e60 Thread exited: 0x00007f2c4c000e60
Event: 132.452 Thread 0x00007f2cec953d60 Thread exited: 0x00007f2cec953d60
Event: 190.116 Thread 0x00007f2c383ae8d0 Thread exited: 0x00007f2c383ae8d0
Event: 190.116 Thread 0x00007f2c383bf830 Thread exited: 0x00007f2c383bf830
Event: 220.502 loading class jdk/internal/misc/Signal$1
Event: 220.502 loading class jdk/internal/misc/Signal$1 done
Event: 220.503 Thread 0x00007f2ca0000e70 Thread added: 0x00007f2ca0000e70
Event: 220.503 Protecting memory [0x00007f2c56654000,0x00007f2c56658000] with protection modes 0
Event: 220.504 Thread 0x00007f2bf4001450 Thread added: 0x00007f2bf4001450
Event: 220.504 Protecting memory [0x00007f2cbdafa000,0x00007f2cbdafe000] with protection modes 0
Event: 220.504 Thread 0x00007f2bf4001450 Thread exited: 0x00007f2bf4001450


Dynamic libraries:
709c00000-70d600000 rw-p 00000000 00:00 0 
70d600000-718800000 ---p 00000000 00:00 0 
718800000-718c00000 rw-p 00000000 00:00 0 
718c00000-719200000 ---p 00000000 00:00 0 
719200000-719400000 rw-p 00000000 00:00 0 
719400000-7ffc00000 ---p 00000000 00:00 0 
7ffc00000-7ffd00000 rw-p 00000000 00:00 0 
7ffd00000-7ffd76000 rw-p 00c9a000 fd:01 2492118                          /usr/lib/jvm/java-17-openjdk-amd64/lib/server/classes.jsa
7ffd76000-7ffe00000 rw-p 00000000 00:00 0 
7ffe00000-7ffe82000 rw-p 00c18000 fd:01 2492118                          /usr/lib/jvm/java-17-openjdk-amd64/lib/server/classes.jsa
7ffe82000-800000000 rw-p 00000000 00:00 0 
800000000-800441000 rw-p 00001000 fd:01 2492118                          /usr/lib/jvm/java-17-openjdk-amd64/lib/server/classes.jsa
800441000-800bdf000 r--p 00442000 fd:01 2492118                          /usr/lib/jvm/java-17-openjdk-amd64/lib/server/classes.jsa
800bdf000-800c00000 ---p 00000000 00:00 0 
800c00000-800c20000 rw-p 00000000 00:00 0 
800c20000-800c40000 rw-p 00000000 00:00 0 
800c40000-800ce0000 rw-p 00000000 00:00 0 
800ce0000-800d00000 rw-p 00000000 00:00 0 
800d00000-800dc0000 rw-p 00000000 00:00 0 
800dc0000-800e00000 rw-p 00000000 00:00 0 
800e00000-800e40000 rw-p 00000000 00:00 0 
800e40000-800ef0000 rw-p 00000000 00:00 0 
800ef0000-800f00000 ---p 00000000 00:00 0 
800f00000-800f40000 rw-p 00000000 00:00 0 
800f40000-840c00000 ---p 00000000 00:00 0 
55927ed41000-55927ed42000 r--p 00000000 fd:01 2230168                    /usr/lib/jvm/java-17-openjdk-amd64/bin/java
55927ed42000-55927ed43000 r-xp 00001000 fd:01 2230168                    /usr/lib/jvm/java-17-openjdk-amd64/bin/java
55927ed43000-55927ed44000 r--p 00002000 fd:01 2230168                    /usr/lib/jvm/java-17-openjdk-amd64/bin/java
55927ed44000-55927ed45000 r--p 00002000 fd:01 2230168                    /usr/lib/jvm/java-17-openjdk-amd64/bin/java
55927ed45000-55927ed46000 rw-p 00003000 fd:01 2230168                    /usr/lib/jvm/java-17-openjdk-amd64/bin/java
55927f568000-55927f589000 rw-p 00000000 00:00 0                          [heap]
7f2be8000000-7f2be83ca000 rw-p 00000000 00:00 0 
7f2be83ca000-7f2bec000000 ---p 00000000 00:00 0 
7f2bf0000000-7f2bf0021000 rw-p 00000000 00:00 0 
7f2bf0021000-7f2bf4000000 ---p 00000000 00:00 0 
7f2bf4000000-7f2bf403d000 rw-p 00000000 00:00 0 
7f2bf403d000-7f2bf8000000 ---p 00000000 00:00 0 
7f2bf8000000-7f2bf8021000 rw-p 00000000 00:00 0 
7f2bf8021000-7f2bfc000000 ---p 00000000 00:00 0 
7f2bfc000000-7f2bfc027000 rw-p 00000000 00:00 0 
7f2bfc027000-7f2c00000000 ---p 00000000 00:00 0 
7f2c00000000-7f2c00021000 rw-p 00000000 00:00 0 
7f2c00021000-7f2c04000000 ---p 00000000 00:00 0 
7f2c04000000-7f2c04021000 rw-p 00000000 00:00 0 
7f2c04021000-7f2c08000000 ---p 00000000 00:00 0 
7f2c08000000-7f2c08021000 rw-p 00000000 00:00 0 
7f2c08021000-7f2c0c000000 ---p 00000000 00:00 0 
7f2c0c000000-7f2c0c029000 rw-p 00000000 00:00 0 
7f2c0c029000-7f2c10000000 ---p 00000000 00:00 0 
7f2c10000000-7f2c10021000 rw-p 00000000 00:00 0 
7f2c10021000-7f2c14000000 ---p 00000000 00:00 0 
7f2c14000000-7f2c14021000 rw-p 00000000 00:00 0 
7f2c14021000-7f2c18000000 ---p 00000000 00:00 0 
7f2c18000000-7f2c18021000 rw-p 00000000 00:00 0 
7f2c18021000-7f2c1c000000 ---p 00000000 00:00 0 
7f2c1c000000-7f2c1c021000 rw-p 00000000 00:00 0 
7f2c1c021000-7f2c20000000 ---p 00000000 00:00 0 
7f2c20000000-7f2c20021000 rw-p 00000000 00:00 0 
7f2c20021000-7f2c24000000 ---p 00000000 00:00 0 
7f2c24000000-7f2c24021000 rw-p 00000000 00:00 0 
7f2c24021000-7f2c28000000 ---p 00000000 00:00 0 
7f2c28000000-7f2c28021000 rw-p 00000000 00:00 0 
7f2c28021000-7f2c2c000000 ---p 00000000 00:00 0 
7f2c2c000000-7f2c2c021000 rw-p 00000000 00:00 0 
7f2c2c021000-7f2c30000000 ---p 00000000 00:00 0 
7f2c30000000-7f2c30021000 rw-p 00000000 00:00 0 
7f2c30021000-7f2c34000000 ---p 00000000 00:00 0 
7f2c34000000-7f2c34021000 rw-p 00000000 00:00 0 
7f2c34021000-7f2c38000000 ---p 00000000 00:00 0 
7f2c38000000-7f2c38a34000 rw-p 00000000 00:00 0 
7f2c38a34000-7f2c3c000000 ---p 00000000 00:00 0 
7f2c3c000000-7f2c3c021000 rw-p 00000000 00:00 0 
7f2c3c021000-7f2c40000000 ---p 00000000 00:00 0 
7f2c40000000-7f2c40021000 rw-p 00000000 00:00 0 
7f2c40021000-7f2c44000000 ---p 00000000 00:00 0 
7f2c44000000-7f2c44021000 rw-p 00000000 00:00 0 
7f2c44021000-7f2c48000000 ---p 00000000 00:00 0 
7f2c48000000-7f2c4804d000 rw-p 00000000 00:00 0 
7f2c4804d000-7f2c4c000000 ---p 00000000 00:00 0 
7f2c4c000000-7f2c4c021000 rw-p 00000000 00:00 0 
7f2c4c021000-7f2c50000000 ---p 00000000 00:00 0 
7f2c50000000-7f2c50021000 rw-p 00000000 00:00 0 
7f2c50021000-7f2c54000000 ---p 00000000 00:00 0 
7f2c55c00000-7f2c55cf0000 rw-p 00000000 00:00 0 
7f2c55cf0000-7f2c55d00000 ---p 00000000 00:00 0 
7f2c55d00000-7f2c55d90000 rw-p 00000000 00:00 0 
7f2c55d90000-7f2c56400000 ---p 00000000 00:00 0 
7f2c56553000-7f2c56557000 ---p 00000000 00:00 0 
7f2c56557000-7f2c56654000 rw-p 00000000 00:00 0 
7f2c56654000-7f2c56658000 ---p 00000000 00:00 0 
7f2c56658000-7f2c56755000 rw-p 00000000 00:00 0 
7f2c56755000-7f2c5675d000 r--p 00000000 fd:01 20841526                   /home/petitpenguin/Documents/Github/signal-cli/libhecate_jni.so
7f2c5675d000-7f2c567ba000 r-xp 00008000 fd:01 20841526                   /home/petitpenguin/Documents/Github/signal-cli/libhecate_jni.so
7f2c567ba000-7f2c567e1000 r--p 00065000 fd:01 20841526                   /home/petitpenguin/Documents/Github/signal-cli/libhecate_jni.so
7f2c567e1000-7f2c567e6000 r--p 0008b000 fd:01 20841526                   /home/petitpenguin/Documents/Github/signal-cli/libhecate_jni.so
7f2c567e6000-7f2c567e7000 rw-p 00090000 fd:01 20841526                   /home/petitpenguin/Documents/Github/signal-cli/libhecate_jni.so
7f2c567e7000-7f2c567eb000 ---p 00000000 00:00 0 
7f2c567eb000-7f2c568e8000 rw-p 00000000 00:00 0 
7f2c568e8000-7f2c568ec000 ---p 00000000 00:00 0 
7f2c568ec000-7f2c569e9000 rw-p 00000000 00:00 0 
7f2c569e9000-7f2c569ed000 ---p 00000000 00:00 0 
7f2c569ed000-7f2c56aea000 rw-p 00000000 00:00 0 
7f2c56aea000-7f2c56aee000 ---p 00000000 00:00 0 
7f2c56aee000-7f2c56beb000 rw-p 00000000 00:00 0 
7f2c56beb000-7f2c56bef000 ---p 00000000 00:00 0 
7f2c56bef000-7f2c56cec000 rw-p 00000000 00:00 0 
7f2c56cec000-7f2c56cf0000 ---p 00000000 00:00 0 
7f2c56cf0000-7f2c56ded000 rw-p 00000000 00:00 0 
7f2c56ded000-7f2c56df1000 ---p 00000000 00:00 0 
7f2c56df1000-7f2c56eee000 rw-p 00000000 00:00 0 
7f2c56eee000-7f2c56ef2000 ---p 00000000 00:00 0 
7f2c56ef2000-7f2c56fef000 rw-p 00000000 00:00 0 
7f2c56fef000-7f2c56ff3000 ---p 00000000 00:00 0 
7f2c56ff3000-7f2c570f0000 rw-p 00000000 00:00 0 
7f2c570f0000-7f2c570f4000 ---p 00000000 00:00 0 
7f2c570f4000-7f2c571f1000 rw-p 00000000 00:00 0 
7f2c571f1000-7f2c571f5000 ---p 00000000 00:00 0 
7f2c571f5000-7f2c572f2000 rw-p 00000000 00:00 0 
7f2c572f2000-7f2c572f6000 ---p 00000000 00:00 0 
7f2c572f6000-7f2c573f3000 rw-p 00000000 00:00 0 
7f2c573f3000-7f2c573f7000 ---p 00000000 00:00 0 
7f2c573f7000-7f2c574f4000 rw-p 00000000 00:00 0 
7f2c574f4000-7f2c574f8000 ---p 00000000 00:00 0 
7f2c574f8000-7f2c575f5000 rw-p 00000000 00:00 0 
7f2c575f5000-7f2c575f9000 ---p 00000000 00:00 0 
7f2c575f9000-7f2c576f6000 rw-p 00000000 00:00 0 
7f2c576f6000-7f2c576fa000 ---p 00000000 00:00 0 
7f2c576fa000-7f2c577f7000 rw-p 00000000 00:00 0 
7f2c577f7000-7f2c577fb000 ---p 00000000 00:00 0 
7f2c577fb000-7f2c578f8000 rw-p 00000000 00:00 0 
7f2c578f8000-7f2c578f9000 ---p 00000000 00:00 0 
7f2c578f9000-7f2c579fa000 rw-p 00000000 00:00 0 
7f2c579fa000-7f2c579fe000 ---p 00000000 00:00 0 
7f2c579fe000-7f2c57afb000 rw-p 00000000 00:00 0 
7f2c57afb000-7f2c57aff000 ---p 00000000 00:00 0 
7f2c57aff000-7f2c57bfc000 rw-p 00000000 00:00 0 
7f2c57bfc000-7f2c57c00000 ---p 00000000 00:00 0 
7f2c57c00000-7f2c57cfd000 rw-p 00000000 00:00 0 
7f2c57cfd000-7f2c57d01000 ---p 00000000 00:00 0 
7f2c57d01000-7f2c57dfe000 rw-p 00000000 00:00 0 
7f2c57dfe000-7f2c57e02000 ---p 00000000 00:00 0 
7f2c57e02000-7f2c57eff000 rw-p 00000000 00:00 0 
7f2c57eff000-7f2c57f03000 ---p 00000000 00:00 0 
7f2c57f03000-7f2c58000000 rw-p 00000000 00:00 0 
7f2c58000000-7f2c58021000 rw-p 00000000 00:00 0 
7f2c58021000-7f2c5c000000 ---p 00000000 00:00 0 
7f2c5c000000-7f2c5c22a000 rw-p 00000000 00:00 0 
7f2c5c22a000-7f2c60000000 ---p 00000000 00:00 0 
7f2c60000000-7f2c60021000 rw-p 00000000 00:00 0 
7f2c60021000-7f2c64000000 ---p 00000000 00:00 0 
7f2c64000000-7f2c64021000 rw-p 00000000 00:00 0 
7f2c64021000-7f2c68000000 ---p 00000000 00:00 0 
7f2c68000000-7f2c68021000 rw-p 00000000 00:00 0 
7f2c68021000-7f2c6c000000 ---p 00000000 00:00 0 
7f2c6c000000-7f2c6c021000 rw-p 00000000 00:00 0 
7f2c6c021000-7f2c70000000 ---p 00000000 00:00 0 
7f2c70000000-7f2c70021000 rw-p 00000000 00:00 0 
7f2c70021000-7f2c74000000 ---p 00000000 00:00 0 
7f2c74000000-7f2c74021000 rw-p 00000000 00:00 0 
7f2c74021000-7f2c78000000 ---p 00000000 00:00 0 
7f2c78000000-7f2c782ff000 rw-p 00000000 00:00 0 
7f2c782ff000-7f2c7c000000 ---p 00000000 00:00 0 
7f2c7c000000-7f2c7c021000 rw-p 00000000 00:00 0 
7f2c7c021000-7f2c80000000 ---p 00000000 00:00 0 
7f2c80000000-7f2c80021000 rw-p 00000000 00:00 0 
7f2c80021000-7f2c84000000 ---p 00000000 00:00 0 
7f2c84000000-7f2c84602000 rw-p 00000000 00:00 0 
7f2c84602000-7f2c88000000 ---p 00000000 00:00 0 
7f2c88000000-7f2c88021000 rw-p 00000000 00:00 0 
7f2c88021000-7f2c8c000000 ---p 00000000 00:00 0 
7f2c8c000000-7f2c8c021000 rw-p 00000000 00:00 0 
7f2c8c021000-7f2c90000000 ---p 00000000 00:00 0 
7f2c90000000-7f2c906c1000 rw-p 00000000 00:00 0 
7f2c906c1000-7f2c94000000 ---p 00000000 00:00 0 
7f2c94000000-7f2c94021000 rw-p 00000000 00:00 0 
7f2c94021000-7f2c98000000 ---p 00000000 00:00 0 
7f2c98000000-7f2c98021000 rw-p 00000000 00:00 0 
7f2c98021000-7f2c9c000000 ---p 00000000 00:00 0 
7f2c9c000000-7f2c9d8cb000 rw-p 00000000 00:00 0 
7f2c9d8cb000-7f2ca0000000 ---p 00000000 00:00 0 
7f2ca0000000-7f2ca0021000 rw-p 00000000 00:00 0 
7f2ca0021000-7f2ca4000000 ---p 00000000 00:00 0 
7f2ca4000000-7f2ca4021000 rw-p 00000000 00:00 0 
7f2ca4021000-7f2ca8000000 ---p 00000000 00:00 0 
7f2ca8000000-7f2ca8021000 rw-p 00000000 00:00 0 
7f2ca8021000-7f2cac000000 ---p 00000000 00:00 0 
7f2cac000000-7f2cac021000 rw-p 00000000 00:00 0 
7f2cac021000-7f2cb0000000 ---p 00000000 00:00 0 
7f2cb0000000-7f2cb0021000 rw-p 00000000 00:00 0 
7f2cb0021000-7f2cb4000000 ---p 00000000 00:00 0 
7f2cb4000000-7f2cb4021000 rw-p 00000000 00:00 0 
7f2cb4021000-7f2cb8000000 ---p 00000000 00:00 0 
7f2cb8000000-7f2cb8021000 rw-p 00000000 00:00 0 
7f2cb8021000-7f2cbc000000 ---p 00000000 00:00 0 
7f2cbc000000-7f2cbc080000 rw-p 00000000 00:00 0 
7f2cbc080000-7f2cbc100000 rw-p 00000000 00:00 0 
7f2cbc100000-7f2cbc300000 rw-p 00000000 00:00 0 
7f2cbc300000-7f2cbc400000 rw-p 00000000 00:00 0 
7f2cbc400000-7f2cbc800000 rw-p 00000000 00:00 0 
7f2cbc800000-7f2cbc980000 rw-p 00000000 00:00 0 
7f2cbc980000-7f2cbca00000 rw-p 00000000 00:00 0 
7f2cbca00000-7f2cbcb40000 rw-p 00000000 00:00 0 
7f2cbcb40000-7f2cbcb80000 rw-p 00000000 00:00 0 
7f2cbcb80000-7f2cbcf00000 rw-p 00000000 00:00 0 
7f2cbcf00000-7f2cbd000000 rw-p 00000000 00:00 0 
7f2cbd078000-7f2cbd079000 ---p 00000000 00:00 0 
7f2cbd079000-7f2cbd17a000 rw-p 00000000 00:00 0 
7f2cbd17a000-7f2cbd17b000 ---p 00000000 00:00 0 
7f2cbd17b000-7f2cbd27c000 rw-p 00000000 00:00 0 
7f2cbd27c000-7f2cbd2ab000 r--p 00000000 fd:01 29631468                   /tmp/resource1946600029313690633.so (deleted)
7f2cbd2ab000-7f2cbd448000 r-xp 0002f000 fd:01 29631468                   /tmp/resource1946600029313690633.so (deleted)
7f2cbd448000-7f2cbd4d7000 r--p 001cc000 fd:01 29631468                   /tmp/resource1946600029313690633.so (deleted)
7f2cbd4d7000-7f2cbd4ed000 r--p 0025a000 fd:01 29631468                   /tmp/resource1946600029313690633.so (deleted)
7f2cbd4ed000-7f2cbd4ee000 rw-p 00270000 fd:01 29631468                   /tmp/resource1946600029313690633.so (deleted)
7f2cbd4ee000-7f2cbd4ef000 ---p 00000000 00:00 0 
7f2cbd4ef000-7f2cbd5f0000 rw-p 00000000 00:00 0 
7f2cbd5f0000-7f2cbd5f1000 ---p 00000000 00:00 0 
7f2cbd5f1000-7f2cbd6f2000 rw-p 00000000 00:00 0 
7f2cbd6f2000-7f2cbd6f3000 ---p 00000000 00:00 0 
7f2cbd6f3000-7f2cbd7f4000 rw-p 00000000 00:00 0 
7f2cbd7f4000-7f2cbd7f5000 ---p 00000000 00:00 0 
7f2cbd7f5000-7f2cbd8f6000 rw-p 00000000 00:00 0 
7f2cbd8f6000-7f2cbd8f7000 ---p 00000000 00:00 0 
7f2cbd8f7000-7f2cbd9f8000 rw-p 00000000 00:00 0 
7f2cbd9f8000-7f2cbd9f9000 ---p 00000000 00:00 0 
7f2cbd9f9000-7f2cbdafa000 rw-p 00000000 00:00 0 
7f2cbdafa000-7f2cbdafe000 ---p 00000000 00:00 0 
7f2cbdafe000-7f2cbdbfb000 rw-p 00000000 00:00 0 
7f2cbdbfb000-7f2cbdbff000 ---p 00000000 00:00 0 
7f2cbdbff000-7f2cbdcfc000 rw-p 00000000 00:00 0 
7f2cbdcfc000-7f2cbdd00000 ---p 00000000 00:00 0 
7f2cbdd00000-7f2cbddfd000 rw-p 00000000 00:00 0 
7f2cbddfd000-7f2cbddfe000 ---p 00000000 00:00 0 
7f2cbddfe000-7f2cbdeff000 rw-p 00000000 00:00 0 
7f2cbdeff000-7f2cbdf03000 ---p 00000000 00:00 0 
7f2cbdf03000-7f2cc0000000 rw-p 00000000 00:00 0 
7f2cc0000000-7f2cc0021000 rw-p 00000000 00:00 0 
7f2cc0021000-7f2cc4000000 ---p 00000000 00:00 0 
7f2cc4000000-7f2cc4021000 rw-p 00000000 00:00 0 
7f2cc4021000-7f2cc8000000 ---p 00000000 00:00 0 
7f2cc8000000-7f2cc8021000 rw-p 00000000 00:00 0 
7f2cc8021000-7f2ccc000000 ---p 00000000 00:00 0 
7f2ccc081000-7f2ccc083000 r--p 00000000 fd:01 10490057                   /lib/x86_64-linux-gnu/libnss_dns-2.31.so
7f2ccc083000-7f2ccc087000 r-xp 00002000 fd:01 10490057                   /lib/x86_64-linux-gnu/libnss_dns-2.31.so
7f2ccc087000-7f2ccc088000 r--p 00006000 fd:01 10490057                   /lib/x86_64-linux-gnu/libnss_dns-2.31.so
7f2ccc088000-7f2ccc089000 r--p 00006000 fd:01 10490057                   /lib/x86_64-linux-gnu/libnss_dns-2.31.so
7f2ccc089000-7f2ccc08a000 rw-p 00007000 fd:01 10490057                   /lib/x86_64-linux-gnu/libnss_dns-2.31.so
7f2ccc08a000-7f2ccc08e000 ---p 00000000 00:00 0 
7f2ccc08e000-7f2ccc18b000 rw-p 00000000 00:00 0 
7f2ccc18b000-7f2ccc18f000 ---p 00000000 00:00 0 
7f2ccc18f000-7f2ccc28c000 rw-p 00000000 00:00 0 
7f2ccc28c000-7f2ccc290000 ---p 00000000 00:00 0 
7f2ccc290000-7f2ccc38d000 rw-p 00000000 00:00 0 
7f2ccc38d000-7f2ccc391000 ---p 00000000 00:00 0 
7f2ccc391000-7f2ccc48e000 rw-p 00000000 00:00 0 
7f2ccc48e000-7f2ccc492000 ---p 00000000 00:00 0 
7f2ccc492000-7f2ccc58f000 rw-p 00000000 00:00 0 
7f2ccc58f000-7f2ccc593000 ---p 00000000 00:00 0 
7f2ccc593000-7f2ccc690000 rw-p 00000000 00:00 0 
7f2ccc690000-7f2cccc00000 r--p 00000000 fd:01 25954668                   /usr/lib/locale/locale-archive
7f2cccc00000-7f2ccd000000 rw-p 00000000 00:00 0 
7f2ccd000000-7f2ccd400000 rw-p 00000000 00:00 0 
7f2ccd403000-7f2ccd407000 r--p 00000000 fd:01 10490087                   /lib/x86_64-linux-gnu/libresolv-2.31.so
7f2ccd407000-7f2ccd417000 r-xp 00004000 fd:01 10490087                   /lib/x86_64-linux-gnu/libresolv-2.31.so
7f2ccd417000-7f2ccd41a000 r--p 00014000 fd:01 10490087                   /lib/x86_64-linux-gnu/libresolv-2.31.so
7f2ccd41a000-7f2ccd41b000 ---p 00017000 fd:01 10490087                   /lib/x86_64-linux-gnu/libresolv-2.31.so
7f2ccd41b000-7f2ccd41c000 r--p 00017000 fd:01 10490087                   /lib/x86_64-linux-gnu/libresolv-2.31.so
7f2ccd41c000-7f2ccd41d000 rw-p 00018000 fd:01 10490087                   /lib/x86_64-linux-gnu/libresolv-2.31.so
7f2ccd41d000-7f2ccd41f000 rw-p 00000000 00:00 0 
7f2ccd41f000-7f2ccd423000 ---p 00000000 00:00 0 
7f2ccd423000-7f2ccd441000 rw-p 00000000 00:00 0 
7f2ccd441000-7f2ccd445000 ---p 00000000 00:00 0 
7f2ccd445000-7f2ccd542000 rw-p 00000000 00:00 0 
7f2ccd542000-7f2ccd546000 ---p 00000000 00:00 0 
7f2ccd546000-7f2ccd72b000 rw-p 00000000 00:00 0 
7f2ccd72b000-7f2ccd9f3000 ---p 00000000 00:00 0 
7f2ccd9f3000-7f2ccda03000 rw-p 00000000 00:00 0 
7f2ccda03000-7f2ccda1b000 ---p 00000000 00:00 0 
7f2ccda1b000-7f2ccda23000 rw-p 00000000 00:00 0 
7f2ccda23000-7f2cd13c3000 ---p 00000000 00:00 0 
7f2cd13c3000-7f2cd14bb000 rw-p 00000000 00:00 0 
7f2cd14bb000-7f2cd1783000 ---p 00000000 00:00 0 
7f2cd1783000-7f2cd1793000 rw-p 00000000 00:00 0 
7f2cd1793000-7f2cd17ab000 ---p 00000000 00:00 0 
7f2cd17ab000-7f2cd17b3000 rw-p 00000000 00:00 0 
7f2cd17b3000-7f2cd5153000 ---p 00000000 00:00 0 
7f2cd5153000-7f2cd5163000 rw-p 00000000 00:00 0 
7f2cd5163000-7f2cd53d3000 rwxp 00000000 00:00 0 
7f2cd53d3000-7f2cd56f5000 ---p 00000000 00:00 0 
7f2cd56f5000-7f2cd6135000 rwxp 00000000 00:00 0 
7f2cd6135000-7f2cdcc2c000 ---p 00000000 00:00 0 
7f2cdcc2c000-7f2cdcedc000 rwxp 00000000 00:00 0 
7f2cdcedc000-7f2ce4163000 ---p 00000000 00:00 0 
7f2ce4163000-7f2cec000000 r--s 00000000 fd:01 2362780                    /usr/lib/jvm/java-17-openjdk-amd64/lib/modules
7f2cec000000-7f2cec9e4000 rw-p 00000000 00:00 0 
7f2cec9e4000-7f2cf0000000 ---p 00000000 00:00 0 
7f2cf000a000-7f2cf0011000 r--s 00000000 fd:01 26216571                   /usr/lib/x86_64-linux-gnu/gconv/gconv-modules.cache
7f2cf0011000-7f2cf0012000 r--p 00000000 fd:01 2362757                    /usr/lib/jvm/java-17-openjdk-amd64/lib/libjaas.so
7f2cf0012000-7f2cf0013000 r-xp 00001000 fd:01 2362757                    /usr/lib/jvm/java-17-openjdk-amd64/lib/libjaas.so
7f2cf0013000-7f2cf0014000 r--p 00002000 fd:01 2362757                    /usr/lib/jvm/java-17-openjdk-amd64/lib/libjaas.so
7f2cf0014000-7f2cf0015000 r--p 00002000 fd:01 2362757                    /usr/lib/jvm/java-17-openjdk-amd64/lib/libjaas.so
7f2cf0015000-7f2cf0016000 rw-p 00003000 fd:01 2362757                    /usr/lib/jvm/java-17-openjdk-amd64/lib/libjaas.so
7f2cf0016000-7f2cf0017000 r--p 00000000 fd:01 2362751                    /usr/lib/jvm/java-17-openjdk-amd64/lib/libextnet.so
7f2cf0017000-7f2cf0018000 r-xp 00001000 fd:01 2362751                    /usr/lib/jvm/java-17-openjdk-amd64/lib/libextnet.so
7f2cf0018000-7f2cf0019000 r--p 00002000 fd:01 2362751                    /usr/lib/jvm/java-17-openjdk-amd64/lib/libextnet.so
7f2cf0019000-7f2cf001a000 r--p 00002000 fd:01 2362751                    /usr/lib/jvm/java-17-openjdk-amd64/lib/libextnet.so
7f2cf001a000-7f2cf001b000 rw-p 00003000 fd:01 2362751                    /usr/lib/jvm/java-17-openjdk-amd64/lib/libextnet.so
7f2cf001b000-7f2cf001f000 r--p 00000000 fd:01 2362778                    /usr/lib/jvm/java-17-openjdk-amd64/lib/libverify.so
7f2cf001f000-7f2cf0026000 r-xp 00004000 fd:01 2362778                    /usr/lib/jvm/java-17-openjdk-amd64/lib/libverify.so
7f2cf0026000-7f2cf0028000 r--p 0000b000 fd:01 2362778                    /usr/lib/jvm/java-17-openjdk-amd64/lib/libverify.so
7f2cf0028000-7f2cf0029000 ---p 0000d000 fd:01 2362778                    /usr/lib/jvm/java-17-openjdk-amd64/lib/libverify.so
7f2cf0029000-7f2cf002b000 r--p 0000d000 fd:01 2362778                    /usr/lib/jvm/java-17-openjdk-amd64/lib/libverify.so
7f2cf002b000-7f2cf002c000 rw-p 0000f000 fd:01 2362778                    /usr/lib/jvm/java-17-openjdk-amd64/lib/libverify.so
7f2cf002c000-7f2cf005d000 rw-p 00000000 00:00 0 
7f2cf005d000-7f2cf0061000 r--p 00000000 fd:01 2362770                    /usr/lib/jvm/java-17-openjdk-amd64/lib/libnet.so
7f2cf0061000-7f2cf006f000 r-xp 00004000 fd:01 2362770                    /usr/lib/jvm/java-17-openjdk-amd64/lib/libnet.so
7f2cf006f000-7f2cf0073000 r--p 00012000 fd:01 2362770                    /usr/lib/jvm/java-17-openjdk-amd64/lib/libnet.so
7f2cf0073000-7f2cf0074000 r--p 00015000 fd:01 2362770                    /usr/lib/jvm/java-17-openjdk-amd64/lib/libnet.so
7f2cf0074000-7f2cf0075000 rw-p 00016000 fd:01 2362770                    /usr/lib/jvm/java-17-openjdk-amd64/lib/libnet.so
7f2cf0075000-7f2cf007b000 r--p 00000000 fd:01 2362771                    /usr/lib/jvm/java-17-openjdk-amd64/lib/libnio.so
7f2cf007b000-7f2cf0084000 r-xp 00006000 fd:01 2362771                    /usr/lib/jvm/java-17-openjdk-amd64/lib/libnio.so
7f2cf0084000-7f2cf0088000 r--p 0000f000 fd:01 2362771                    /usr/lib/jvm/java-17-openjdk-amd64/lib/libnio.so
7f2cf0088000-7f2cf0089000 ---p 00013000 fd:01 2362771                    /usr/lib/jvm/java-17-openjdk-amd64/lib/libnio.so
7f2cf0089000-7f2cf008a000 r--p 00013000 fd:01 2362771                    /usr/lib/jvm/java-17-openjdk-amd64/lib/libnio.so
7f2cf008a000-7f2cf008b000 rw-p 00014000 fd:01 2362771                    /usr/lib/jvm/java-17-openjdk-amd64/lib/libnio.so
7f2cf008b000-7f2cf008c000 ---p 00000000 00:00 0 
7f2cf008c000-7f2cf018d000 rw-p 00000000 00:00 0 
7f2cf018d000-7f2cf0191000 r--p 00000000 fd:01 2362776                    /usr/lib/jvm/java-17-openjdk-amd64/lib/libsvml.so
7f2cf0191000-7f2cf01d2000 r-xp 00004000 fd:01 2362776                    /usr/lib/jvm/java-17-openjdk-amd64/lib/libsvml.so
7f2cf01d2000-7f2cf025b000 r--p 00045000 fd:01 2362776                    /usr/lib/jvm/java-17-openjdk-amd64/lib/libsvml.so
7f2cf025b000-7f2cf025c000 r--p 000cd000 fd:01 2362776                    /usr/lib/jvm/java-17-openjdk-amd64/lib/libsvml.so
7f2cf025c000-7f2cf025d000 rw-p 000ce000 fd:01 2362776                    /usr/lib/jvm/java-17-openjdk-amd64/lib/libsvml.so
7f2cf025d000-7f2cf037a000 rw-p 00000000 00:00 0 
7f2cf037a000-7f2cf037b000 ---p 00000000 00:00 0 
7f2cf037b000-7f2cf047c000 rw-p 00000000 00:00 0 
7f2cf047c000-7f2cf047d000 ---p 00000000 00:00 0 
7f2cf047d000-7f2cf0d86000 rw-p 00000000 00:00 0 
7f2cf0d86000-7f2cf0d87000 ---p 00000000 00:00 0 
7f2cf0d87000-7f2cf0e88000 rw-p 00000000 00:00 0 
7f2cf0e88000-7f2cf0e89000 ---p 00000000 00:00 0 
7f2cf0e89000-7f2cf0f8a000 rw-p 00000000 00:00 0 
7f2cf0f8a000-7f2cf0f8b000 ---p 00000000 00:00 0 
7f2cf0f8b000-7f2cf1129000 rw-p 00000000 00:00 0 
7f2cf1129000-7f2cf1182000 ---p 00000000 00:00 0 
7f2cf1182000-7f2cf1184000 rw-p 00000000 00:00 0 
7f2cf1184000-7f2cf1187000 ---p 00000000 00:00 0 
7f2cf1187000-7f2cf1188000 rw-p 00000000 00:00 0 
7f2cf1188000-7f2cf18bc000 ---p 00000000 00:00 0 
7f2cf18bc000-7f2cf18db000 rw-p 00000000 00:00 0 
7f2cf18db000-7f2cf1934000 ---p 00000000 00:00 0 
7f2cf1934000-7f2cf1936000 rw-p 00000000 00:00 0 
7f2cf1936000-7f2cf1939000 ---p 00000000 00:00 0 
7f2cf1939000-7f2cf193a000 rw-p 00000000 00:00 0 
7f2cf193a000-7f2cf206e000 ---p 00000000 00:00 0 
7f2cf206e000-7f2cf208d000 rw-p 00000000 00:00 0 
7f2cf208d000-7f2cf20e6000 ---p 00000000 00:00 0 
7f2cf20e6000-7f2cf20e8000 rw-p 00000000 00:00 0 
7f2cf20e8000-7f2cf20eb000 ---p 00000000 00:00 0 
7f2cf20eb000-7f2cf20ec000 rw-p 00000000 00:00 0 
7f2cf20ec000-7f2cf2820000 ---p 00000000 00:00 0 
7f2cf2820000-7f2cf3030000 rw-p 00000000 00:00 0 
7f2cf3030000-7f2cf3115000 ---p 00000000 00:00 0 
7f2cf3115000-7f2cf312a000 rw-p 00000000 00:00 0 
7f2cf312a000-7f2cf3200000 ---p 00000000 00:00 0 
7f2cf3200000-7f2cf3205000 rw-p 00000000 00:00 0 
7f2cf3205000-7f2cf320c000 ---p 00000000 00:00 0 
7f2cf320c000-7f2cf3218000 r--p 00000000 fd:01 2362758                    /usr/lib/jvm/java-17-openjdk-amd64/lib/libjava.so
7f2cf3218000-7f2cf322b000 r-xp 0000c000 fd:01 2362758                    /usr/lib/jvm/java-17-openjdk-amd64/lib/libjava.so
7f2cf322b000-7f2cf3231000 r--p 0001f000 fd:01 2362758                    /usr/lib/jvm/java-17-openjdk-amd64/lib/libjava.so
7f2cf3231000-7f2cf3232000 ---p 00025000 fd:01 2362758                    /usr/lib/jvm/java-17-openjdk-amd64/lib/libjava.so
7f2cf3232000-7f2cf3233000 r--p 00025000 fd:01 2362758                    /usr/lib/jvm/java-17-openjdk-amd64/lib/libjava.so
7f2cf3233000-7f2cf3234000 rw-p 00026000 fd:01 2362758                    /usr/lib/jvm/java-17-openjdk-amd64/lib/libjava.so
7f2cf3234000-7f2cf3235000 rw-p 00000000 00:00 0 
7f2cf3235000-7f2cf3238000 r--p 00000000 fd:01 10490061                   /lib/x86_64-linux-gnu/libnss_files-2.31.so
7f2cf3238000-7f2cf323f000 r-xp 00003000 fd:01 10490061                   /lib/x86_64-linux-gnu/libnss_files-2.31.so
7f2cf323f000-7f2cf3241000 r--p 0000a000 fd:01 10490061                   /lib/x86_64-linux-gnu/libnss_files-2.31.so
7f2cf3241000-7f2cf3242000 r--p 0000b000 fd:01 10490061                   /lib/x86_64-linux-gnu/libnss_files-2.31.so
7f2cf3242000-7f2cf3243000 rw-p 0000c000 fd:01 10490061                   /lib/x86_64-linux-gnu/libnss_files-2.31.so
7f2cf3243000-7f2cf3249000 rw-p 00000000 00:00 0 
7f2cf3249000-7f2cf324e000 r--p 00000000 fd:01 10487220                   /lib/x86_64-linux-gnu/libnsl-2.31.so
7f2cf324e000-7f2cf325e000 r-xp 00005000 fd:01 10487220                   /lib/x86_64-linux-gnu/libnsl-2.31.so
7f2cf325e000-7f2cf3262000 r--p 00015000 fd:01 10487220                   /lib/x86_64-linux-gnu/libnsl-2.31.so
7f2cf3262000-7f2cf3263000 r--p 00018000 fd:01 10487220                   /lib/x86_64-linux-gnu/libnsl-2.31.so
7f2cf3263000-7f2cf3264000 rw-p 00019000 fd:01 10487220                   /lib/x86_64-linux-gnu/libnsl-2.31.so
7f2cf3264000-7f2cf3266000 rw-p 00000000 00:00 0 
7f2cf3266000-7f2cf3269000 r--p 00000000 fd:01 10490069                   /lib/x86_64-linux-gnu/libnss_nis-2.31.so
7f2cf3269000-7f2cf3271000 r-xp 00003000 fd:01 10490069                   /lib/x86_64-linux-gnu/libnss_nis-2.31.so
7f2cf3271000-7f2cf3273000 r--p 0000b000 fd:01 10490069                   /lib/x86_64-linux-gnu/libnss_nis-2.31.so
7f2cf3273000-7f2cf3274000 r--p 0000c000 fd:01 10490069                   /lib/x86_64-linux-gnu/libnss_nis-2.31.so
7f2cf3274000-7f2cf3275000 rw-p 0000d000 fd:01 10490069                   /lib/x86_64-linux-gnu/libnss_nis-2.31.so
7f2cf3277000-7f2cf3278000 r--p 00000000 fd:01 10485970                   /lib/x86_64-linux-gnu/libnss_mdns4_minimal.so.2
7f2cf3278000-7f2cf327a000 r-xp 00001000 fd:01 10485970                   /lib/x86_64-linux-gnu/libnss_mdns4_minimal.so.2
7f2cf327a000-7f2cf327b000 r--p 00003000 fd:01 10485970                   /lib/x86_64-linux-gnu/libnss_mdns4_minimal.so.2
7f2cf327b000-7f2cf327c000 r--p 00003000 fd:01 10485970                   /lib/x86_64-linux-gnu/libnss_mdns4_minimal.so.2
7f2cf327c000-7f2cf327d000 rw-p 00004000 fd:01 10485970                   /lib/x86_64-linux-gnu/libnss_mdns4_minimal.so.2
7f2cf327d000-7f2cf327f000 r--p 00000000 fd:01 2362779                    /usr/lib/jvm/java-17-openjdk-amd64/lib/libzip.so
7f2cf327f000-7f2cf3284000 r-xp 00002000 fd:01 2362779                    /usr/lib/jvm/java-17-openjdk-amd64/lib/libzip.so
7f2cf3284000-7f2cf3286000 r--p 00007000 fd:01 2362779                    /usr/lib/jvm/java-17-openjdk-amd64/lib/libzip.so
7f2cf3286000-7f2cf3287000 r--p 00008000 fd:01 2362779                    /usr/lib/jvm/java-17-openjdk-amd64/lib/libzip.so
7f2cf3287000-7f2cf3288000 rw-p 00009000 fd:01 2362779                    /usr/lib/jvm/java-17-openjdk-amd64/lib/libzip.so
7f2cf3288000-7f2cf3290000 rw-s 00000000 fd:01 29631454                   /tmp/hsperfdata_petitpenguin/113256 (deleted)
7f2cf3290000-7f2cf3294000 ---p 00000000 00:00 0 
7f2cf3294000-7f2cf3391000 rw-p 00000000 00:00 0 
7f2cf3391000-7f2cf3394000 r--p 00000000 fd:01 10486117                   /lib/x86_64-linux-gnu/libgcc_s.so.1
7f2cf3394000-7f2cf33a6000 r-xp 00003000 fd:01 10486117                   /lib/x86_64-linux-gnu/libgcc_s.so.1
7f2cf33a6000-7f2cf33aa000 r--p 00015000 fd:01 10486117                   /lib/x86_64-linux-gnu/libgcc_s.so.1
7f2cf33aa000-7f2cf33ab000 r--p 00018000 fd:01 10486117                   /lib/x86_64-linux-gnu/libgcc_s.so.1
7f2cf33ab000-7f2cf33ac000 rw-p 00019000 fd:01 10486117                   /lib/x86_64-linux-gnu/libgcc_s.so.1
7f2cf33ac000-7f2cf33bb000 r--p 00000000 fd:01 10487187                   /lib/x86_64-linux-gnu/libm-2.31.so
7f2cf33bb000-7f2cf3462000 r-xp 0000f000 fd:01 10487187                   /lib/x86_64-linux-gnu/libm-2.31.so
7f2cf3462000-7f2cf34f9000 r--p 000b6000 fd:01 10487187                   /lib/x86_64-linux-gnu/libm-2.31.so
7f2cf34f9000-7f2cf34fa000 r--p 0014c000 fd:01 10487187                   /lib/x86_64-linux-gnu/libm-2.31.so
7f2cf34fa000-7f2cf34fb000 rw-p 0014d000 fd:01 10487187                   /lib/x86_64-linux-gnu/libm-2.31.so
7f2cf34fb000-7f2cf3591000 r--p 00000000 fd:01 25953343                   /usr/lib/x86_64-linux-gnu/libstdc++.so.6.0.28
7f2cf3591000-7f2cf3682000 r-xp 00096000 fd:01 25953343                   /usr/lib/x86_64-linux-gnu/libstdc++.so.6.0.28
7f2cf3682000-7f2cf36cb000 r--p 00187000 fd:01 25953343                   /usr/lib/x86_64-linux-gnu/libstdc++.so.6.0.28
7f2cf36cb000-7f2cf36cc000 ---p 001d0000 fd:01 25953343                   /usr/lib/x86_64-linux-gnu/libstdc++.so.6.0.28
7f2cf36cc000-7f2cf36d7000 r--p 001d0000 fd:01 25953343                   /usr/lib/x86_64-linux-gnu/libstdc++.so.6.0.28
7f2cf36d7000-7f2cf36da000 rw-p 001db000 fd:01 25953343                   /usr/lib/x86_64-linux-gnu/libstdc++.so.6.0.28
7f2cf36da000-7f2cf36dd000 rw-p 00000000 00:00 0 
7f2cf36dd000-7f2cf392c000 r--p 00000000 fd:01 2493106                    /usr/lib/jvm/java-17-openjdk-amd64/lib/server/libjvm.so
7f2cf392c000-7f2cf46b2000 r-xp 0024f000 fd:01 2493106                    /usr/lib/jvm/java-17-openjdk-amd64/lib/server/libjvm.so
7f2cf46b2000-7f2cf4937000 r--p 00fd5000 fd:01 2493106                    /usr/lib/jvm/java-17-openjdk-amd64/lib/server/libjvm.so
7f2cf4937000-7f2cf49ef000 r--p 01259000 fd:01 2493106                    /usr/lib/jvm/java-17-openjdk-amd64/lib/server/libjvm.so
7f2cf49ef000-7f2cf4a23000 rw-p 01311000 fd:01 2493106                    /usr/lib/jvm/java-17-openjdk-amd64/lib/server/libjvm.so
7f2cf4a23000-7f2cf4a7f000 rw-p 00000000 00:00 0 
7f2cf4a7f000-7f2cf4a86000 r--p 00000000 fd:01 10490083                   /lib/x86_64-linux-gnu/libpthread-2.31.so
7f2cf4a86000-7f2cf4a97000 r-xp 00007000 fd:01 10490083                   /lib/x86_64-linux-gnu/libpthread-2.31.so
7f2cf4a97000-7f2cf4a9c000 r--p 00018000 fd:01 10490083                   /lib/x86_64-linux-gnu/libpthread-2.31.so
7f2cf4a9c000-7f2cf4a9d000 r--p 0001c000 fd:01 10490083                   /lib/x86_64-linux-gnu/libpthread-2.31.so
7f2cf4a9d000-7f2cf4a9e000 rw-p 0001d000 fd:01 10490083                   /lib/x86_64-linux-gnu/libpthread-2.31.so
7f2cf4a9e000-7f2cf4aa2000 rw-p 00000000 00:00 0 
7f2cf4aa2000-7f2cf4aa3000 r--p 00000000 fd:01 10485875                   /lib/x86_64-linux-gnu/libdl-2.31.so
7f2cf4aa3000-7f2cf4aa5000 r-xp 00001000 fd:01 10485875                   /lib/x86_64-linux-gnu/libdl-2.31.so
7f2cf4aa5000-7f2cf4aa6000 r--p 00003000 fd:01 10485875                   /lib/x86_64-linux-gnu/libdl-2.31.so
7f2cf4aa6000-7f2cf4aa7000 r--p 00003000 fd:01 10485875                   /lib/x86_64-linux-gnu/libdl-2.31.so
7f2cf4aa7000-7f2cf4aa8000 rw-p 00004000 fd:01 10485875                   /lib/x86_64-linux-gnu/libdl-2.31.so
7f2cf4aa8000-7f2cf4aaa000 r--p 00000000 fd:01 10485954                   /lib/x86_64-linux-gnu/libz.so.1.2.11
7f2cf4aaa000-7f2cf4abb000 r-xp 00002000 fd:01 10485954                   /lib/x86_64-linux-gnu/libz.so.1.2.11
7f2cf4abb000-7f2cf4ac1000 r--p 00013000 fd:01 10485954                   /lib/x86_64-linux-gnu/libz.so.1.2.11
7f2cf4ac1000-7f2cf4ac2000 ---p 00019000 fd:01 10485954                   /lib/x86_64-linux-gnu/libz.so.1.2.11
7f2cf4ac2000-7f2cf4ac3000 r--p 00019000 fd:01 10485954                   /lib/x86_64-linux-gnu/libz.so.1.2.11
7f2cf4ac3000-7f2cf4ac4000 rw-p 0001a000 fd:01 10485954                   /lib/x86_64-linux-gnu/libz.so.1.2.11
7f2cf4ac4000-7f2cf4ae9000 r--p 00000000 fd:01 10485847                   /lib/x86_64-linux-gnu/libc-2.31.so
7f2cf4ae9000-7f2cf4c61000 r-xp 00025000 fd:01 10485847                   /lib/x86_64-linux-gnu/libc-2.31.so
7f2cf4c61000-7f2cf4cab000 r--p 0019d000 fd:01 10485847                   /lib/x86_64-linux-gnu/libc-2.31.so
7f2cf4cab000-7f2cf4cac000 ---p 001e7000 fd:01 10485847                   /lib/x86_64-linux-gnu/libc-2.31.so
7f2cf4cac000-7f2cf4caf000 r--p 001e7000 fd:01 10485847                   /lib/x86_64-linux-gnu/libc-2.31.so
7f2cf4caf000-7f2cf4cb2000 rw-p 001ea000 fd:01 10485847                   /lib/x86_64-linux-gnu/libc-2.31.so
7f2cf4cb2000-7f2cf4cb6000 rw-p 00000000 00:00 0 
7f2cf4cb8000-7f2cf4cba000 r--s 0000c000 fd:01 26346540                   /usr/share/java/java-atk-wrapper.jar
7f2cf4cba000-7f2cf4cbc000 r--p 00000000 fd:01 10490049                   /lib/x86_64-linux-gnu/libnss_compat-2.31.so
7f2cf4cbc000-7f2cf4cc3000 r-xp 00002000 fd:01 10490049                   /lib/x86_64-linux-gnu/libnss_compat-2.31.so
7f2cf4cc3000-7f2cf4cc4000 r--p 00009000 fd:01 10490049                   /lib/x86_64-linux-gnu/libnss_compat-2.31.so
7f2cf4cc4000-7f2cf4cc5000 r--p 00009000 fd:01 10490049                   /lib/x86_64-linux-gnu/libnss_compat-2.31.so
7f2cf4cc5000-7f2cf4cc6000 rw-p 0000a000 fd:01 10490049                   /lib/x86_64-linux-gnu/libnss_compat-2.31.so
7f2cf4cc6000-7f2cf4cc7000 ---p 00000000 00:00 0 
7f2cf4cc7000-7f2cf4cc8000 r--p 00000000 00:00 0 
7f2cf4cc8000-7f2cf4cca000 r--p 00000000 fd:01 2362761                    /usr/lib/jvm/java-17-openjdk-amd64/lib/libjimage.so
7f2cf4cca000-7f2cf4ccd000 r-xp 00002000 fd:01 2362761                    /usr/lib/jvm/java-17-openjdk-amd64/lib/libjimage.so
7f2cf4ccd000-7f2cf4cce000 r--p 00005000 fd:01 2362761                    /usr/lib/jvm/java-17-openjdk-amd64/lib/libjimage.so
7f2cf4cce000-7f2cf4ccf000 ---p 00006000 fd:01 2362761                    /usr/lib/jvm/java-17-openjdk-amd64/lib/libjimage.so
7f2cf4ccf000-7f2cf4cd0000 r--p 00006000 fd:01 2362761                    /usr/lib/jvm/java-17-openjdk-amd64/lib/libjimage.so
7f2cf4cd0000-7f2cf4cd1000 rw-p 00007000 fd:01 2362761                    /usr/lib/jvm/java-17-openjdk-amd64/lib/libjimage.so
7f2cf4cd1000-7f2cf4cd3000 r--p 00000000 fd:01 2362762                    /usr/lib/jvm/java-17-openjdk-amd64/lib/libjli.so
7f2cf4cd3000-7f2cf4cdd000 r-xp 00002000 fd:01 2362762                    /usr/lib/jvm/java-17-openjdk-amd64/lib/libjli.so
7f2cf4cdd000-7f2cf4ce0000 r--p 0000c000 fd:01 2362762                    /usr/lib/jvm/java-17-openjdk-amd64/lib/libjli.so
7f2cf4ce0000-7f2cf4ce1000 ---p 0000f000 fd:01 2362762                    /usr/lib/jvm/java-17-openjdk-amd64/lib/libjli.so
7f2cf4ce1000-7f2cf4ce2000 r--p 0000f000 fd:01 2362762                    /usr/lib/jvm/java-17-openjdk-amd64/lib/libjli.so
7f2cf4ce2000-7f2cf4ce3000 rw-p 00010000 fd:01 2362762                    /usr/lib/jvm/java-17-openjdk-amd64/lib/libjli.so
7f2cf4ce3000-7f2cf4ce5000 rw-p 00000000 00:00 0 
7f2cf4ce5000-7f2cf4ce6000 r--p 00000000 fd:01 10485810                   /lib/x86_64-linux-gnu/ld-2.31.so
7f2cf4ce6000-7f2cf4d09000 r-xp 00001000 fd:01 10485810                   /lib/x86_64-linux-gnu/ld-2.31.so
7f2cf4d09000-7f2cf4d11000 r--p 00024000 fd:01 10485810                   /lib/x86_64-linux-gnu/ld-2.31.so
7f2cf4d11000-7f2cf4d12000 ---p 00000000 00:00 0 
7f2cf4d12000-7f2cf4d13000 r--p 0002c000 fd:01 10485810                   /lib/x86_64-linux-gnu/ld-2.31.so
7f2cf4d13000-7f2cf4d14000 rw-p 0002d000 fd:01 10485810                   /lib/x86_64-linux-gnu/ld-2.31.so
7f2cf4d14000-7f2cf4d15000 rw-p 00000000 00:00 0 
7ffd27199000-7ffd271bb000 rw-p 00000000 00:00 0                          [stack]
7ffd271c4000-7ffd271c7000 r--p 00000000 00:00 0                          [vvar]
7ffd271c7000-7ffd271c8000 r-xp 00000000 00:00 0                          [vdso]
ffffffffff600000-ffffffffff601000 --xp 00000000 00:00 0                  [vsyscall]


VM Arguments:
jvm_args: -Dfile.encoding=UTF-8 -Duser.country=US -Duser.language=en -Duser.variant 
java_command: org.asamk.signal.Main -u +16174190472 daemon
java_class_path (initial): /home/petitpenguin/Documents/Github/signal-cli/build/classes/java/main:/home/petitpenguin/Documents/Github/signal-cli/build/resources/main:/home/petitpenguin/Documents/Github/signal-cli/lib/build/libs/lib.jar:/home/petitpenguin/Documents/Github/signal-cli/lib/signal-client-java-0.12.0.jar:/home/petitpenguin/.gradle/caches/modules-2/files-2.1/org.bouncycastle/bcprov-jdk15on/1.70/4636a0d01f74acaf28082fb62b317f1080118371/bcprov-jdk15on-1.70.jar:/home/petitpenguin/.gradle/caches/modules-2/files-2.1/com.fasterxml.jackson.core/jackson-annotations/2.13.1/1cbcbe4623113e6af92ccaa89884a345270f1a87/jackson-annotations-2.13.1.jar:/home/petitpenguin/.gradle/caches/modules-2/files-2.1/com.fasterxml.jackson.core/jackson-core/2.13.1/51ae921a2ed1e06ca8876f12f32f265e83c0b2b8/jackson-core-2.13.1.jar:/home/petitpenguin/.gradle/caches/modules-2/files-2.1/com.github.turasa/signal-service-java/2.15.3_unofficial_38/eb18ee9bf2b2a58322fe9f47a57cdf8e89797a42/signal-service-java-2.15.3_unofficial_38.jar:/home/petitpenguin/.gradle/caches/modules-2/files-2.1/com.fasterxml.jackson.core/jackson-databind/2.13.1/698b2d2b15d9a1b7aae025f1d9f576842285e7f6/jackson-databind-2.13.1.jar:/home/petitpenguin/.gradle/caches/modules-2/files-2.1/net.sourceforge.argparse4j/argparse4j/0.9.0/485aaa44f9bfdc787da898828cdc71d6577a86d/argparse4j-0.9.0.jar:/home/petitpenguin/.gradle/caches/modules-2/files-2.1/com.github.hypfvieh/dbus-java-transport-native-unixsocket/4.0.0/9bc6e99ce09fd96034e91929bdc587f4d737fc0d/dbus-java-transport-native-unixsocket-4.0.0.jar:/home/petitpenguin/.gradle/caches/modules-2/files-2.1/org.slf4j/slf4j-simple/1.7.32/321ffafb5123a91a71737dbff38ebe273e771e5b/slf4j-simple-1.7.32.jar:/home/petitpenguin/.gradle/caches/modules-2/files-2.1/org.slf4j/jul-to-slf4j/1.7.32/8a055c04ab44e8e8326901cadf89080721348bdb/jul-to-slf4j-1.7.32.jar:/home/petitpenguin/.gradle/caches/modules-2/files-2.1/com.github.hypfvieh/dbus-java-core/4.0.0/1d5468f46d1a97980dcc8c2f2355a2a5450cadba/dbus-j
Launcher Type: SUN_STANDARD

[Global flags]
     intx CICompilerCount                          = 4                                         {product} {ergonomic}
     uint ConcGCThreads                            = 2                                         {product} {ergonomic}
     uint G1ConcRefinementThreads                  = 8                                         {product} {ergonomic}
   size_t G1HeapRegionSize                         = 2097152                                   {product} {ergonomic}
    uintx GCDrainStackTargetSize                   = 64                                        {product} {ergonomic}
   size_t InitialHeapSize                          = 260046848                                 {product} {ergonomic}
   size_t MarkStackSize                            = 4194304                                   {product} {ergonomic}
   size_t MaxHeapSize                              = 4131389440                                {product} {ergonomic}
   size_t MaxNewSize                               = 2478833664                                {product} {ergonomic}
   size_t MinHeapDeltaBytes                        = 2097152                                   {product} {ergonomic}
   size_t MinHeapSize                              = 8388608                                   {product} {ergonomic}
    uintx NonNMethodCodeHeapSize                   = 5839372                                {pd product} {ergonomic}
    uintx NonProfiledCodeHeapSize                  = 122909434                              {pd product} {ergonomic}
    uintx ProfiledCodeHeapSize                     = 122909434                              {pd product} {ergonomic}
    uintx ReservedCodeCacheSize                    = 251658240                              {pd product} {ergonomic}
     bool SegmentedCodeCache                       = true                                      {product} {ergonomic}
   size_t SoftMaxHeapSize                          = 4131389440                             {manageable} {ergonomic}
     bool UseCompressedClassPointers               = true                           {product lp64_product} {ergonomic}
     bool UseCompressedOops                        = true                           {product lp64_product} {ergonomic}
     bool UseG1GC                                  = true                                      {product} {ergonomic}

Logging:
Log output configuration:
 #0: 
[error occurred during error reporting (printing log configuration), id 0xb, SIGSEGV (0xb) at pc=0x00007f2cf4177e06]

Environment Variables:
PATH=/home/petitpenguin/.nvm/versions/node/v14.16.0/bin:/home/petitpenguin/.cargo/bin:/opt/gradle/gradle-7.3.3/bin:/home/petitpenguin/.cargo/bin:/home/petitpenguin/.local/bin:/usr/local/sbin:/usr/local/bin:/usr/sbin:/usr/bin:/sbin:/bin:/usr/games:/usr/local/games:/snap/bin
USERNAME=petitpenguin
LD_LIBRARY_PATH=.
SHELL=/bin/bash
DISPLAY=:0
LANG=en_US.UTF-8

Signal Handlers:
   SIGSEGV: 0x00007f2cf4630070 in libjvm.so+16068720, mask=11100100010111111101111111111110, flags=SA_RESTART|SA_SIGINFO
    SIGBUS: 0x00007f2cf4630070 in libjvm.so+16068720, mask=11100100010111111101111111111110, flags=SA_RESTART|SA_SIGINFO
    SIGFPE: 0x00007f2cf4630070 in libjvm.so+16068720, mask=11100100010111111101111111111110, flags=SA_RESTART|SA_SIGINFO
   SIGPIPE: 0x00007f2cf44d2d90 in libjvm.so+14638480, mask=11100100010111111101111111111110, flags=SA_RESTART|SA_SIGINFO
  *** Handler was modified!
  *** Expected: 0x00007f2cec0042e0, mask=00001011000100000000000000101101, flags=SA_RESTART|SA_SIGINFO
   SIGXFSZ: 0x00007f2cf44d2d90 in libjvm.so+14638480, mask=11100100010111111101111111111110, flags=SA_RESTART|SA_SIGINFO
  *** Handler was modified!
  *** Expected: 0x00007f2cec186b20, mask=00000001000000000000000000110111, flags=SA_RESTART|SA_SIGINFO
    SIGILL: 0x00007f2cf4630070 in libjvm.so+16068720, mask=11100100010111111101111111111110, flags=SA_RESTART|SA_SIGINFO
   SIGUSR2: 0x00007f2cf44d2420 in libjvm.so+14636064, mask=00100000000000000000000000000000, flags=SA_RESTART|SA_SIGINFO
  *** Handler was modified!
  *** Expected: 0x00007f2cec0043f0, mask=00001011000100000000000000101101, flags=SA_RESTART|SA_SIGINFO
    SIGHUP: 0x00007f2cf44d2360 in libjvm.so+14635872, mask=11100100010111111101111111111110, flags=SA_RESTART|SA_SIGINFO
    SIGINT: 0x00007f2cf44d2360 in libjvm.so+14635872, mask=11100100010111111101111111111110, flags=SA_RESTART|SA_SIGINFO
   SIGTERM: 0x00007f2cf44d2360 in libjvm.so+14635872, mask=11100100010111111101111111111110, flags=SA_RESTART|SA_SIGINFO
   SIGQUIT: 0x00007f2cf44d2360 in libjvm.so+14635872, mask=11100100010111111101111111111110, flags=SA_RESTART|SA_SIGINFO
   SIGTRAP: 0x00007f2cf4630070 in libjvm.so+16068720, mask=11100100010111111101111111111110, flags=SA_RESTART|SA_SIGINFO


---------------  S Y S T E M  ---------------

OS:
DISTRIB_ID=Ubuntu
DISTRIB_RELEASE=20.04
DISTRIB_CODENAME=focal
DISTRIB_DESCRIPTION="Ubuntu 20.04.3 LTS"
uname: Linux 5.4.0-96-generic #109-Ubuntu SMP Wed Jan 12 16:49:16 UTC 2022 x86_64
OS uptime: 0 days 8:44 hours
libc: glibc 2.31 NPTL 2.31 
rlimit (soft/hard): STACK 8192k/infinity , CORE 0k/infinity , NPROC 62654/62654 , NOFILE 1048576/1048576 , AS infinity/infinity , CPU infinity/infinity , DATA infinity/infinity , FSIZE infinity/infinity , MEMLOCK 65536k/65536k
load average: 2.33 2.40 2.33

/proc/meminfo:
MemTotal:       16133248 kB
MemFree:         1389116 kB
MemAvailable:    6284828 kB
Buffers:          800124 kB
Cached:          4670216 kB
SwapCached:          344 kB
Active:         11252392 kB
Inactive:        2557536 kB
Active(anon):    8173888 kB
Inactive(anon):   804344 kB
Active(file):    3078504 kB
Inactive(file):  1753192 kB
Unevictable:       43496 kB
Mlocked:             136 kB
SwapTotal:       1003516 kB
SwapFree:         997628 kB
Dirty:             36732 kB
Writeback:             0 kB
AnonPages:       8382760 kB
Mapped:          1033416 kB
Shmem:            638648 kB
KReclaimable:     408304 kB
Slab:             673876 kB
SReclaimable:     408304 kB
SUnreclaim:       265572 kB
KernelStack:       38960 kB
PageTables:        71992 kB
NFS_Unstable:          0 kB
Bounce:                0 kB
WritebackTmp:          0 kB
CommitLimit:     9070140 kB
Committed_AS:   21199884 kB
VmallocTotal:   34359738367 kB
VmallocUsed:       70316 kB
VmallocChunk:          0 kB
Percpu:             8832 kB
HardwareCorrupted:     0 kB
AnonHugePages:         0 kB
ShmemHugePages:        0 kB
ShmemPmdMapped:        0 kB
FileHugePages:         0 kB
FilePmdMapped:         0 kB
CmaTotal:              0 kB
CmaFree:               0 kB
HugePages_Total:       0
HugePages_Free:        0
HugePages_Rsvd:        0
HugePages_Surp:        0
Hugepagesize:       2048 kB
Hugetlb:               0 kB
DirectMap4k:      596692 kB
DirectMap2M:    15919104 kB
DirectMap1G:           0 kB

/sys/kernel/mm/transparent_hugepage/enabled: always [madvise] never
/sys/kernel/mm/transparent_hugepage/defrag (defrag/compaction efforts parameter): always defer defer+madvise [madvise] never

Process Memory:
Virtual Size: 9403408K (peak: 9460724K)
Resident Set Size: 210924K (peak: 213588K) (anon: 178592K, file: 32332K, shmem: 0K)
Swapped out: 0K
C-Heap outstanding allocations: 20602K

/proc/sys/kernel/threads-max (system-wide limit on the number of threads): 125308
/proc/sys/vm/max_map_count (maximum number of memory map areas a process may have): 65530
/proc/sys/kernel/pid_max (system-wide limit on number of process identifiers): 4194304

container (cgroup) information:
container_type: cgroupv1
cpu_cpuset_cpus: 0-7
cpu_memory_nodes: 0
active_processor_count: 8
cpu_quota: no quota
cpu_period: 100000
cpu_shares: no shares
memory_limit_in_bytes: unlimited
memory_and_swap_limit_in_bytes: not supported
memory_soft_limit_in_bytes: unlimited
memory_usage_in_bytes: 11938406400
memory_max_usage_in_bytes: 13189398528

Steal ticks since vm start: 0
Steal ticks percentage since vm start:  0.000

CPU: total 8 (initial active 8) (4 cores per cpu, 2 threads per core) family 6 model 142 stepping 10 microcode 0xea, cx8, cmov, fxsr, ht, mmx, 3dnowpref, sse, sse2, sse3, ssse3, sse4.1, sse4.2, popcnt, lzcnt, tsc, tscinvbit, avx, avx2, aes, erms, clmul, bmi1, bmi2, rtm, adx, fma, vzeroupper, clflush, clflushopt
CPU Model and flags from /proc/cpuinfo:
model name	: Intel(R) Core(TM) i7-8650U CPU @ 1.90GHz
flags		: fpu vme de pse tsc msr pae mce cx8 apic sep mtrr pge mca cmov pat pse36 clflush dts acpi mmx fxsr sse sse2 ss ht tm pbe syscall nx pdpe1gb rdtscp lm constant_tsc art arch_perfmon pebs bts rep_good nopl xtopology nonstop_tsc cpuid aperfmperf pni pclmulqdq dtes64 monitor ds_cpl vmx smx est tm2 ssse3 sdbg fma cx16 xtpr pdcm pcid sse4_1 sse4_2 x2apic movbe popcnt tsc_deadline_timer aes xsave avx f16c rdrand lahf_lm abm 3dnowprefetch cpuid_fault epb invpcid_single pti ssbd ibrs ibpb stibp tpr_shadow vnmi flexpriority ept vpid ept_ad fsgsbase tsc_adjust bmi1 hle avx2 smep bmi2 erms invpcid rtm mpx rdseed adx smap clflushopt intel_pt xsaveopt xsavec xgetbv1 xsaves dtherm ida arat pln pts hwp hwp_notify hwp_act_window hwp_epp md_clear flush_l1d

Online cpus: 0-7
Offline cpus: 
BIOS frequency limitation: <Not Available>
Frequency switch latency (ns): 0
Available cpu frequencies: <Not Available>
Current governor: powersave
Core performance/turbo boost: <Not Available>

Memory: 4k page, physical 16133248k(1389116k free), swap 1003516k(997628k free)
Page Sizes: 4k

vm_info: OpenJDK 64-Bit Server VM (17.0.1+12-Ubuntu-120.04) for linux-amd64 JRE (17.0.1+12-Ubuntu-120.04), built on Oct 29 2021 11:12:19 by "unknown" with gcc 9.3.0

END.
