#
# A fatal error has been detected by the Java Runtime Environment:
#
#  SIGSEGV (0xb) at pc=0x000000000000a200, pid=95710, tid=95719
#
# JRE version: OpenJDK Runtime Environment (17.0.1+12) (build 17.0.1+12-Ubuntu-120.04)
# Java VM: OpenJDK 64-Bit Server VM (17.0.1+12-Ubuntu-120.04, mixed mode, sharing, tiered, compressed oops, compressed class ptrs, g1 gc, linux-amd64)
# Problematic frame:
# C  0x000000000000a200
#
# Core dump will be written. Default location: Core dumps may be processed with "/usr/share/apport/apport %p %s %c %d %P %E" (or dumping to /home/petitpenguin/Documents/Github/signal-cli/core.95710)
#
# If you would like to submit a bug report, please visit:
#   Unknown
#

---------------  S U M M A R Y ------------

Command Line: -Dfile.encoding=UTF-8 -Duser.country=US -Duser.language=en -Duser.variant org.asamk.signal.Main -u +16174190472 daemon

Host: Intel(R) Core(TM) i7-8650U CPU @ 1.90GHz, 8 cores, 15G, Ubuntu 20.04.3 LTS
Time: Sun Jan 23 23:28:28 2022 EST elapsed time: 122.653853 seconds (0d 0h 2m 2s)

---------------  T H R E A D  ---------------

Current thread (0x00007fecc8159bb0):  VMThread "VM Thread" [stack: 0x00007fec99d2e000,0x00007fec99e2e000] [id=95719]

Stack: [0x00007fec99d2e000,0x00007fec99e2e000],  sp=0x00007fec99e2c738,  free space=1017k
Native frames: (J=compiled Java code, j=interpreted, Vv=VM code, C=native code)
C  0x000000000000a200


siginfo: si_signo: 11 (SIGSEGV), si_code: 1 (SEGV_MAPERR), si_addr: 0x000000000000a200

Register to memory mapping:

RAX=0x0 is NULL
RBX=0x00007feccf3d7060: _rtld_global+0x0000000000000000 in /lib64/ld-linux-x86-64.so.2 at 0x00007feccf3a9000
RCX=0x0 is NULL
RDX=0x0000000000000001 is an unknown value
RSP=0x00007fec99e2c738 points into unknown readable memory: 0x00007feccf3baf5b | 5b af 3b cf ec 7f 00 00
RBP=0x00007fec99e2c880 points into unknown readable memory: 0x000000000000008f | 8f 00 00 00 00 00 00 00
RSI=
[error occurred during error reporting (printing register info), id 0xb, SIGSEGV (0xb) at pc=0x00007feccf2ea54e]

Registers:
RAX=0x0000000000000000, RBX=0x00007feccf3d7060, RCX=0x0000000000000000, RDX=0x0000000000000001
RSP=0x00007fec99e2c738, RBP=0x00007fec99e2c880, RSI=0x00007fec50fe1950, RDI=0x00007feca8017008
R8 =0x0000000000000000, R9 =0x00007fec99e2c688, R10=0x000000000000001c, R11=0x0000000000000001
R12=0x0000000000000000, R13=0x00007fec99e2c7f8, R14=0x00007fec50fe1950, R15=0x00007fec3c297fb0
RIP=0x000000000000a200, EFLAGS=0x0000000000010202, CSGSFS=0x002b000000000033, ERR=0x0000000000000014
  TRAPNO=0x000000000000000e

Top of Stack: (sp=0x00007fec99e2c738)
0x00007fec99e2c738:   00007feccf3baf5b 00007feccf3d8190
0x00007fec99e2c748:   00007feccf3d8740 00007feccf3a70b0
0x00007fec99e2c758:   00007fecc80021d0 00007fecc8012c10
0x00007fec99e2c768:   00007fecc8013310 00007fecc8014240 

Instructions: (pc=0x000000000000a200)
0x000000000000a100:   ?? ?? ?? ?? ?? ?? ?? ?? ?? ?? ?? ?? ?? ?? ?? ??
0x000000000000a110:   ?? ?? ?? ?? ?? ?? ?? ?? ?? ?? ?? ?? ?? ?? ?? ??
0x000000000000a120:   ?? ?? ?? ?? ?? ?? ?? ?? ?? ?? ?? ?? ?? ?? ?? ??
0x000000000000a130:   ?? ?? ?? ?? ?? ?? ?? ?? ?? ?? ?? ?? ?? ?? ?? ??
0x000000000000a140:   ?? ?? ?? ?? ?? ?? ?? ?? ?? ?? ?? ?? ?? ?? ?? ??
0x000000000000a150:   ?? ?? ?? ?? ?? ?? ?? ?? ?? ?? ?? ?? ?? ?? ?? ??
0x000000000000a160:   ?? ?? ?? ?? ?? ?? ?? ?? ?? ?? ?? ?? ?? ?? ?? ??
0x000000000000a170:   ?? ?? ?? ?? ?? ?? ?? ?? ?? ?? ?? ?? ?? ?? ?? ??
0x000000000000a180:   ?? ?? ?? ?? ?? ?? ?? ?? ?? ?? ?? ?? ?? ?? ?? ??
0x000000000000a190:   ?? ?? ?? ?? ?? ?? ?? ?? ?? ?? ?? ?? ?? ?? ?? ??
0x000000000000a1a0:   ?? ?? ?? ?? ?? ?? ?? ?? ?? ?? ?? ?? ?? ?? ?? ??
0x000000000000a1b0:   ?? ?? ?? ?? ?? ?? ?? ?? ?? ?? ?? ?? ?? ?? ?? ??
0x000000000000a1c0:   ?? ?? ?? ?? ?? ?? ?? ?? ?? ?? ?? ?? ?? ?? ?? ??
0x000000000000a1d0:   ?? ?? ?? ?? ?? ?? ?? ?? ?? ?? ?? ?? ?? ?? ?? ??
0x000000000000a1e0:   ?? ?? ?? ?? ?? ?? ?? ?? ?? ?? ?? ?? ?? ?? ?? ??
0x000000000000a1f0:   ?? ?? ?? ?? ?? ?? ?? ?? ?? ?? ?? ?? ?? ?? ?? ??
0x000000000000a200:   ?? ?? ?? ?? ?? ?? ?? ?? ?? ?? ?? ?? ?? ?? ?? ??
0x000000000000a210:   ?? ?? ?? ?? ?? ?? ?? ?? ?? ?? ?? ?? ?? ?? ?? ??
0x000000000000a220:   ?? ?? ?? ?? ?? ?? ?? ?? ?? ?? ?? ?? ?? ?? ?? ??
0x000000000000a230:   ?? ?? ?? ?? ?? ?? ?? ?? ?? ?? ?? ?? ?? ?? ?? ??
0x000000000000a240:   ?? ?? ?? ?? ?? ?? ?? ?? ?? ?? ?? ?? ?? ?? ?? ??
0x000000000000a250:   ?? ?? ?? ?? ?? ?? ?? ?? ?? ?? ?? ?? ?? ?? ?? ??
0x000000000000a260:   ?? ?? ?? ?? ?? ?? ?? ?? ?? ?? ?? ?? ?? ?? ?? ??
0x000000000000a270:   ?? ?? ?? ?? ?? ?? ?? ?? ?? ?? ?? ?? ?? ?? ?? ??
0x000000000000a280:   ?? ?? ?? ?? ?? ?? ?? ?? ?? ?? ?? ?? ?? ?? ?? ??
0x000000000000a290:   ?? ?? ?? ?? ?? ?? ?? ?? ?? ?? ?? ?? ?? ?? ?? ??
0x000000000000a2a0:   ?? ?? ?? ?? ?? ?? ?? ?? ?? ?? ?? ?? ?? ?? ?? ??
0x000000000000a2b0:   ?? ?? ?? ?? ?? ?? ?? ?? ?? ?? ?? ?? ?? ?? ?? ??
0x000000000000a2c0:   ?? ?? ?? ?? ?? ?? ?? ?? ?? ?? ?? ?? ?? ?? ?? ??
0x000000000000a2d0:   ?? ?? ?? ?? ?? ?? ?? ?? ?? ?? ?? ?? ?? ?? ?? ??
0x000000000000a2e0:   ?? ?? ?? ?? ?? ?? ?? ?? ?? ?? ?? ?? ?? ?? ?? ??
0x000000000000a2f0:   ?? ?? ?? ?? ?? ?? ?? ?? ?? ?? ?? ?? ?? ?? ?? ?? 


Stack slot to memory mapping:
stack at sp + 0 slots: 0x00007feccf3baf5b: <offset 0x0000000000011f5b> in /lib64/ld-linux-x86-64.so.2 at 0x00007feccf3a9000
stack at sp + 1 slots: 0x00007feccf3d8190 points into unknown readable memory: 0x0000562f6029c000 | 00 c0 29 60 2f 56 00 00
stack at sp + 2 slots: 0x00007feccf3d8740 points into unknown readable memory: 0x00007fffc61f8000 | 00 80 1f c6 ff 7f 00 00
stack at sp + 3 slots: 0x00007feccf3a70b0 points into unknown readable memory: 0x00007feccf395000 | 00 50 39 cf ec 7f 00 00
stack at sp + 4 slots: 0x00007fecc80021d0 points into unknown readable memory: 0x00007feccf38c000 | 00 c0 38 cf ec 7f 00 00
stack at sp + 5 slots: 0x00007fecc8012c10 points into unknown readable memory: 0x00007feccf37e000 | 00 e0 37 cf ec 7f 00 00
stack at sp + 6 slots: 0x00007fecc8013310 points into unknown readable memory: 0x00007feccd92a000 | 00 a0 92 cd ec 7f 00 00
stack at sp + 7 slots: 0x00007fecc8014240 points into unknown readable memory: 0x00007feccd90d000 | 00 d0 90 cd ec 7f 00 00

VM_Operation (0x00007fec519ef770): Exit, mode: safepoint, requested by thread 0x00007fec7c001690


---------------  P R O C E S S  ---------------

Threads class SMR info:
_java_thread_list=0x00007febd4002ba0, length=34, elements={
0x00007fecc8015080, 0x00007fecc815dad0, 0x00007fecc815eeb0, 0x00007fecc8163fc0,
0x00007fecc8165370, 0x00007fecc8166780, 0x00007fecc8168130, 0x00007fecc8169660,
0x00007fecc8172ac0, 0x00007fecc817a730, 0x00007fecc817d550, 0x00007fecc892b190,
0x00007fecc892bca0, 0x00007fec2c000e60, 0x00007fecc894ce40, 0x00007fecc896f060,
0x00007fec3c012380, 0x00007fec3c01a5f0, 0x00007fec3c051bf0, 0x00007fec3c053fa0,
0x00007fec14001970, 0x00007fec08001190, 0x00007fec3c0551c0, 0x00007fecc89a6580,
0x00007fec040028f0, 0x00007fec3c05c4d0, 0x00007fec3c05d220, 0x00007febe8000e60,
0x00007fecc89afd80, 0x00007fec3c0648b0, 0x00007febf8002280, 0x00007febf80035c0,
0x00007fec0c001700, 0x00007fec7c001690
}

Java Threads: ( => current thread )
  0x00007fecc8015080 JavaThread "main" [_thread_blocked, id=95713, stack(0x00007feccd954000,0x00007feccda55000)]
  0x00007fecc815dad0 JavaThread "Reference Handler" daemon [_thread_blocked, id=95720, stack(0x00007fec99c2b000,0x00007fec99d2c000)]
  0x00007fecc815eeb0 JavaThread "Finalizer" daemon [_thread_blocked, id=95721, stack(0x00007fec992ff000,0x00007fec99400000)]
  0x00007fecc8163fc0 JavaThread "Signal Dispatcher" daemon [_thread_blocked, id=95722, stack(0x00007fec98c8e000,0x00007fec98d8f000)]
  0x00007fecc8165370 JavaThread "Service Thread" daemon [_thread_blocked, id=95723, stack(0x00007fec98b8d000,0x00007fec98c8e000)]
  0x00007fecc8166780 JavaThread "Monitor Deflation Thread" daemon [_thread_blocked, id=95724, stack(0x00007fec98a8c000,0x00007fec98b8d000)]
  0x00007fecc8168130 JavaThread "C2 CompilerThread0" daemon [_thread_blocked, id=95725, stack(0x00007fec9898b000,0x00007fec98a8c000)]
  0x00007fecc8169660 JavaThread "C1 CompilerThread0" daemon [_thread_blocked, id=95726, stack(0x00007fec9888a000,0x00007fec9898b000)]
  0x00007fecc8172ac0 JavaThread "Sweeper thread" daemon [_thread_blocked, id=95727, stack(0x00007fec98789000,0x00007fec9888a000)]
  0x00007fecc817a730 JavaThread "Notification Thread" daemon [_thread_blocked, id=95728, stack(0x00007fec98688000,0x00007fec98789000)]
  0x00007fecc817d550 JavaThread "Common-Cleaner" daemon [_thread_blocked, id=95730, stack(0x00007fec98485000,0x00007fec98586000)]
  0x00007fecc892b190 JavaThread "OkHttp TaskRunner" daemon [_thread_blocked, id=95746, stack(0x00007fec526ff000,0x00007fec52800000)]
  0x00007fecc892bca0 JavaThread "OkHttp TaskRunner" daemon [_thread_blocked, id=95747, stack(0x00007fec525fe000,0x00007fec526ff000)]
  0x00007fec2c000e60 JavaThread "OkHttp TaskRunner" daemon [_thread_blocked, id=95749, stack(0x00007fec523fc000,0x00007fec524fd000)]
  0x00007fecc894ce40 JavaThread "Okio Watchdog" daemon [_thread_blocked, id=95750, stack(0x00007fec522fb000,0x00007fec523fc000)]
  0x00007fecc896f060 JavaThread "Thread-0" [_thread_blocked, id=95752, stack(0x00007fec98353000,0x00007fec98454000)]
  0x00007fec3c012380 JavaThread "RxSchedulerPurge-1" daemon [_thread_blocked, id=95754, stack(0x00007fec98252000,0x00007fec98353000)]
  0x00007fec3c01a5f0 JavaThread "RxCachedWorkerPoolEvictor-1" daemon [_thread_blocked, id=95755, stack(0x00007fec520f8000,0x00007fec521f9000)]
  0x00007fec3c051bf0 JavaThread "RxComputationThreadPool-1" daemon [_thread_blocked, id=95757, stack(0x00007fec51ef6000,0x00007fec51ff7000)]
  0x00007fec3c053fa0 JavaThread "RxComputationThreadPool-2" daemon [_thread_blocked, id=95758, stack(0x00007fec51df5000,0x00007fec51ef6000)]
  0x00007fec14001970 JavaThread "RxComputationThreadPool-5" daemon [_thread_blocked, id=95759, stack(0x00007fec51cf4000,0x00007fec51df5000)]
  0x00007fec08001190 JavaThread "RxComputationThreadPool-3" daemon [_thread_blocked, id=95760, stack(0x00007fec51bf3000,0x00007fec51cf4000)]
  0x00007fec3c0551c0 JavaThread "RxComputationThreadPool-4" daemon [_thread_blocked, id=95761, stack(0x00007fec51af2000,0x00007fec51bf3000)]
  0x00007fecc89a6580 JavaThread "DBusConnection" daemon [_thread_in_native, id=95762, stack(0x00007fec519f1000,0x00007fec51af2000)]
  0x00007fec040028f0 JavaThread "RxComputationThreadPool-6" daemon [_thread_blocked, id=95764, stack(0x00007fec517ef000,0x00007fec518f0000)]
  0x00007fec3c05c4d0 JavaThread "OkHttp https://chat.signal.org/..." [_thread_in_native, id=95765, stack(0x00007fec516ee000,0x00007fec517ef000)]
  0x00007fec3c05d220 JavaThread "RxComputationThreadPool-7" daemon [_thread_blocked, id=95766, stack(0x00007fec515ed000,0x00007fec516ee000)]
  0x00007febe8000e60 JavaThread "RxComputationThreadPool-8" daemon [_thread_blocked, id=95767, stack(0x00007fec514ec000,0x00007fec515ed000)]
  0x00007fecc89afd80 JavaThread "DBus Sender Thread-1" [_thread_blocked, id=95768, stack(0x00007fec513eb000,0x00007fec514ec000)]
  0x00007fec3c0648b0 JavaThread "OkHttp https://chat.signal.org/..." [_thread_in_native, id=95769, stack(0x00007fec512ea000,0x00007fec513eb000)]
  0x00007febf8002280 JavaThread "DBus Worker Thread-1" [_thread_blocked, id=95770, stack(0x00007fec511e9000,0x00007fec512ea000)]
  0x00007febf80035c0 JavaThread "DBus Worker Thread-2" [_thread_blocked, id=95772, stack(0x00007fec510e8000,0x00007fec511e9000)]
  0x00007fec0c001700 JavaThread "Thread-3" daemon [_thread_blocked, id=95773, stack(0x00007fec50fe7000,0x00007fec510e8000)]
  0x00007fec7c001690 JavaThread "SIGTERM handler" daemon [_thread_blocked, id=96886, stack(0x00007fec518f0000,0x00007fec519f1000)]

Other Threads:
=>0x00007fecc8159bb0 VMThread "VM Thread" [stack: 0x00007fec99d2e000,0x00007fec99e2e000] [id=95719]
  0x00007fecc8064430 GCTaskThread "GC Thread#0" [stack: 0x00007feccc5b4000,0x00007feccc6b4000] [id=95714]
  0x00007fec90005db0 GCTaskThread "GC Thread#1" [stack: 0x00007fec98152000,0x00007fec98252000] [id=95734]
  0x00007fec900067e0 GCTaskThread "GC Thread#2" [stack: 0x00007fec98050000,0x00007fec98150000] [id=95735]
  0x00007fec90007210 GCTaskThread "GC Thread#3" [stack: 0x00007fec53f00000,0x00007fec54000000] [id=95736]
  0x00007fec90008030 GCTaskThread "GC Thread#4" [stack: 0x00007fec53dfe000,0x00007fec53efe000] [id=95737]
  0x00007fec90008e50 GCTaskThread "GC Thread#5" [stack: 0x00007fec53cfc000,0x00007fec53dfc000] [id=95738]
  0x00007fec9000f9c0 GCTaskThread "GC Thread#6" [stack: 0x00007fec53988000,0x00007fec53a88000] [id=95742]
  0x00007fec9000fea0 GCTaskThread "GC Thread#7" [stack: 0x00007fec53886000,0x00007fec53986000] [id=95743]
  0x00007fecc8075070 ConcurrentGCThread "G1 Main Marker" terminated
  0x00007fecc8075fd0 ConcurrentGCThread "G1 Conc#0" [stack: 0x00007feccc3b0000,0x00007feccc4b0000] [id=95716]
  0x00007fec9c000d20 ConcurrentGCThread "G1 Conc#1" [stack: 0x00007fec521fb000,0x00007fec522fb000] [id=95753]
  0x00007fecc8129960 ConcurrentGCThread "G1 Refine#0" terminated
  0x00007fecc812a850 ConcurrentGCThread "G1 Service" terminated

Threads with active compile tasks:

VM state: at safepoint (shutting down)

VM Mutex/Monitor currently owned by a thread:  ([mutex/lock_event])
[0x00007fecc8010060] Threads_lock - owner thread: 0x00007fecc8159bb0
[0x00007fecc8010810] Heap_lock - owner thread: 0x00007fec7c001690

Heap address: 0x0000000709c00000, size: 3940 MB, Compressed Oops mode: Zero based, Oop shift amount: 3

CDS archive(s) mapped at: [0x0000000800000000-0x0000000800bdf000-0x0000000800bdf000), size 12447744, SharedBaseAddress: 0x0000000800000000, ArchiveRelocationMode: 0.
Compressed class space mapped at: 0x0000000800c00000-0x0000000840c00000, reserved size: 1073741824
Narrow klass base: 0x0000000800000000, Narrow klass shift: 0, Narrow klass range: 0x100000000

GC Precious Log:
 CPUs: 8 total, 8 available
 Memory: 15755M
 Large Page Support: Disabled
 NUMA Support: Disabled
 Compressed Oops: Enabled (Zero based)
 Heap Region Size: 2M
 Heap Min Capacity: 8M
 Heap Initial Capacity: 248M
 Heap Max Capacity: 3940M
 Pre-touch: Disabled
 Parallel Workers: 8
 Concurrent Workers: 2
 Concurrent Refinement Workers: 8
 Periodic GC: Disabled

Heap:
 garbage-first heap   total 75776K, used 25602K [0x0000000709c00000, 0x0000000800000000)
  region size 2048K, 7 young (14336K), 1 survivors (2048K)
 Metaspace       used 29009K, committed 29376K, reserved 1081344K
  class space    used 3087K, committed 3264K, reserved 1048576K

Heap Regions: E=young(eden), S=young(survivor), O=old, HS=humongous(starts), HC=humongous(continues), CS=collection set, F=free, OA=open archive, CA=closed archive, TAMS=top-at-mark-start (previous, next)
|   0|0x0000000709c00000, 0x0000000709e00000, 0x0000000709e00000|100%| O|  |TAMS 0x0000000709e00000, 0x0000000709c00000| Untracked 
|   1|0x0000000709e00000, 0x000000070a000000, 0x000000070a000000|100%| O|  |TAMS 0x000000070a000000, 0x0000000709e00000| Untracked 
|   2|0x000000070a000000, 0x000000070a200000, 0x000000070a200000|100%| O|  |TAMS 0x000000070a200000, 0x000000070a000000| Untracked 
|   3|0x000000070a200000, 0x000000070a400000, 0x000000070a400000|100%| O|  |TAMS 0x000000070a400000, 0x000000070a200000| Untracked 
|   4|0x000000070a400000, 0x000000070a600000, 0x000000070a600000|100%| O|  |TAMS 0x000000070a600000, 0x000000070a400000| Untracked 
|   5|0x000000070a600000, 0x000000070a600000, 0x000000070a800000|  0%| F|  |TAMS 0x000000070a600000, 0x000000070a600000| Untracked 
|   6|0x000000070a800000, 0x000000070aa00000, 0x000000070aa00000|100%| O|  |TAMS 0x000000070a800000, 0x000000070a800000| Untracked 
|   7|0x000000070aa00000, 0x000000070ac00000, 0x000000070ac00000|100%| O|  |TAMS 0x000000070aa00000, 0x000000070aa00000| Untracked 
|   8|0x000000070ac00000, 0x000000070ac8b600, 0x000000070ae00000| 27%| O|  |TAMS 0x000000070ac00000, 0x000000070ac00000| Untracked 
|   9|0x000000070ae00000, 0x000000070ae00000, 0x000000070b000000|  0%| F|  |TAMS 0x000000070ae00000, 0x000000070ae00000| Untracked 
|  10|0x000000070b000000, 0x000000070b000000, 0x000000070b200000|  0%| F|  |TAMS 0x000000070b000000, 0x000000070b000000| Untracked 
|  11|0x000000070b200000, 0x000000070b200000, 0x000000070b400000|  0%| F|  |TAMS 0x000000070b200000, 0x000000070b200000| Untracked 
|  12|0x000000070b400000, 0x000000070b400000, 0x000000070b600000|  0%| F|  |TAMS 0x000000070b400000, 0x000000070b400000| Untracked 
|  13|0x000000070b600000, 0x000000070b600000, 0x000000070b800000|  0%| F|  |TAMS 0x000000070b600000, 0x000000070b600000| Untracked 
|  14|0x000000070b800000, 0x000000070b800000, 0x000000070ba00000|  0%| F|  |TAMS 0x000000070b800000, 0x000000070b800000| Untracked 
|  15|0x000000070ba00000, 0x000000070ba7d4b8, 0x000000070bc00000| 24%| S|CS|TAMS 0x000000070ba00000, 0x000000070ba00000| Complete 
|  16|0x000000070bc00000, 0x000000070bc00000, 0x000000070be00000|  0%| F|  |TAMS 0x000000070bc00000, 0x000000070bc00000| Untracked 
|  17|0x000000070be00000, 0x000000070be00000, 0x000000070c000000|  0%| F|  |TAMS 0x000000070be00000, 0x000000070be00000| Untracked 
|  18|0x000000070c000000, 0x000000070c000000, 0x000000070c200000|  0%| F|  |TAMS 0x000000070c000000, 0x000000070c000000| Untracked 
|  19|0x000000070c200000, 0x000000070c200000, 0x000000070c400000|  0%| F|  |TAMS 0x000000070c200000, 0x000000070c200000| Untracked 
|  20|0x000000070c400000, 0x000000070c400000, 0x000000070c600000|  0%| F|  |TAMS 0x000000070c400000, 0x000000070c400000| Untracked 
|  21|0x000000070c600000, 0x000000070c600000, 0x000000070c800000|  0%| F|  |TAMS 0x000000070c600000, 0x000000070c600000| Untracked 
|  22|0x000000070c800000, 0x000000070c800000, 0x000000070ca00000|  0%| F|  |TAMS 0x000000070c800000, 0x000000070c800000| Untracked 
|  23|0x000000070ca00000, 0x000000070ca00000, 0x000000070cc00000|  0%| F|  |TAMS 0x000000070ca00000, 0x000000070ca00000| Untracked 
|  24|0x000000070cc00000, 0x000000070cc00000, 0x000000070ce00000|  0%| F|  |TAMS 0x000000070cc00000, 0x000000070cc00000| Untracked 
|  25|0x000000070ce00000, 0x000000070ce00000, 0x000000070d000000|  0%| F|  |TAMS 0x000000070ce00000, 0x000000070ce00000| Untracked 
|  26|0x000000070d000000, 0x000000070d000000, 0x000000070d200000|  0%| F|  |TAMS 0x000000070d000000, 0x000000070d000000| Untracked 
|  27|0x000000070d200000, 0x000000070d200000, 0x000000070d400000|  0%| F|  |TAMS 0x000000070d200000, 0x000000070d200000| Untracked 
|  28|0x000000070d400000, 0x000000070d400000, 0x000000070d600000|  0%| F|  |TAMS 0x000000070d400000, 0x000000070d400000| Untracked 
|  29|0x000000070d600000, 0x000000070d7f6a18, 0x000000070d800000| 98%| E|  |TAMS 0x000000070d600000, 0x000000070d600000| Complete 
|  30|0x000000070d800000, 0x000000070da00000, 0x000000070da00000|100%| E|CS|TAMS 0x000000070d800000, 0x000000070d800000| Complete 
|  31|0x000000070da00000, 0x000000070dc00000, 0x000000070dc00000|100%| E|CS|TAMS 0x000000070da00000, 0x000000070da00000| Complete 
| 121|0x0000000718e00000, 0x0000000719000000, 0x0000000719000000|100%| E|  |TAMS 0x0000000718e00000, 0x0000000718e00000| Complete 
| 122|0x0000000719000000, 0x0000000719200000, 0x0000000719200000|100%| E|CS|TAMS 0x0000000719000000, 0x0000000719000000| Complete 
| 123|0x0000000719200000, 0x0000000719400000, 0x0000000719400000|100%| E|CS|TAMS 0x0000000719200000, 0x0000000719200000| Complete 
|1968|0x00000007ffc00000, 0x00000007ffd76000, 0x00000007ffe00000| 73%|OA|  |TAMS 0x00000007ffd76000, 0x00000007ffc00000| Untracked 
|1969|0x00000007ffe00000, 0x00000007ffe82000, 0x0000000800000000| 25%|CA|  |TAMS 0x00000007ffe82000, 0x00000007ffe00000| Untracked 

Card table byte_map: [0x00007fecb09b1000,0x00007fecb1163000] _byte_map_base: 0x00007fecad163000

Marking Bits (Prev, Next): (CMBitMap*) 0x00007fecc8064ef0, (CMBitMap*) 0x00007fecc8064eb0
 Prev Bits: [0x00007feca86df000, 0x00007fecac46f000)
 Next Bits: [0x00007fecac46f000, 0x00007fecb01ff000)

Polling page: 0x00007feccf38a000

Metaspace:

Usage:
  Non-class:     25.31 MB used.
      Class:      3.01 MB used.
       Both:     28.33 MB used.

Virtual space:
  Non-class space:       32.00 MB reserved,      25.50 MB ( 80%) committed,  4 nodes.
      Class space:        1.00 GB reserved,       3.19 MB ( <1%) committed,  1 nodes.
             Both:        1.03 GB reserved,      28.69 MB (  3%) committed. 

Chunk freelists:
   Non-Class:  2.09 MB
       Class:  809.00 KB
        Both:  2.88 MB

MaxMetaspaceSize: unlimited
CompressedClassSpaceSize: 1.00 GB
Initial GC threshold: 21.00 MB
Current GC threshold: 35.56 MB
CDS: on
MetaspaceReclaimPolicy: balanced
 - commit_granule_bytes: 65536.
 - commit_granule_words: 8192.
 - virtual_space_node_default_size: 1048576.
 - enlarge_chunks_in_place: 1.
 - new_chunks_are_fully_committed: 0.
 - uncommit_free_chunks: 1.
 - use_allocation_guard: 0.
 - handle_deallocations: 1.


Internal statistics:

num_allocs_failed_limit: 3.
num_arena_births: 342.
num_arena_deaths: 0.
num_vsnodes_births: 5.
num_vsnodes_deaths: 0.
num_space_committed: 459.
num_space_uncommitted: 0.
num_chunks_returned_to_freelist: 3.
num_chunks_taken_from_freelist: 1199.
num_chunk_merges: 3.
num_chunk_splits: 813.
num_chunks_enlarged: 599.
num_purges: 0.
num_inconsistent_stats: 0.

CodeHeap 'non-profiled nmethods': size=120028Kb used=2568Kb max_used=2568Kb free=117459Kb
 bounds [0x00007fecb8c2c000, 0x00007fecb8ebc000, 0x00007fecc0163000]
CodeHeap 'profiled nmethods': size=120028Kb used=10550Kb max_used=10550Kb free=109477Kb
 bounds [0x00007fecb16f5000, 0x00007fecb2145000, 0x00007fecb8c2c000]
CodeHeap 'non-nmethods': size=5704Kb used=1335Kb max_used=1414Kb free=4369Kb
 bounds [0x00007fecb1163000, 0x00007fecb13d3000, 0x00007fecb16f5000]
 total_blobs=5631 nmethods=4963 adapters=580
 compilation: enabled
              stopped_count=0, restarted_count=0
 full_count=0

Compilation events (20 events):
Event: 58.676 Thread 0x00007fecc8168130 4955       4       com.google.protobuf.GeneratedMessageLite$Builder::<init> (29 bytes)
Event: 58.680 Thread 0x00007fecc8168130 nmethod 4955 0x00007fecb8eace10 code [0x00007fecb8eacfa0, 0x00007fecb8ead298]
Event: 58.896 Thread 0x00007fecc8168130 4956   !   4       org.whispersystems.libsignal.ecc.ECPublicKey::serialize (39 bytes)
Event: 58.902 Thread 0x00007fecc8168130 nmethod 4956 0x00007fecb8ead410 code [0x00007fecb8ead5e0, 0x00007fecb8ead780]
Event: 58.920 Thread 0x00007fecc8168130 4957       4       com.google.protobuf.ByteString::toByteArray (27 bytes)
Event: 58.925 Thread 0x00007fecc8168130 nmethod 4957 0x00007fecb8ead990 code [0x00007fecb8eadb20, 0x00007fecb8eadd58]
Event: 86.972 Thread 0x00007fecc8169660 4958       3       java.util.concurrent.ConcurrentHashMap$BaseIterator::<init> (21 bytes)
Event: 86.972 Thread 0x00007fecc8169660 nmethod 4958 0x00007fecb213e410 code [0x00007fecb213e5c0, 0x00007fecb213e7b0]
Event: 86.973 Thread 0x00007fecc8169660 4959       3       java.util.concurrent.ConcurrentHashMap$Traverser::<init> (36 bytes)
Event: 86.973 Thread 0x00007fecc8169660 nmethod 4959 0x00007fecb213e890 code [0x00007fecb213ea40, 0x00007fecb213ec50]
Event: 117.175 Thread 0x00007fecc8169660 4960   !   3       java.util.concurrent.ConcurrentHashMap::replaceNode (437 bytes)
Event: 117.176 Thread 0x00007fecc8169660 nmethod 4960 0x00007fecb213ed10 code [0x00007fecb213f060, 0x00007fecb2140830]
Event: 117.176 Thread 0x00007fecc8169660 4962       3       java.util.concurrent.ConcurrentHashMap::addCount (280 bytes)
Event: 117.177 Thread 0x00007fecc8169660 nmethod 4962 0x00007fecb2141310 code [0x00007fecb2141560, 0x00007fecb2141f10]
Event: 117.177 Thread 0x00007fecc8169660 4961       3       java.util.concurrent.ConcurrentHashMap::remove (8 bytes)
Event: 117.177 Thread 0x00007fecc8169660 nmethod 4961 0x00007fecb2142210 code [0x00007fecb21423c0, 0x00007fecb2142500]
Event: 117.177 Thread 0x00007fecc8169660 4963       3       java.lang.invoke.MethodType::erase (8 bytes)
Event: 117.177 Thread 0x00007fecc8169660 nmethod 4963 0x00007fecb2142590 code [0x00007fecb2142720, 0x00007fecb2142850]
Event: 117.972 Thread 0x00007fecc8168130 4964       4       java.util.concurrent.ThreadPoolExecutor::isShutdown (12 bytes)
Event: 117.972 Thread 0x00007fecc8168130 nmethod 4964 0x00007fecb8eade90 code [0x00007fecb8eae020, 0x00007fecb8eae0b8]

GC Heap History (18 events):
Event: 0.215 GC heap before
{Heap before GC invocations=0 (full 0):
 garbage-first heap   total 258048K, used 22496K [0x0000000709c00000, 0x0000000800000000)
  region size 2048K, 11 young (22528K), 0 survivors (0K)
 Metaspace       used 2272K, committed 2432K, reserved 1056768K
  class space    used 219K, committed 320K, reserved 1048576K
}
Event: 0.218 GC heap after
{Heap after GC invocations=1 (full 0):
 garbage-first heap   total 258048K, used 9056K [0x0000000709c00000, 0x0000000800000000)
  region size 2048K, 2 young (4096K), 2 survivors (4096K)
 Metaspace       used 2272K, committed 2432K, reserved 1056768K
  class space    used 219K, committed 320K, reserved 1048576K
}
Event: 1.129 GC heap before
{Heap before GC invocations=1 (full 0):
 garbage-first heap   total 258048K, used 31584K [0x0000000709c00000, 0x0000000800000000)
  region size 2048K, 13 young (26624K), 2 survivors (4096K)
 Metaspace       used 7258K, committed 7488K, reserved 1056768K
  class space    used 866K, committed 960K, reserved 1048576K
}
Event: 1.133 GC heap after
{Heap after GC invocations=2 (full 0):
 garbage-first heap   total 258048K, used 12747K [0x0000000709c00000, 0x0000000800000000)
  region size 2048K, 2 young (4096K), 2 survivors (4096K)
 Metaspace       used 7258K, committed 7488K, reserved 1056768K
  class space    used 866K, committed 960K, reserved 1048576K
}
Event: 1.959 GC heap before
{Heap before GC invocations=2 (full 0):
 garbage-first heap   total 258048K, used 53707K [0x0000000709c00000, 0x0000000800000000)
  region size 2048K, 23 young (47104K), 2 survivors (4096K)
 Metaspace       used 21358K, committed 21440K, reserved 1073152K
  class space    used 2339K, committed 2368K, reserved 1048576K
}
Event: 1.963 GC heap after
{Heap after GC invocations=3 (full 0):
 garbage-first heap   total 258048K, used 15704K [0x0000000709c00000, 0x0000000800000000)
  region size 2048K, 2 young (4096K), 2 survivors (4096K)
 Metaspace       used 21358K, committed 21440K, reserved 1073152K
  class space    used 2339K, committed 2368K, reserved 1048576K
}
Event: 1.964 GC heap before
{Heap before GC invocations=3 (full 0):
 garbage-first heap   total 258048K, used 15704K [0x0000000709c00000, 0x0000000800000000)
  region size 2048K, 3 young (6144K), 2 survivors (4096K)
 Metaspace       used 21374K, committed 21568K, reserved 1073152K
  class space    used 2342K, committed 2432K, reserved 1048576K
}
Event: 1.966 GC heap after
{Heap after GC invocations=4 (full 0):
 garbage-first heap   total 258048K, used 15756K [0x0000000709c00000, 0x0000000800000000)
  region size 2048K, 2 young (4096K), 2 survivors (4096K)
 Metaspace       used 21374K, committed 21568K, reserved 1073152K
  class space    used 2342K, committed 2432K, reserved 1048576K
}
Event: 44.368 GC heap before
{Heap before GC invocations=5 (full 0):
 garbage-first heap   total 75776K, used 56716K [0x0000000709c00000, 0x0000000800000000)
  region size 2048K, 22 young (45056K), 2 survivors (4096K)
 Metaspace       used 27421K, committed 27776K, reserved 1081344K
  class space    used 3079K, committed 3264K, reserved 1048576K
}
Event: 44.374 GC heap after
{Heap after GC invocations=6 (full 0):
 garbage-first heap   total 75776K, used 17301K [0x0000000709c00000, 0x0000000800000000)
  region size 2048K, 3 young (6144K), 3 survivors (6144K)
 Metaspace       used 27421K, committed 27776K, reserved 1081344K
  class space    used 3079K, committed 3264K, reserved 1048576K
}
Event: 44.707 GC heap before
{Heap before GC invocations=6 (full 0):
 garbage-first heap   total 75776K, used 19349K [0x0000000709c00000, 0x0000000800000000)
  region size 2048K, 4 young (8192K), 3 survivors (6144K)
 Metaspace       used 27560K, committed 27904K, reserved 1081344K
  class space    used 3079K, committed 3264K, reserved 1048576K
}
Event: 44.712 GC heap after
{Heap after GC invocations=7 (full 0):
 garbage-first heap   total 75776K, used 17672K [0x0000000709c00000, 0x0000000800000000)
  region size 2048K, 1 young (2048K), 1 survivors (2048K)
 Metaspace       used 27560K, committed 27904K, reserved 1081344K
  class space    used 3079K, committed 3264K, reserved 1048576K
}
Event: 48.904 GC heap before
{Heap before GC invocations=7 (full 0):
 garbage-first heap   total 75776K, used 50440K [0x0000000709c00000, 0x0000000800000000)
  region size 2048K, 17 young (34816K), 1 survivors (2048K)
 Metaspace       used 28615K, committed 28992K, reserved 1081344K
  class space    used 3079K, committed 3264K, reserved 1048576K
}
Event: 48.908 GC heap after
{Heap after GC invocations=8 (full 0):
 garbage-first heap   total 75776K, used 17373K [0x0000000709c00000, 0x0000000800000000)
  region size 2048K, 1 young (2048K), 1 survivors (2048K)
 Metaspace       used 28615K, committed 28992K, reserved 1081344K
  class space    used 3079K, committed 3264K, reserved 1048576K
}
Event: 53.477 GC heap before
{Heap before GC invocations=8 (full 0):
 garbage-first heap   total 75776K, used 52189K [0x0000000709c00000, 0x0000000800000000)
  region size 2048K, 18 young (36864K), 1 survivors (2048K)
 Metaspace       used 28807K, committed 29184K, reserved 1081344K
  class space    used 3079K, committed 3264K, reserved 1048576K
}
Event: 53.479 GC heap after
{Heap after GC invocations=9 (full 0):
 garbage-first heap   total 75776K, used 17381K [0x0000000709c00000, 0x0000000800000000)
  region size 2048K, 1 young (2048K), 1 survivors (2048K)
 Metaspace       used 28807K, committed 29184K, reserved 1081344K
  class space    used 3079K, committed 3264K, reserved 1048576K
}
Event: 57.692 GC heap before
{Heap before GC invocations=9 (full 0):
 garbage-first heap   total 75776K, used 52197K [0x0000000709c00000, 0x0000000800000000)
  region size 2048K, 19 young (38912K), 1 survivors (2048K)
 Metaspace       used 28960K, committed 29312K, reserved 1081344K
  class space    used 3079K, committed 3264K, reserved 1048576K
}
Event: 57.695 GC heap after
{Heap after GC invocations=10 (full 0):
 garbage-first heap   total 75776K, used 17410K [0x0000000709c00000, 0x0000000800000000)
  region size 2048K, 1 young (2048K), 1 survivors (2048K)
 Metaspace       used 28960K, committed 29312K, reserved 1081344K
  class space    used 3079K, committed 3264K, reserved 1048576K
}

Deoptimization events (20 events):
Event: 112.175 Thread 0x00007fecc892bca0 Uncommon trap: trap_request=0xffffff45 fr.pc=0x00007fecb8e96830 relative=0x00000000000023d0
Event: 112.175 Thread 0x00007fecc892bca0 Uncommon trap: reason=unstable_if action=reinterpret pc=0x00007fecb8e96830 method=okhttp3.internal.concurrent.TaskRunner.awaitTaskToRun()Lokhttp3/internal/concurrent/Task; @ 202 c2
Event: 112.175 Thread 0x00007fecc892bca0 DEOPT PACKING pc=0x00007fecb8e96830 sp=0x00007fec526fd790
Event: 112.175 Thread 0x00007fecc892bca0 DEOPT UNPACKING pc=0x00007fecb11b5099 sp=0x00007fec526fd718 mode 2
Event: 112.175 Thread 0x00007fecc892bca0 Uncommon trap: trap_request=0xffffff45 fr.pc=0x00007fecb8e8708c relative=0x00000000000000ec
Event: 112.175 Thread 0x00007fecc892bca0 Uncommon trap: reason=unstable_if action=reinterpret pc=0x00007fecb8e8708c method=java.util.ArrayList.fastRemove([Ljava/lang/Object;I)V @ 19 c2
Event: 112.175 Thread 0x00007fecc892bca0 DEOPT PACKING pc=0x00007fecb8e8708c sp=0x00007fec526fd5c0
Event: 112.175 Thread 0x00007fecc892bca0 DEOPT UNPACKING pc=0x00007fecb11b5099 sp=0x00007fec526fd568 mode 2
Event: 117.175 Thread 0x00007fec28001340 Uncommon trap: trap_request=0xffffff45 fr.pc=0x00007fecb8c8513c relative=0x000000000000017c
Event: 117.175 Thread 0x00007fec28001340 Uncommon trap: reason=unstable_if action=reinterpret pc=0x00007fecb8c8513c method=java.util.concurrent.ConcurrentHashMap.addCount(JI)V @ 34 c2
Event: 117.175 Thread 0x00007fec28001340 DEOPT PACKING pc=0x00007fecb8c8513c sp=0x00007fec525fb890
Event: 117.175 Thread 0x00007fec28001340 DEOPT UNPACKING pc=0x00007fecb11b5099 sp=0x00007fec525fb810 mode 2
Event: 121.977 Thread 0x00007fec3c345160 Uncommon trap: trap_request=0xffffff45 fr.pc=0x00007fecb8e75734 relative=0x0000000000000034
Event: 121.977 Thread 0x00007fec3c345160 Uncommon trap: reason=unstable_if action=reinterpret pc=0x00007fecb8e75734 method=java.util.concurrent.ThreadPoolExecutor.runStateAtLeast(II)Z @ 2 c2
Event: 121.977 Thread 0x00007fec3c345160 DEOPT PACKING pc=0x00007fecb8e75734 sp=0x00007fec519ef860
Event: 121.977 Thread 0x00007fec3c345160 DEOPT UNPACKING pc=0x00007fecb11b5099 sp=0x00007fec519ef818 mode 2
Event: 122.322 Thread 0x00007febfc000fc0 Uncommon trap: trap_request=0xffffffcc fr.pc=0x00007fecb8d639ec relative=0x000000000000034c
Event: 122.322 Thread 0x00007febfc000fc0 Uncommon trap: reason=intrinsic_or_type_checked_inlining action=make_not_entrant pc=0x00007fecb8d639ec method=java.util.Arrays.copyOf([Ljava/lang/Object;ILjava/lang/Class;)[Ljava/lang/Object; @ 35 c2
Event: 122.322 Thread 0x00007febfc000fc0 DEOPT PACKING pc=0x00007fecb8d639ec sp=0x00007fec50f55620
Event: 122.322 Thread 0x00007febfc000fc0 DEOPT UNPACKING pc=0x00007fecb11b5099 sp=0x00007fec50f555c8 mode 2

Classes unloaded (0 events):
No events

Classes redefined (0 events):
No events

Internal exceptions (20 events):
Event: 58.498 Thread 0x00007fecc896f060 Exception <a 'sun/nio/fs/UnixException'{0x000000070da959d0}> (0x000000070da959d0) 
thrown [src/hotspot/share/prims/jni.cpp, line 516]
Event: 58.522 Thread 0x00007fecc896f060 Exception <a 'sun/nio/fs/UnixException'{0x000000070dad9310}> (0x000000070dad9310) 
thrown [src/hotspot/share/prims/jni.cpp, line 516]
Event: 58.549 Thread 0x00007fecc896f060 Exception <a 'sun/nio/fs/UnixException'{0x000000070db053a0}> (0x000000070db053a0) 
thrown [src/hotspot/share/prims/jni.cpp, line 516]
Event: 58.581 Thread 0x00007fecc896f060 Exception <a 'sun/nio/fs/UnixException'{0x000000070db31458}> (0x000000070db31458) 
thrown [src/hotspot/share/prims/jni.cpp, line 516]
Event: 58.607 Thread 0x00007fecc896f060 Exception <a 'sun/nio/fs/UnixException'{0x000000070db64008}> (0x000000070db64008) 
thrown [src/hotspot/share/prims/jni.cpp, line 516]
Event: 58.628 Thread 0x00007fecc896f060 Exception <a 'sun/nio/fs/UnixException'{0x000000070db900c0}> (0x000000070db900c0) 
thrown [src/hotspot/share/prims/jni.cpp, line 516]
Event: 58.649 Thread 0x00007fecc896f060 Exception <a 'sun/nio/fs/UnixException'{0x000000070dbbc150}> (0x000000070dbbc150) 
thrown [src/hotspot/share/prims/jni.cpp, line 516]
Event: 58.671 Thread 0x00007fecc896f060 Exception <a 'sun/nio/fs/UnixException'{0x000000070dbf83b0}> (0x000000070dbf83b0) 
thrown [src/hotspot/share/prims/jni.cpp, line 516]
Event: 58.698 Thread 0x00007fecc896f060 Exception <a 'sun/nio/fs/UnixException'{0x000000070d8344d8}> (0x000000070d8344d8) 
thrown [src/hotspot/share/prims/jni.cpp, line 516]
Event: 58.724 Thread 0x00007fecc896f060 Exception <a 'sun/nio/fs/UnixException'{0x000000070d860568}> (0x000000070d860568) 
thrown [src/hotspot/share/prims/jni.cpp, line 516]
Event: 58.749 Thread 0x00007fecc896f060 Exception <a 'sun/nio/fs/UnixException'{0x000000070d88c620}> (0x000000070d88c620) 
thrown [src/hotspot/share/prims/jni.cpp, line 516]
Event: 58.779 Thread 0x00007fecc896f060 Exception <a 'sun/nio/fs/UnixException'{0x000000070d8b88f8}> (0x000000070d8b88f8) 
thrown [src/hotspot/share/prims/jni.cpp, line 516]
Event: 58.807 Thread 0x00007fecc896f060 Exception <a 'sun/nio/fs/UnixException'{0x000000070d8e4988}> (0x000000070d8e4988) 
thrown [src/hotspot/share/prims/jni.cpp, line 516]
Event: 58.838 Thread 0x00007fecc896f060 Exception <a 'sun/nio/fs/UnixException'{0x000000070d910a40}> (0x000000070d910a40) 
thrown [src/hotspot/share/prims/jni.cpp, line 516]
Event: 58.864 Thread 0x00007fecc896f060 Exception <a 'sun/nio/fs/UnixException'{0x000000070d955620}> (0x000000070d955620) 
thrown [src/hotspot/share/prims/jni.cpp, line 516]
Event: 58.888 Thread 0x00007fecc896f060 Exception <a 'sun/nio/fs/UnixException'{0x000000070d9816d8}> (0x000000070d9816d8) 
thrown [src/hotspot/share/prims/jni.cpp, line 516]
Event: 58.920 Thread 0x00007fecc896f060 Exception <a 'sun/nio/fs/UnixException'{0x000000070d9ad768}> (0x000000070d9ad768) 
thrown [src/hotspot/share/prims/jni.cpp, line 516]
Event: 58.950 Thread 0x00007fecc896f060 Exception <a 'sun/nio/fs/UnixException'{0x000000070d9d9940}> (0x000000070d9d9940) 
thrown [src/hotspot/share/prims/jni.cpp, line 516]
Event: 58.978 Thread 0x00007fecc896f060 Exception <a 'sun/nio/fs/UnixException'{0x000000070d617110}> (0x000000070d617110) 
thrown [src/hotspot/share/prims/jni.cpp, line 516]
Event: 59.000 Thread 0x00007fecc896f060 Exception <a 'sun/nio/fs/UnixException'{0x000000070d6431a0}> (0x000000070d6431a0) 
thrown [src/hotspot/share/prims/jni.cpp, line 516]

VM Operations (20 events):
Event: 54.480 Executing VM operation: Cleanup done
Event: 55.480 Executing VM operation: Cleanup
Event: 55.480 Executing VM operation: Cleanup done
Event: 56.480 Executing VM operation: Cleanup
Event: 56.480 Executing VM operation: Cleanup done
Event: 57.480 Executing VM operation: Cleanup
Event: 57.480 Executing VM operation: Cleanup done
Event: 57.692 Executing VM operation: G1CollectForAllocation
Event: 57.695 Executing VM operation: G1CollectForAllocation done
Event: 58.695 Executing VM operation: Cleanup
Event: 58.695 Executing VM operation: Cleanup done
Event: 59.695 Executing VM operation: Cleanup
Event: 59.695 Executing VM operation: Cleanup done
Event: 60.695 Executing VM operation: Cleanup
Event: 60.695 Executing VM operation: Cleanup done
Event: 88.699 Executing VM operation: Cleanup
Event: 88.700 Executing VM operation: Cleanup done
Event: 119.704 Executing VM operation: Cleanup
Event: 119.704 Executing VM operation: Cleanup done
Event: 122.322 Executing VM operation: Exit

Events (20 events):
Event: 88.389 loading class sun/nio/ch/ExtendedSocketOption$1
Event: 88.389 loading class sun/nio/ch/ExtendedSocketOption$1 done
Event: 88.389 loading class sun/security/ssl/Alert
Event: 88.389 loading class sun/security/ssl/Alert done
Event: 88.390 loading class sun/security/ssl/Alert$AlertConsumer
Event: 88.390 loading class sun/security/ssl/Alert$AlertConsumer done
Event: 88.390 loading class sun/security/ssl/Alert$Level
Event: 88.390 loading class sun/security/ssl/Alert$Level done
Event: 117.175 Thread 0x00007fec28004280 Thread exited: 0x00007fec28004280
Event: 117.175 Thread 0x00007fec28001340 Thread exited: 0x00007fec28001340
Event: 118.108 Thread 0x00007fec2c0517f0 Thread exited: 0x00007fec2c0517f0
Event: 121.977 Thread 0x00007fec3c345160 Thread exited: 0x00007fec3c345160
Event: 121.977 Thread 0x00007fec3c345e40 Thread exited: 0x00007fec3c345e40
Event: 122.321 loading class jdk/internal/misc/Signal$1
Event: 122.321 loading class jdk/internal/misc/Signal$1 done
Event: 122.321 Thread 0x00007fec7c001690 Thread added: 0x00007fec7c001690
Event: 122.321 Protecting memory [0x00007fec518f0000,0x00007fec518f4000] with protection modes 0
Event: 122.322 Thread 0x00007febfc000fc0 Thread added: 0x00007febfc000fc0
Event: 122.322 Protecting memory [0x00007fec50e56000,0x00007fec50e5a000] with protection modes 0
Event: 122.322 Thread 0x00007febfc000fc0 Thread exited: 0x00007febfc000fc0


Dynamic libraries:
709c00000-70dc00000 rw-p 00000000 00:00 0 
70dc00000-718e00000 ---p 00000000 00:00 0 
718e00000-719400000 rw-p 00000000 00:00 0 
719400000-7ffc00000 ---p 00000000 00:00 0 
7ffc00000-7ffd00000 rw-p 00000000 00:00 0 
7ffd00000-7ffd76000 rw-p 00c9a000 fd:01 2492118                          /usr/lib/jvm/java-17-openjdk-amd64/lib/server/classes.jsa
7ffd76000-7ffe00000 rw-p 00000000 00:00 0 
7ffe00000-7ffe82000 rw-p 00c18000 fd:01 2492118                          /usr/lib/jvm/java-17-openjdk-amd64/lib/server/classes.jsa
7ffe82000-800000000 rw-p 00000000 00:00 0 
800000000-800441000 rw-p 00001000 fd:01 2492118                          /usr/lib/jvm/java-17-openjdk-amd64/lib/server/classes.jsa
800441000-800bdf000 r--p 00442000 fd:01 2492118                          /usr/lib/jvm/java-17-openjdk-amd64/lib/server/classes.jsa
800bdf000-800c00000 ---p 00000000 00:00 0 
800c00000-800c20000 rw-p 00000000 00:00 0 
800c20000-800c40000 rw-p 00000000 00:00 0 
800c40000-800ce0000 rw-p 00000000 00:00 0 
800ce0000-800d00000 rw-p 00000000 00:00 0 
800d00000-800dc0000 rw-p 00000000 00:00 0 
800dc0000-800e00000 rw-p 00000000 00:00 0 
800e00000-800e40000 rw-p 00000000 00:00 0 
800e40000-800ef0000 rw-p 00000000 00:00 0 
800ef0000-800f00000 ---p 00000000 00:00 0 
800f00000-800f40000 rw-p 00000000 00:00 0 
800f40000-840c00000 ---p 00000000 00:00 0 
562f6029c000-562f6029d000 r--p 00000000 fd:01 2230168                    /usr/lib/jvm/java-17-openjdk-amd64/bin/java
562f6029d000-562f6029e000 r-xp 00001000 fd:01 2230168                    /usr/lib/jvm/java-17-openjdk-amd64/bin/java
562f6029e000-562f6029f000 r--p 00002000 fd:01 2230168                    /usr/lib/jvm/java-17-openjdk-amd64/bin/java
562f6029f000-562f602a0000 r--p 00002000 fd:01 2230168                    /usr/lib/jvm/java-17-openjdk-amd64/bin/java
562f602a0000-562f602a1000 rw-p 00003000 fd:01 2230168                    /usr/lib/jvm/java-17-openjdk-amd64/bin/java
562f602c3000-562f602e4000 rw-p 00000000 00:00 0                          [heap]
7febc8000000-7febc8082000 rw-p 00000000 00:00 0 
7febc8082000-7febcc000000 ---p 00000000 00:00 0 
7febd0000000-7febd0021000 rw-p 00000000 00:00 0 
7febd0021000-7febd4000000 ---p 00000000 00:00 0 
7febd4000000-7febd4021000 rw-p 00000000 00:00 0 
7febd4021000-7febd8000000 ---p 00000000 00:00 0 
7febd8000000-7febd8021000 rw-p 00000000 00:00 0 
7febd8021000-7febdc000000 ---p 00000000 00:00 0 
7febdc000000-7febdc021000 rw-p 00000000 00:00 0 
7febdc021000-7febe0000000 ---p 00000000 00:00 0 
7febe0000000-7febe0021000 rw-p 00000000 00:00 0 
7febe0021000-7febe4000000 ---p 00000000 00:00 0 
7febe4000000-7febe4021000 rw-p 00000000 00:00 0 
7febe4021000-7febe8000000 ---p 00000000 00:00 0 
7febe8000000-7febe8021000 rw-p 00000000 00:00 0 
7febe8021000-7febec000000 ---p 00000000 00:00 0 
7febec000000-7febec021000 rw-p 00000000 00:00 0 
7febec021000-7febf0000000 ---p 00000000 00:00 0 
7febf0000000-7febf0021000 rw-p 00000000 00:00 0 
7febf0021000-7febf4000000 ---p 00000000 00:00 0 
7febf4000000-7febf402e000 rw-p 00000000 00:00 0 
7febf402e000-7febf8000000 ---p 00000000 00:00 0 
7febf8000000-7febf8021000 rw-p 00000000 00:00 0 
7febf8021000-7febfc000000 ---p 00000000 00:00 0 
7febfc000000-7febfc0e0000 rw-p 00000000 00:00 0 
7febfc0e0000-7fec00000000 ---p 00000000 00:00 0 
7fec00000000-7fec00021000 rw-p 00000000 00:00 0 
7fec00021000-7fec04000000 ---p 00000000 00:00 0 
7fec04000000-7fec04021000 rw-p 00000000 00:00 0 
7fec04021000-7fec08000000 ---p 00000000 00:00 0 
7fec08000000-7fec08021000 rw-p 00000000 00:00 0 
7fec08021000-7fec0c000000 ---p 00000000 00:00 0 
7fec0c000000-7fec0c021000 rw-p 00000000 00:00 0 
7fec0c021000-7fec10000000 ---p 00000000 00:00 0 
7fec10000000-7fec107c2000 rw-p 00000000 00:00 0 
7fec107c2000-7fec14000000 ---p 00000000 00:00 0 
7fec14000000-7fec14021000 rw-p 00000000 00:00 0 
7fec14021000-7fec18000000 ---p 00000000 00:00 0 
7fec18000000-7fec18021000 rw-p 00000000 00:00 0 
7fec18021000-7fec1c000000 ---p 00000000 00:00 0 
7fec1c000000-7fec1c021000 rw-p 00000000 00:00 0 
7fec1c021000-7fec20000000 ---p 00000000 00:00 0 
7fec20000000-7fec20021000 rw-p 00000000 00:00 0 
7fec20021000-7fec24000000 ---p 00000000 00:00 0 
7fec24000000-7fec24021000 rw-p 00000000 00:00 0 
7fec24021000-7fec28000000 ---p 00000000 00:00 0 
7fec28000000-7fec28021000 rw-p 00000000 00:00 0 
7fec28021000-7fec2c000000 ---p 00000000 00:00 0 
7fec2c000000-7fec2c055000 rw-p 00000000 00:00 0 
7fec2c055000-7fec30000000 ---p 00000000 00:00 0 
7fec30000000-7fec30055000 rw-p 00000000 00:00 0 
7fec30055000-7fec34000000 ---p 00000000 00:00 0 
7fec34000000-7fec34021000 rw-p 00000000 00:00 0 
7fec34021000-7fec38000000 ---p 00000000 00:00 0 
7fec38000000-7fec38021000 rw-p 00000000 00:00 0 
7fec38021000-7fec3c000000 ---p 00000000 00:00 0 
7fec3c000000-7fec3cc78000 rw-p 00000000 00:00 0 
7fec3cc78000-7fec40000000 ---p 00000000 00:00 0 
7fec40000000-7fec40021000 rw-p 00000000 00:00 0 
7fec40021000-7fec44000000 ---p 00000000 00:00 0 
7fec44000000-7fec44021000 rw-p 00000000 00:00 0 
7fec44021000-7fec48000000 ---p 00000000 00:00 0 
7fec48000000-7fec48021000 rw-p 00000000 00:00 0 
7fec48021000-7fec4c000000 ---p 00000000 00:00 0 
7fec4c000000-7fec4c021000 rw-p 00000000 00:00 0 
7fec4c021000-7fec50000000 ---p 00000000 00:00 0 
7fec50400000-7fec504f0000 rw-p 00000000 00:00 0 
7fec504f0000-7fec50500000 ---p 00000000 00:00 0 
7fec50500000-7fec50590000 rw-p 00000000 00:00 0 
7fec50590000-7fec50c00000 ---p 00000000 00:00 0 
7fec50d55000-7fec50d59000 ---p 00000000 00:00 0 
7fec50d59000-7fec50e56000 rw-p 00000000 00:00 0 
7fec50e56000-7fec50e5a000 ---p 00000000 00:00 0 
7fec50e5a000-7fec50f57000 rw-p 00000000 00:00 0 
7fec50f57000-7fec50f5f000 r--p 00000000 fd:01 20841526                   /home/petitpenguin/Documents/Github/signal-cli/libhecate_jni.so
7fec50f5f000-7fec50fbc000 r-xp 00008000 fd:01 20841526                   /home/petitpenguin/Documents/Github/signal-cli/libhecate_jni.so
7fec50fbc000-7fec50fe1000 r--p 00065000 fd:01 20841526                   /home/petitpenguin/Documents/Github/signal-cli/libhecate_jni.so
7fec50fe1000-7fec50fe6000 r--p 00089000 fd:01 20841526                   /home/petitpenguin/Documents/Github/signal-cli/libhecate_jni.so
7fec50fe6000-7fec50fe7000 rw-p 0008e000 fd:01 20841526                   /home/petitpenguin/Documents/Github/signal-cli/libhecate_jni.so
7fec50fe7000-7fec50feb000 ---p 00000000 00:00 0 
7fec50feb000-7fec510e8000 rw-p 00000000 00:00 0 
7fec510e8000-7fec510ec000 ---p 00000000 00:00 0 
7fec510ec000-7fec511e9000 rw-p 00000000 00:00 0 
7fec511e9000-7fec511ed000 ---p 00000000 00:00 0 
7fec511ed000-7fec512ea000 rw-p 00000000 00:00 0 
7fec512ea000-7fec512ee000 ---p 00000000 00:00 0 
7fec512ee000-7fec513eb000 rw-p 00000000 00:00 0 
7fec513eb000-7fec513ef000 ---p 00000000 00:00 0 
7fec513ef000-7fec514ec000 rw-p 00000000 00:00 0 
7fec514ec000-7fec514f0000 ---p 00000000 00:00 0 
7fec514f0000-7fec515ed000 rw-p 00000000 00:00 0 
7fec515ed000-7fec515f1000 ---p 00000000 00:00 0 
7fec515f1000-7fec516ee000 rw-p 00000000 00:00 0 
7fec516ee000-7fec516f2000 ---p 00000000 00:00 0 
7fec516f2000-7fec517ef000 rw-p 00000000 00:00 0 
7fec517ef000-7fec517f3000 ---p 00000000 00:00 0 
7fec517f3000-7fec518f0000 rw-p 00000000 00:00 0 
7fec518f0000-7fec518f4000 ---p 00000000 00:00 0 
7fec518f4000-7fec519f1000 rw-p 00000000 00:00 0 
7fec519f1000-7fec519f5000 ---p 00000000 00:00 0 
7fec519f5000-7fec51af2000 rw-p 00000000 00:00 0 
7fec51af2000-7fec51af6000 ---p 00000000 00:00 0 
7fec51af6000-7fec51bf3000 rw-p 00000000 00:00 0 
7fec51bf3000-7fec51bf7000 ---p 00000000 00:00 0 
7fec51bf7000-7fec51cf4000 rw-p 00000000 00:00 0 
7fec51cf4000-7fec51cf8000 ---p 00000000 00:00 0 
7fec51cf8000-7fec51df5000 rw-p 00000000 00:00 0 
7fec51df5000-7fec51df9000 ---p 00000000 00:00 0 
7fec51df9000-7fec51ef6000 rw-p 00000000 00:00 0 
7fec51ef6000-7fec51efa000 ---p 00000000 00:00 0 
7fec51efa000-7fec51ff7000 rw-p 00000000 00:00 0 
7fec51ff7000-7fec51ffb000 ---p 00000000 00:00 0 
7fec51ffb000-7fec520f8000 rw-p 00000000 00:00 0 
7fec520f8000-7fec520fc000 ---p 00000000 00:00 0 
7fec520fc000-7fec521f9000 rw-p 00000000 00:00 0 
7fec521f9000-7fec521fa000 ---p 00000000 00:00 0 
7fec521fa000-7fec522fb000 rw-p 00000000 00:00 0 
7fec522fb000-7fec522ff000 ---p 00000000 00:00 0 
7fec522ff000-7fec523fc000 rw-p 00000000 00:00 0 
7fec523fc000-7fec52400000 ---p 00000000 00:00 0 
7fec52400000-7fec524fd000 rw-p 00000000 00:00 0 
7fec524fd000-7fec52501000 ---p 00000000 00:00 0 
7fec52501000-7fec525fe000 rw-p 00000000 00:00 0 
7fec525fe000-7fec52602000 ---p 00000000 00:00 0 
7fec52602000-7fec526ff000 rw-p 00000000 00:00 0 
7fec526ff000-7fec52703000 ---p 00000000 00:00 0 
7fec52703000-7fec52900000 rw-p 00000000 00:00 0 
7fec52900000-7fec52980000 rw-p 00000000 00:00 0 
7fec52980000-7fec52a00000 rw-p 00000000 00:00 0 
7fec52a00000-7fec52b00000 rw-p 00000000 00:00 0 
7fec52b00000-7fec52c00000 rw-p 00000000 00:00 0 
7fec52c00000-7fec53000000 rw-p 00000000 00:00 0 
7fec53000000-7fec53200000 rw-p 00000000 00:00 0 
7fec53200000-7fec533c0000 rw-p 00000000 00:00 0 
7fec533c0000-7fec53400000 rw-p 00000000 00:00 0 
7fec53400000-7fec53700000 rw-p 00000000 00:00 0 
7fec53700000-7fec53800000 rw-p 00000000 00:00 0 
7fec53884000-7fec53885000 ---p 00000000 00:00 0 
7fec53885000-7fec53986000 rw-p 00000000 00:00 0 
7fec53986000-7fec53987000 ---p 00000000 00:00 0 
7fec53987000-7fec53a88000 rw-p 00000000 00:00 0 
7fec53a88000-7fec53ab7000 r--p 00000000 fd:01 29631457                   /tmp/resource2019851941893143094.so (deleted)
7fec53ab7000-7fec53c54000 r-xp 0002f000 fd:01 29631457                   /tmp/resource2019851941893143094.so (deleted)
7fec53c54000-7fec53ce3000 r--p 001cc000 fd:01 29631457                   /tmp/resource2019851941893143094.so (deleted)
7fec53ce3000-7fec53cf9000 r--p 0025a000 fd:01 29631457                   /tmp/resource2019851941893143094.so (deleted)
7fec53cf9000-7fec53cfa000 rw-p 00270000 fd:01 29631457                   /tmp/resource2019851941893143094.so (deleted)
7fec53cfa000-7fec53cfb000 ---p 00000000 00:00 0 
7fec53cfb000-7fec53dfc000 rw-p 00000000 00:00 0 
7fec53dfc000-7fec53dfd000 ---p 00000000 00:00 0 
7fec53dfd000-7fec53efe000 rw-p 00000000 00:00 0 
7fec53efe000-7fec53eff000 ---p 00000000 00:00 0 
7fec53eff000-7fec54000000 rw-p 00000000 00:00 0 
7fec54000000-7fec543d6000 rw-p 00000000 00:00 0 
7fec543d6000-7fec58000000 ---p 00000000 00:00 0 
7fec58000000-7fec58021000 rw-p 00000000 00:00 0 
7fec58021000-7fec5c000000 ---p 00000000 00:00 0 
7fec5c000000-7fec5c021000 rw-p 00000000 00:00 0 
7fec5c021000-7fec60000000 ---p 00000000 00:00 0 
7fec60000000-7fec602fc000 rw-p 00000000 00:00 0 
7fec602fc000-7fec64000000 ---p 00000000 00:00 0 
7fec64000000-7fec64021000 rw-p 00000000 00:00 0 
7fec64021000-7fec68000000 ---p 00000000 00:00 0 
7fec68000000-7fec68021000 rw-p 00000000 00:00 0 
7fec68021000-7fec6c000000 ---p 00000000 00:00 0 
7fec6c000000-7fec6c796000 rw-p 00000000 00:00 0 
7fec6c796000-7fec70000000 ---p 00000000 00:00 0 
7fec70000000-7fec70021000 rw-p 00000000 00:00 0 
7fec70021000-7fec74000000 ---p 00000000 00:00 0 
7fec74000000-7fec74021000 rw-p 00000000 00:00 0 
7fec74021000-7fec78000000 ---p 00000000 00:00 0 
7fec78000000-7fec79506000 rw-p 00000000 00:00 0 
7fec79506000-7fec7c000000 ---p 00000000 00:00 0 
7fec7c000000-7fec7c021000 rw-p 00000000 00:00 0 
7fec7c021000-7fec80000000 ---p 00000000 00:00 0 
7fec80000000-7fec80021000 rw-p 00000000 00:00 0 
7fec80021000-7fec84000000 ---p 00000000 00:00 0 
7fec84000000-7fec84021000 rw-p 00000000 00:00 0 
7fec84021000-7fec88000000 ---p 00000000 00:00 0 
7fec88000000-7fec88021000 rw-p 00000000 00:00 0 
7fec88021000-7fec8c000000 ---p 00000000 00:00 0 
7fec8c000000-7fec8c021000 rw-p 00000000 00:00 0 
7fec8c021000-7fec90000000 ---p 00000000 00:00 0 
7fec90000000-7fec90021000 rw-p 00000000 00:00 0 
7fec90021000-7fec94000000 ---p 00000000 00:00 0 
7fec94000000-7fec94021000 rw-p 00000000 00:00 0 
7fec94021000-7fec98000000 ---p 00000000 00:00 0 
7fec98017000-7fec9801b000 r--p 00000000 fd:01 10490087                   /lib/x86_64-linux-gnu/libresolv-2.31.so
7fec9801b000-7fec9802b000 r-xp 00004000 fd:01 10490087                   /lib/x86_64-linux-gnu/libresolv-2.31.so
7fec9802b000-7fec9802e000 r--p 00014000 fd:01 10490087                   /lib/x86_64-linux-gnu/libresolv-2.31.so
7fec9802e000-7fec9802f000 ---p 00017000 fd:01 10490087                   /lib/x86_64-linux-gnu/libresolv-2.31.so
7fec9802f000-7fec98030000 r--p 00017000 fd:01 10490087                   /lib/x86_64-linux-gnu/libresolv-2.31.so
7fec98030000-7fec98031000 rw-p 00018000 fd:01 10490087                   /lib/x86_64-linux-gnu/libresolv-2.31.so
7fec98031000-7fec98033000 rw-p 00000000 00:00 0 
7fec9804e000-7fec9804f000 ---p 00000000 00:00 0 
7fec9804f000-7fec98150000 rw-p 00000000 00:00 0 
7fec98150000-7fec98151000 ---p 00000000 00:00 0 
7fec98151000-7fec98252000 rw-p 00000000 00:00 0 
7fec98252000-7fec98256000 ---p 00000000 00:00 0 
7fec98256000-7fec98353000 rw-p 00000000 00:00 0 
7fec98353000-7fec98357000 ---p 00000000 00:00 0 
7fec98357000-7fec98485000 rw-p 00000000 00:00 0 
7fec98485000-7fec98489000 ---p 00000000 00:00 0 
7fec98489000-7fec98586000 rw-p 00000000 00:00 0 
7fec98586000-7fec98587000 ---p 00000000 00:00 0 
7fec98587000-7fec98688000 rw-p 00000000 00:00 0 
7fec98688000-7fec9868c000 ---p 00000000 00:00 0 
7fec9868c000-7fec98789000 rw-p 00000000 00:00 0 
7fec98789000-7fec9878d000 ---p 00000000 00:00 0 
7fec9878d000-7fec9888a000 rw-p 00000000 00:00 0 
7fec9888a000-7fec9888e000 ---p 00000000 00:00 0 
7fec9888e000-7fec9898b000 rw-p 00000000 00:00 0 
7fec9898b000-7fec9898f000 ---p 00000000 00:00 0 
7fec9898f000-7fec98a8c000 rw-p 00000000 00:00 0 
7fec98a8c000-7fec98a90000 ---p 00000000 00:00 0 
7fec98a90000-7fec98b8d000 rw-p 00000000 00:00 0 
7fec98b8d000-7fec98b91000 ---p 00000000 00:00 0 
7fec98b91000-7fec98c8e000 rw-p 00000000 00:00 0 
7fec98c8e000-7fec98c92000 ---p 00000000 00:00 0 
7fec98c92000-7fec98d8f000 rw-p 00000000 00:00 0 
7fec98d8f000-7fec992ff000 r--p 00000000 fd:01 25954668                   /usr/lib/locale/locale-archive
7fec992ff000-7fec99303000 ---p 00000000 00:00 0 
7fec99303000-7fec99800000 rw-p 00000000 00:00 0 
7fec99800000-7fec99c00000 rw-p 00000000 00:00 0 
7fec99c09000-7fec99c0d000 ---p 00000000 00:00 0 
7fec99c0d000-7fec99c2b000 rw-p 00000000 00:00 0 
7fec99c2b000-7fec99c2f000 ---p 00000000 00:00 0 
7fec99c2f000-7fec99d2c000 rw-p 00000000 00:00 0 
7fec99d2c000-7fec99d2d000 ---p 00000000 00:00 0 
7fec99d2d000-7fec99e2e000 rw-p 00000000 00:00 0 
7fec99e2e000-7fec99e32000 r--p 00000000 fd:01 2362776                    /usr/lib/jvm/java-17-openjdk-amd64/lib/libsvml.so
7fec99e32000-7fec99e73000 r-xp 00004000 fd:01 2362776                    /usr/lib/jvm/java-17-openjdk-amd64/lib/libsvml.so
7fec99e73000-7fec99efc000 r--p 00045000 fd:01 2362776                    /usr/lib/jvm/java-17-openjdk-amd64/lib/libsvml.so
7fec99efc000-7fec99efd000 r--p 000cd000 fd:01 2362776                    /usr/lib/jvm/java-17-openjdk-amd64/lib/libsvml.so
7fec99efd000-7fec99efe000 rw-p 000ce000 fd:01 2362776                    /usr/lib/jvm/java-17-openjdk-amd64/lib/libsvml.so
7fec99efe000-7fec99eff000 ---p 00000000 00:00 0 
7fec99eff000-7fec9c000000 rw-p 00000000 00:00 0 
7fec9c000000-7fec9c021000 rw-p 00000000 00:00 0 
7fec9c021000-7feca0000000 ---p 00000000 00:00 0 
7feca0000000-7feca0021000 rw-p 00000000 00:00 0 
7feca0021000-7feca4000000 ---p 00000000 00:00 0 
7feca4000000-7feca4021000 rw-p 00000000 00:00 0 
7feca4021000-7feca8000000 ---p 00000000 00:00 0 
7feca800c000-7feca8013000 r--s 00000000 fd:01 26216571                   /usr/lib/x86_64-linux-gnu/gconv/gconv-modules.cache
7feca8013000-7feca8014000 r--p 00000000 fd:01 2362757                    /usr/lib/jvm/java-17-openjdk-amd64/lib/libjaas.so
7feca8014000-7feca8015000 r-xp 00001000 fd:01 2362757                    /usr/lib/jvm/java-17-openjdk-amd64/lib/libjaas.so
7feca8015000-7feca8016000 r--p 00002000 fd:01 2362757                    /usr/lib/jvm/java-17-openjdk-amd64/lib/libjaas.so
7feca8016000-7feca8017000 r--p 00002000 fd:01 2362757                    /usr/lib/jvm/java-17-openjdk-amd64/lib/libjaas.so
7feca8017000-7feca8018000 rw-p 00003000 fd:01 2362757                    /usr/lib/jvm/java-17-openjdk-amd64/lib/libjaas.so
7feca8018000-7feca801c000 r--p 00000000 fd:01 2362778                    /usr/lib/jvm/java-17-openjdk-amd64/lib/libverify.so
7feca801c000-7feca8023000 r-xp 00004000 fd:01 2362778                    /usr/lib/jvm/java-17-openjdk-amd64/lib/libverify.so
7feca8023000-7feca8025000 r--p 0000b000 fd:01 2362778                    /usr/lib/jvm/java-17-openjdk-amd64/lib/libverify.so
7feca8025000-7feca8026000 ---p 0000d000 fd:01 2362778                    /usr/lib/jvm/java-17-openjdk-amd64/lib/libverify.so
7feca8026000-7feca8028000 r--p 0000d000 fd:01 2362778                    /usr/lib/jvm/java-17-openjdk-amd64/lib/libverify.so
7feca8028000-7feca8029000 rw-p 0000f000 fd:01 2362778                    /usr/lib/jvm/java-17-openjdk-amd64/lib/libverify.so
7feca8029000-7feca802d000 r--p 00000000 fd:01 2362770                    /usr/lib/jvm/java-17-openjdk-amd64/lib/libnet.so
7feca802d000-7feca803b000 r-xp 00004000 fd:01 2362770                    /usr/lib/jvm/java-17-openjdk-amd64/lib/libnet.so
7feca803b000-7feca803f000 r--p 00012000 fd:01 2362770                    /usr/lib/jvm/java-17-openjdk-amd64/lib/libnet.so
7feca803f000-7feca8040000 r--p 00015000 fd:01 2362770                    /usr/lib/jvm/java-17-openjdk-amd64/lib/libnet.so
7feca8040000-7feca8041000 rw-p 00016000 fd:01 2362770                    /usr/lib/jvm/java-17-openjdk-amd64/lib/libnet.so
7feca8041000-7feca8047000 r--p 00000000 fd:01 2362771                    /usr/lib/jvm/java-17-openjdk-amd64/lib/libnio.so
7feca8047000-7feca8050000 r-xp 00006000 fd:01 2362771                    /usr/lib/jvm/java-17-openjdk-amd64/lib/libnio.so
7feca8050000-7feca8054000 r--p 0000f000 fd:01 2362771                    /usr/lib/jvm/java-17-openjdk-amd64/lib/libnio.so
7feca8054000-7feca8055000 ---p 00013000 fd:01 2362771                    /usr/lib/jvm/java-17-openjdk-amd64/lib/libnio.so
7feca8055000-7feca8056000 r--p 00013000 fd:01 2362771                    /usr/lib/jvm/java-17-openjdk-amd64/lib/libnio.so
7feca8056000-7feca8057000 rw-p 00014000 fd:01 2362771                    /usr/lib/jvm/java-17-openjdk-amd64/lib/libnio.so
7feca8057000-7feca80d8000 rw-p 00000000 00:00 0 
7feca80d8000-7feca80d9000 ---p 00000000 00:00 0 
7feca80d9000-7feca87df000 rw-p 00000000 00:00 0 
7feca87df000-7feca8aa7000 ---p 00000000 00:00 0 
7feca8aa7000-7feca8abf000 rw-p 00000000 00:00 0 
7feca8abf000-7fecac45f000 ---p 00000000 00:00 0 
7fecac45f000-7fecac56f000 rw-p 00000000 00:00 0 
7fecac56f000-7fecac837000 ---p 00000000 00:00 0 
7fecac837000-7fecac84f000 rw-p 00000000 00:00 0 
7fecac84f000-7fecb01ef000 ---p 00000000 00:00 0 
7fecb01ef000-7fecb021f000 rw-p 00000000 00:00 0 
7fecb021f000-7fecb0278000 ---p 00000000 00:00 0 
7fecb0278000-7fecb027b000 rw-p 00000000 00:00 0 
7fecb027b000-7fecb09af000 ---p 00000000 00:00 0 
7fecb09af000-7fecb09d1000 rw-p 00000000 00:00 0 
7fecb09d1000-7fecb0a2a000 ---p 00000000 00:00 0 
7fecb0a2a000-7fecb0a2d000 rw-p 00000000 00:00 0 
7fecb0a2d000-7fecb1161000 ---p 00000000 00:00 0 
7fecb1161000-7fecb1163000 rw-p 00000000 00:00 0 
7fecb1163000-7fecb13d3000 rwxp 00000000 00:00 0 
7fecb13d3000-7fecb16f5000 ---p 00000000 00:00 0 
7fecb16f5000-7fecb2145000 rwxp 00000000 00:00 0 
7fecb2145000-7fecb8c2c000 ---p 00000000 00:00 0 
7fecb8c2c000-7fecb8ebc000 rwxp 00000000 00:00 0 
7fecb8ebc000-7fecc0163000 ---p 00000000 00:00 0 
7fecc0163000-7fecc8000000 r--s 00000000 fd:01 2362780                    /usr/lib/jvm/java-17-openjdk-amd64/lib/modules
7fecc8000000-7fecc89ce000 rw-p 00000000 00:00 0 
7fecc89ce000-7feccc000000 ---p 00000000 00:00 0 
7feccc001000-7feccc002000 r--p 00000000 fd:01 2362751                    /usr/lib/jvm/java-17-openjdk-amd64/lib/libextnet.so
7feccc002000-7feccc003000 r-xp 00001000 fd:01 2362751                    /usr/lib/jvm/java-17-openjdk-amd64/lib/libextnet.so
7feccc003000-7feccc004000 r--p 00002000 fd:01 2362751                    /usr/lib/jvm/java-17-openjdk-amd64/lib/libextnet.so
7feccc004000-7feccc005000 r--p 00002000 fd:01 2362751                    /usr/lib/jvm/java-17-openjdk-amd64/lib/libextnet.so
7feccc005000-7feccc006000 rw-p 00003000 fd:01 2362751                    /usr/lib/jvm/java-17-openjdk-amd64/lib/libextnet.so
7feccc006000-7feccc008000 r--p 00000000 fd:01 10490057                   /lib/x86_64-linux-gnu/libnss_dns-2.31.so
7feccc008000-7feccc00c000 r-xp 00002000 fd:01 10490057                   /lib/x86_64-linux-gnu/libnss_dns-2.31.so
7feccc00c000-7feccc00d000 r--p 00006000 fd:01 10490057                   /lib/x86_64-linux-gnu/libnss_dns-2.31.so
7feccc00d000-7feccc00e000 r--p 00006000 fd:01 10490057                   /lib/x86_64-linux-gnu/libnss_dns-2.31.so
7feccc00e000-7feccc00f000 rw-p 00007000 fd:01 10490057                   /lib/x86_64-linux-gnu/libnss_dns-2.31.so
7feccc00f000-7feccc3ae000 rw-p 00000000 00:00 0 
7feccc3ae000-7feccc3af000 ---p 00000000 00:00 0 
7feccc3af000-7feccc4b0000 rw-p 00000000 00:00 0 
7feccc4b0000-7feccc4b1000 ---p 00000000 00:00 0 
7feccc4b1000-7feccc5b2000 rw-p 00000000 00:00 0 
7feccc5b2000-7feccc5b3000 ---p 00000000 00:00 0 
7feccc5b3000-7feccc754000 rw-p 00000000 00:00 0 
7feccc754000-7feccc7ad000 ---p 00000000 00:00 0 
7feccc7ad000-7feccc7b0000 rw-p 00000000 00:00 0 
7feccc7b0000-7fecccee4000 ---p 00000000 00:00 0 
7fecccee4000-7feccd6f4000 rw-p 00000000 00:00 0 
7feccd6f4000-7feccd7d9000 ---p 00000000 00:00 0 
7feccd7d9000-7feccd7ee000 rw-p 00000000 00:00 0 
7feccd7ee000-7feccd8c4000 ---p 00000000 00:00 0 
7feccd8c4000-7feccd8c9000 rw-p 00000000 00:00 0 
7feccd8c9000-7feccd8d0000 ---p 00000000 00:00 0 
7feccd8d0000-7feccd8dc000 r--p 00000000 fd:01 2362758                    /usr/lib/jvm/java-17-openjdk-amd64/lib/libjava.so
7feccd8dc000-7feccd8ef000 r-xp 0000c000 fd:01 2362758                    /usr/lib/jvm/java-17-openjdk-amd64/lib/libjava.so
7feccd8ef000-7feccd8f5000 r--p 0001f000 fd:01 2362758                    /usr/lib/jvm/java-17-openjdk-amd64/lib/libjava.so
7feccd8f5000-7feccd8f6000 ---p 00025000 fd:01 2362758                    /usr/lib/jvm/java-17-openjdk-amd64/lib/libjava.so
7feccd8f6000-7feccd8f7000 r--p 00025000 fd:01 2362758                    /usr/lib/jvm/java-17-openjdk-amd64/lib/libjava.so
7feccd8f7000-7feccd8f8000 rw-p 00026000 fd:01 2362758                    /usr/lib/jvm/java-17-openjdk-amd64/lib/libjava.so
7feccd8f8000-7feccd8f9000 rw-p 00000000 00:00 0 
7feccd8f9000-7feccd8fc000 r--p 00000000 fd:01 10490061                   /lib/x86_64-linux-gnu/libnss_files-2.31.so
7feccd8fc000-7feccd903000 r-xp 00003000 fd:01 10490061                   /lib/x86_64-linux-gnu/libnss_files-2.31.so
7feccd903000-7feccd905000 r--p 0000a000 fd:01 10490061                   /lib/x86_64-linux-gnu/libnss_files-2.31.so
7feccd905000-7feccd906000 r--p 0000b000 fd:01 10490061                   /lib/x86_64-linux-gnu/libnss_files-2.31.so
7feccd906000-7feccd907000 rw-p 0000c000 fd:01 10490061                   /lib/x86_64-linux-gnu/libnss_files-2.31.so
7feccd907000-7feccd90d000 rw-p 00000000 00:00 0 
7feccd90d000-7feccd912000 r--p 00000000 fd:01 10487220                   /lib/x86_64-linux-gnu/libnsl-2.31.so
7feccd912000-7feccd922000 r-xp 00005000 fd:01 10487220                   /lib/x86_64-linux-gnu/libnsl-2.31.so
7feccd922000-7feccd926000 r--p 00015000 fd:01 10487220                   /lib/x86_64-linux-gnu/libnsl-2.31.so
7feccd926000-7feccd927000 r--p 00018000 fd:01 10487220                   /lib/x86_64-linux-gnu/libnsl-2.31.so
7feccd927000-7feccd928000 rw-p 00019000 fd:01 10487220                   /lib/x86_64-linux-gnu/libnsl-2.31.so
7feccd928000-7feccd92a000 rw-p 00000000 00:00 0 
7feccd92a000-7feccd92d000 r--p 00000000 fd:01 10490069                   /lib/x86_64-linux-gnu/libnss_nis-2.31.so
7feccd92d000-7feccd935000 r-xp 00003000 fd:01 10490069                   /lib/x86_64-linux-gnu/libnss_nis-2.31.so
7feccd935000-7feccd937000 r--p 0000b000 fd:01 10490069                   /lib/x86_64-linux-gnu/libnss_nis-2.31.so
7feccd937000-7feccd938000 r--p 0000c000 fd:01 10490069                   /lib/x86_64-linux-gnu/libnss_nis-2.31.so
7feccd938000-7feccd939000 rw-p 0000d000 fd:01 10490069                   /lib/x86_64-linux-gnu/libnss_nis-2.31.so
7feccd93b000-7feccd93c000 r--p 00000000 fd:01 10485970                   /lib/x86_64-linux-gnu/libnss_mdns4_minimal.so.2
7feccd93c000-7feccd93e000 r-xp 00001000 fd:01 10485970                   /lib/x86_64-linux-gnu/libnss_mdns4_minimal.so.2
7feccd93e000-7feccd93f000 r--p 00003000 fd:01 10485970                   /lib/x86_64-linux-gnu/libnss_mdns4_minimal.so.2
7feccd93f000-7feccd940000 r--p 00003000 fd:01 10485970                   /lib/x86_64-linux-gnu/libnss_mdns4_minimal.so.2
7feccd940000-7feccd941000 rw-p 00004000 fd:01 10485970                   /lib/x86_64-linux-gnu/libnss_mdns4_minimal.so.2
7feccd941000-7feccd943000 r--p 00000000 fd:01 2362779                    /usr/lib/jvm/java-17-openjdk-amd64/lib/libzip.so
7feccd943000-7feccd948000 r-xp 00002000 fd:01 2362779                    /usr/lib/jvm/java-17-openjdk-amd64/lib/libzip.so
7feccd948000-7feccd94a000 r--p 00007000 fd:01 2362779                    /usr/lib/jvm/java-17-openjdk-amd64/lib/libzip.so
7feccd94a000-7feccd94b000 r--p 00008000 fd:01 2362779                    /usr/lib/jvm/java-17-openjdk-amd64/lib/libzip.so
7feccd94b000-7feccd94c000 rw-p 00009000 fd:01 2362779                    /usr/lib/jvm/java-17-openjdk-amd64/lib/libzip.so
7feccd94c000-7feccd954000 rw-s 00000000 fd:01 29631454                   /tmp/hsperfdata_petitpenguin/95710 (deleted)
7feccd954000-7feccd958000 ---p 00000000 00:00 0 
7feccd958000-7feccda55000 rw-p 00000000 00:00 0 
7feccda55000-7feccda58000 r--p 00000000 fd:01 10486117                   /lib/x86_64-linux-gnu/libgcc_s.so.1
7feccda58000-7feccda6a000 r-xp 00003000 fd:01 10486117                   /lib/x86_64-linux-gnu/libgcc_s.so.1
7feccda6a000-7feccda6e000 r--p 00015000 fd:01 10486117                   /lib/x86_64-linux-gnu/libgcc_s.so.1
7feccda6e000-7feccda6f000 r--p 00018000 fd:01 10486117                   /lib/x86_64-linux-gnu/libgcc_s.so.1
7feccda6f000-7feccda70000 rw-p 00019000 fd:01 10486117                   /lib/x86_64-linux-gnu/libgcc_s.so.1
7feccda70000-7feccda7f000 r--p 00000000 fd:01 10487187                   /lib/x86_64-linux-gnu/libm-2.31.so
7feccda7f000-7feccdb26000 r-xp 0000f000 fd:01 10487187                   /lib/x86_64-linux-gnu/libm-2.31.so
7feccdb26000-7feccdbbd000 r--p 000b6000 fd:01 10487187                   /lib/x86_64-linux-gnu/libm-2.31.so
7feccdbbd000-7feccdbbe000 r--p 0014c000 fd:01 10487187                   /lib/x86_64-linux-gnu/libm-2.31.so
7feccdbbe000-7feccdbbf000 rw-p 0014d000 fd:01 10487187                   /lib/x86_64-linux-gnu/libm-2.31.so
7feccdbbf000-7feccdc55000 r--p 00000000 fd:01 25953343                   /usr/lib/x86_64-linux-gnu/libstdc++.so.6.0.28
7feccdc55000-7feccdd46000 r-xp 00096000 fd:01 25953343                   /usr/lib/x86_64-linux-gnu/libstdc++.so.6.0.28
7feccdd46000-7feccdd8f000 r--p 00187000 fd:01 25953343                   /usr/lib/x86_64-linux-gnu/libstdc++.so.6.0.28
7feccdd8f000-7feccdd90000 ---p 001d0000 fd:01 25953343                   /usr/lib/x86_64-linux-gnu/libstdc++.so.6.0.28
7feccdd90000-7feccdd9b000 r--p 001d0000 fd:01 25953343                   /usr/lib/x86_64-linux-gnu/libstdc++.so.6.0.28
7feccdd9b000-7feccdd9e000 rw-p 001db000 fd:01 25953343                   /usr/lib/x86_64-linux-gnu/libstdc++.so.6.0.28
7feccdd9e000-7feccdda1000 rw-p 00000000 00:00 0 
7feccdda1000-7feccdff0000 r--p 00000000 fd:01 2493106                    /usr/lib/jvm/java-17-openjdk-amd64/lib/server/libjvm.so
7feccdff0000-7fecced76000 r-xp 0024f000 fd:01 2493106                    /usr/lib/jvm/java-17-openjdk-amd64/lib/server/libjvm.so
7fecced76000-7fecceffb000 r--p 00fd5000 fd:01 2493106                    /usr/lib/jvm/java-17-openjdk-amd64/lib/server/libjvm.so
7fecceffb000-7feccf0b3000 r--p 01259000 fd:01 2493106                    /usr/lib/jvm/java-17-openjdk-amd64/lib/server/libjvm.so
7feccf0b3000-7feccf0e7000 rw-p 01311000 fd:01 2493106                    /usr/lib/jvm/java-17-openjdk-amd64/lib/server/libjvm.so
7feccf0e7000-7feccf143000 rw-p 00000000 00:00 0 
7feccf143000-7feccf14a000 r--p 00000000 fd:01 10490083                   /lib/x86_64-linux-gnu/libpthread-2.31.so
7feccf14a000-7feccf15b000 r-xp 00007000 fd:01 10490083                   /lib/x86_64-linux-gnu/libpthread-2.31.so
7feccf15b000-7feccf160000 r--p 00018000 fd:01 10490083                   /lib/x86_64-linux-gnu/libpthread-2.31.so
7feccf160000-7feccf161000 r--p 0001c000 fd:01 10490083                   /lib/x86_64-linux-gnu/libpthread-2.31.so
7feccf161000-7feccf162000 rw-p 0001d000 fd:01 10490083                   /lib/x86_64-linux-gnu/libpthread-2.31.so
7feccf162000-7feccf166000 rw-p 00000000 00:00 0 
7feccf166000-7feccf167000 r--p 00000000 fd:01 10485875                   /lib/x86_64-linux-gnu/libdl-2.31.so
7feccf167000-7feccf169000 r-xp 00001000 fd:01 10485875                   /lib/x86_64-linux-gnu/libdl-2.31.so
7feccf169000-7feccf16a000 r--p 00003000 fd:01 10485875                   /lib/x86_64-linux-gnu/libdl-2.31.so
7feccf16a000-7feccf16b000 r--p 00003000 fd:01 10485875                   /lib/x86_64-linux-gnu/libdl-2.31.so
7feccf16b000-7feccf16c000 rw-p 00004000 fd:01 10485875                   /lib/x86_64-linux-gnu/libdl-2.31.so
7feccf16c000-7feccf16e000 r--p 00000000 fd:01 10485954                   /lib/x86_64-linux-gnu/libz.so.1.2.11
7feccf16e000-7feccf17f000 r-xp 00002000 fd:01 10485954                   /lib/x86_64-linux-gnu/libz.so.1.2.11
7feccf17f000-7feccf185000 r--p 00013000 fd:01 10485954                   /lib/x86_64-linux-gnu/libz.so.1.2.11
7feccf185000-7feccf186000 ---p 00019000 fd:01 10485954                   /lib/x86_64-linux-gnu/libz.so.1.2.11
7feccf186000-7feccf187000 r--p 00019000 fd:01 10485954                   /lib/x86_64-linux-gnu/libz.so.1.2.11
7feccf187000-7feccf188000 rw-p 0001a000 fd:01 10485954                   /lib/x86_64-linux-gnu/libz.so.1.2.11
7feccf188000-7feccf1ad000 r--p 00000000 fd:01 10485847                   /lib/x86_64-linux-gnu/libc-2.31.so
7feccf1ad000-7feccf325000 r-xp 00025000 fd:01 10485847                   /lib/x86_64-linux-gnu/libc-2.31.so
7feccf325000-7feccf36f000 r--p 0019d000 fd:01 10485847                   /lib/x86_64-linux-gnu/libc-2.31.so
7feccf36f000-7feccf370000 ---p 001e7000 fd:01 10485847                   /lib/x86_64-linux-gnu/libc-2.31.so
7feccf370000-7feccf373000 r--p 001e7000 fd:01 10485847                   /lib/x86_64-linux-gnu/libc-2.31.so
7feccf373000-7feccf376000 rw-p 001ea000 fd:01 10485847                   /lib/x86_64-linux-gnu/libc-2.31.so
7feccf376000-7feccf37a000 rw-p 00000000 00:00 0 
7feccf37c000-7feccf37e000 r--s 0000c000 fd:01 26346540                   /usr/share/java/java-atk-wrapper.jar
7feccf37e000-7feccf380000 r--p 00000000 fd:01 10490049                   /lib/x86_64-linux-gnu/libnss_compat-2.31.so
7feccf380000-7feccf387000 r-xp 00002000 fd:01 10490049                   /lib/x86_64-linux-gnu/libnss_compat-2.31.so
7feccf387000-7feccf388000 r--p 00009000 fd:01 10490049                   /lib/x86_64-linux-gnu/libnss_compat-2.31.so
7feccf388000-7feccf389000 r--p 00009000 fd:01 10490049                   /lib/x86_64-linux-gnu/libnss_compat-2.31.so
7feccf389000-7feccf38a000 rw-p 0000a000 fd:01 10490049                   /lib/x86_64-linux-gnu/libnss_compat-2.31.so
7feccf38a000-7feccf38b000 ---p 00000000 00:00 0 
7feccf38b000-7feccf38c000 r--p 00000000 00:00 0 
7feccf38c000-7feccf38e000 r--p 00000000 fd:01 2362761                    /usr/lib/jvm/java-17-openjdk-amd64/lib/libjimage.so
7feccf38e000-7feccf391000 r-xp 00002000 fd:01 2362761                    /usr/lib/jvm/java-17-openjdk-amd64/lib/libjimage.so
7feccf391000-7feccf392000 r--p 00005000 fd:01 2362761                    /usr/lib/jvm/java-17-openjdk-amd64/lib/libjimage.so
7feccf392000-7feccf393000 ---p 00006000 fd:01 2362761                    /usr/lib/jvm/java-17-openjdk-amd64/lib/libjimage.so
7feccf393000-7feccf394000 r--p 00006000 fd:01 2362761                    /usr/lib/jvm/java-17-openjdk-amd64/lib/libjimage.so
7feccf394000-7feccf395000 rw-p 00007000 fd:01 2362761                    /usr/lib/jvm/java-17-openjdk-amd64/lib/libjimage.so
7feccf395000-7feccf397000 r--p 00000000 fd:01 2362762                    /usr/lib/jvm/java-17-openjdk-amd64/lib/libjli.so
7feccf397000-7feccf3a1000 r-xp 00002000 fd:01 2362762                    /usr/lib/jvm/java-17-openjdk-amd64/lib/libjli.so
7feccf3a1000-7feccf3a4000 r--p 0000c000 fd:01 2362762                    /usr/lib/jvm/java-17-openjdk-amd64/lib/libjli.so
7feccf3a4000-7feccf3a5000 ---p 0000f000 fd:01 2362762                    /usr/lib/jvm/java-17-openjdk-amd64/lib/libjli.so
7feccf3a5000-7feccf3a6000 r--p 0000f000 fd:01 2362762                    /usr/lib/jvm/java-17-openjdk-amd64/lib/libjli.so
7feccf3a6000-7feccf3a7000 rw-p 00010000 fd:01 2362762                    /usr/lib/jvm/java-17-openjdk-amd64/lib/libjli.so
7feccf3a7000-7feccf3a9000 rw-p 00000000 00:00 0 
7feccf3a9000-7feccf3aa000 r--p 00000000 fd:01 10485810                   /lib/x86_64-linux-gnu/ld-2.31.so
7feccf3aa000-7feccf3cd000 r-xp 00001000 fd:01 10485810                   /lib/x86_64-linux-gnu/ld-2.31.so
7feccf3cd000-7feccf3d5000 r--p 00024000 fd:01 10485810                   /lib/x86_64-linux-gnu/ld-2.31.so
7feccf3d5000-7feccf3d6000 ---p 00000000 00:00 0 
7feccf3d6000-7feccf3d7000 r--p 0002c000 fd:01 10485810                   /lib/x86_64-linux-gnu/ld-2.31.so
7feccf3d7000-7feccf3d8000 rw-p 0002d000 fd:01 10485810                   /lib/x86_64-linux-gnu/ld-2.31.so
7feccf3d8000-7feccf3d9000 rw-p 00000000 00:00 0 
7fffc6165000-7fffc6187000 rw-p 00000000 00:00 0                          [stack]
7fffc61f5000-7fffc61f8000 r--p 00000000 00:00 0                          [vvar]
7fffc61f8000-7fffc61f9000 r-xp 00000000 00:00 0                          [vdso]
ffffffffff600000-ffffffffff601000 --xp 00000000 00:00 0                  [vsyscall]


VM Arguments:
jvm_args: -Dfile.encoding=UTF-8 -Duser.country=US -Duser.language=en -Duser.variant 
java_command: org.asamk.signal.Main -u +16174190472 daemon
java_class_path (initial): /home/petitpenguin/Documents/Github/signal-cli/build/classes/java/main:/home/petitpenguin/Documents/Github/signal-cli/build/resources/main:/home/petitpenguin/Documents/Github/signal-cli/lib/build/libs/lib.jar:/home/petitpenguin/Documents/Github/signal-cli/lib/signal-client-java-0.12.0.jar:/home/petitpenguin/.gradle/caches/modules-2/files-2.1/org.bouncycastle/bcprov-jdk15on/1.70/4636a0d01f74acaf28082fb62b317f1080118371/bcprov-jdk15on-1.70.jar:/home/petitpenguin/.gradle/caches/modules-2/files-2.1/com.fasterxml.jackson.core/jackson-annotations/2.13.1/1cbcbe4623113e6af92ccaa89884a345270f1a87/jackson-annotations-2.13.1.jar:/home/petitpenguin/.gradle/caches/modules-2/files-2.1/com.fasterxml.jackson.core/jackson-core/2.13.1/51ae921a2ed1e06ca8876f12f32f265e83c0b2b8/jackson-core-2.13.1.jar:/home/petitpenguin/.gradle/caches/modules-2/files-2.1/com.github.turasa/signal-service-java/2.15.3_unofficial_38/eb18ee9bf2b2a58322fe9f47a57cdf8e89797a42/signal-service-java-2.15.3_unofficial_38.jar:/home/petitpenguin/.gradle/caches/modules-2/files-2.1/com.fasterxml.jackson.core/jackson-databind/2.13.1/698b2d2b15d9a1b7aae025f1d9f576842285e7f6/jackson-databind-2.13.1.jar:/home/petitpenguin/.gradle/caches/modules-2/files-2.1/net.sourceforge.argparse4j/argparse4j/0.9.0/485aaa44f9bfdc787da898828cdc71d6577a86d/argparse4j-0.9.0.jar:/home/petitpenguin/.gradle/caches/modules-2/files-2.1/com.github.hypfvieh/dbus-java-transport-native-unixsocket/4.0.0/9bc6e99ce09fd96034e91929bdc587f4d737fc0d/dbus-java-transport-native-unixsocket-4.0.0.jar:/home/petitpenguin/.gradle/caches/modules-2/files-2.1/org.slf4j/slf4j-simple/1.7.32/321ffafb5123a91a71737dbff38ebe273e771e5b/slf4j-simple-1.7.32.jar:/home/petitpenguin/.gradle/caches/modules-2/files-2.1/org.slf4j/jul-to-slf4j/1.7.32/8a055c04ab44e8e8326901cadf89080721348bdb/jul-to-slf4j-1.7.32.jar:/home/petitpenguin/.gradle/caches/modules-2/files-2.1/com.github.hypfvieh/dbus-java-core/4.0.0/1d5468f46d1a97980dcc8c2f2355a2a5450cadba/dbus-j
Launcher Type: SUN_STANDARD

[Global flags]
     intx CICompilerCount                          = 4                                         {product} {ergonomic}
     uint ConcGCThreads                            = 2                                         {product} {ergonomic}
     uint G1ConcRefinementThreads                  = 8                                         {product} {ergonomic}
   size_t G1HeapRegionSize                         = 2097152                                   {product} {ergonomic}
    uintx GCDrainStackTargetSize                   = 64                                        {product} {ergonomic}
   size_t InitialHeapSize                          = 260046848                                 {product} {ergonomic}
   size_t MarkStackSize                            = 4194304                                   {product} {ergonomic}
   size_t MaxHeapSize                              = 4131389440                                {product} {ergonomic}
   size_t MaxNewSize                               = 2478833664                                {product} {ergonomic}
   size_t MinHeapDeltaBytes                        = 2097152                                   {product} {ergonomic}
   size_t MinHeapSize                              = 8388608                                   {product} {ergonomic}
    uintx NonNMethodCodeHeapSize                   = 5839372                                {pd product} {ergonomic}
    uintx NonProfiledCodeHeapSize                  = 122909434                              {pd product} {ergonomic}
    uintx ProfiledCodeHeapSize                     = 122909434                              {pd product} {ergonomic}
    uintx ReservedCodeCacheSize                    = 251658240                              {pd product} {ergonomic}
     bool SegmentedCodeCache                       = true                                      {product} {ergonomic}
   size_t SoftMaxHeapSize                          = 4131389440                             {manageable} {ergonomic}
     bool UseCompressedClassPointers               = true                           {product lp64_product} {ergonomic}
     bool UseCompressedOops                        = true                           {product lp64_product} {ergonomic}
     bool UseG1GC                                  = true                                      {product} {ergonomic}

Logging:
Log output configuration:
 #0: 
[error occurred during error reporting (printing log configuration), id 0xb, SIGSEGV (0xb) at pc=0x00007fecce83be06]

Environment Variables:
PATH=/home/petitpenguin/.nvm/versions/node/v14.16.0/bin:/home/petitpenguin/.cargo/bin:/opt/gradle/gradle-7.3.3/bin:/home/petitpenguin/.cargo/bin:/home/petitpenguin/.local/bin:/usr/local/sbin:/usr/local/bin:/usr/sbin:/usr/bin:/sbin:/bin:/usr/games:/usr/local/games:/snap/bin
USERNAME=petitpenguin
LD_LIBRARY_PATH=.
SHELL=/bin/bash
DISPLAY=:0
LANG=en_US.UTF-8

Signal Handlers:
   SIGSEGV: 0x00007feccecf4070 in libjvm.so+16068720, mask=11100100010111111101111111111110, flags=SA_RESTART|SA_SIGINFO
    SIGBUS: 0x00007feccecf4070 in libjvm.so+16068720, mask=11100100010111111101111111111110, flags=SA_RESTART|SA_SIGINFO
    SIGFPE: 0x00007feccecf4070 in libjvm.so+16068720, mask=11100100010111111101111111111110, flags=SA_RESTART|SA_SIGINFO
   SIGPIPE: 0x00007fecceb96d90 in libjvm.so+14638480, mask=11100100010111111101111111111110, flags=SA_RESTART|SA_SIGINFO
  *** Handler was modified!
  *** Expected: 0x00007fecc80042e0, mask=00001011000100000000000000001001, flags=SA_RESTART|SA_SIGINFO
   SIGXFSZ: 0x00007fecceb96d90 in libjvm.so+14638480, mask=11100100010111111101111111111110, flags=SA_RESTART|SA_SIGINFO
  *** Handler was modified!
  *** Expected: 0x00007fecc8186b20, mask=00000001000000000000000000010011, flags=SA_RESTART|SA_SIGINFO
    SIGILL: 0x00007feccecf4070 in libjvm.so+16068720, mask=11100100010111111101111111111110, flags=SA_RESTART|SA_SIGINFO
   SIGUSR2: 0x00007fecceb96420 in libjvm.so+14636064, mask=00100000000000000000000000000000, flags=SA_RESTART|SA_SIGINFO
  *** Handler was modified!
  *** Expected: 0x00007fecc80043f0, mask=00001011000100000000000000001001, flags=SA_RESTART|SA_SIGINFO
    SIGHUP: 0x00007fecceb96360 in libjvm.so+14635872, mask=11100100010111111101111111111110, flags=SA_RESTART|SA_SIGINFO
    SIGINT: 0x00007fecceb96360 in libjvm.so+14635872, mask=11100100010111111101111111111110, flags=SA_RESTART|SA_SIGINFO
   SIGTERM: 0x00007fecceb96360 in libjvm.so+14635872, mask=11100100010111111101111111111110, flags=SA_RESTART|SA_SIGINFO
   SIGQUIT: 0x00007fecceb96360 in libjvm.so+14635872, mask=11100100010111111101111111111110, flags=SA_RESTART|SA_SIGINFO
   SIGTRAP: 0x00007feccecf4070 in libjvm.so+16068720, mask=11100100010111111101111111111110, flags=SA_RESTART|SA_SIGINFO


---------------  S Y S T E M  ---------------

OS:
DISTRIB_ID=Ubuntu
DISTRIB_RELEASE=20.04
DISTRIB_CODENAME=focal
DISTRIB_DESCRIPTION="Ubuntu 20.04.3 LTS"
uname: Linux 5.4.0-96-generic #109-Ubuntu SMP Wed Jan 12 16:49:16 UTC 2022 x86_64
OS uptime: 0 days 8:27 hours
libc: glibc 2.31 NPTL 2.31 
rlimit (soft/hard): STACK 8192k/infinity , CORE 0k/infinity , NPROC 62654/62654 , NOFILE 1048576/1048576 , AS infinity/infinity , CPU infinity/infinity , DATA infinity/infinity , FSIZE infinity/infinity , MEMLOCK 65536k/65536k
load average: 1.98 2.15 2.01

/proc/meminfo:
MemTotal:       16133248 kB
MemFree:          833180 kB
MemAvailable:    5827292 kB
Buffers:          808048 kB
Cached:          4912552 kB
SwapCached:          320 kB
Active:         11649832 kB
Inactive:        2610500 kB
Active(anon):    8531536 kB
Inactive(anon):   815652 kB
Active(file):    3118296 kB
Inactive(file):  1794848 kB
Unevictable:      124408 kB
Mlocked:             152 kB
SwapTotal:       1003516 kB
SwapFree:         998396 kB
Dirty:              7288 kB
Writeback:             0 kB
AnonPages:       8664380 kB
Mapped:          1335752 kB
Shmem:            808672 kB
KReclaimable:     425256 kB
Slab:             692292 kB
SReclaimable:     425256 kB
SUnreclaim:       267036 kB
KernelStack:       41232 kB
PageTables:        77988 kB
NFS_Unstable:          0 kB
Bounce:                0 kB
WritebackTmp:          0 kB
CommitLimit:     9070140 kB
Committed_AS:   22747400 kB
VmallocTotal:   34359738367 kB
VmallocUsed:       72564 kB
VmallocChunk:          0 kB
Percpu:             8832 kB
HardwareCorrupted:     0 kB
AnonHugePages:         0 kB
ShmemHugePages:        0 kB
ShmemPmdMapped:        0 kB
FileHugePages:         0 kB
FilePmdMapped:         0 kB
CmaTotal:              0 kB
CmaFree:               0 kB
HugePages_Total:       0
HugePages_Free:        0
HugePages_Rsvd:        0
HugePages_Surp:        0
Hugepagesize:       2048 kB
Hugetlb:               0 kB
DirectMap4k:      594644 kB
DirectMap2M:    15921152 kB
DirectMap1G:           0 kB

/sys/kernel/mm/transparent_hugepage/enabled: always [madvise] never
/sys/kernel/mm/transparent_hugepage/defrag (defrag/compaction efforts parameter): always defer defer+madvise [madvise] never

Process Memory:
Virtual Size: 9336832K (peak: 9394148K)
Resident Set Size: 213196K (peak: 213800K) (anon: 180944K, file: 32252K, shmem: 0K)
Swapped out: 0K
C-Heap outstanding allocations: 18556K

/proc/sys/kernel/threads-max (system-wide limit on the number of threads): 125308
/proc/sys/vm/max_map_count (maximum number of memory map areas a process may have): 65530
/proc/sys/kernel/pid_max (system-wide limit on number of process identifiers): 4194304

container (cgroup) information:
container_type: cgroupv1
cpu_cpuset_cpus: 0-7
cpu_memory_nodes: 0
active_processor_count: 8
cpu_quota: no quota
cpu_period: 100000
cpu_shares: no shares
memory_limit_in_bytes: unlimited
memory_and_swap_limit_in_bytes: not supported
memory_soft_limit_in_bytes: unlimited
memory_usage_in_bytes: 12442210304
memory_max_usage_in_bytes: 13125287936

Steal ticks since vm start: 0
Steal ticks percentage since vm start:  0.000

CPU: total 8 (initial active 8) (4 cores per cpu, 2 threads per core) family 6 model 142 stepping 10 microcode 0xea, cx8, cmov, fxsr, ht, mmx, 3dnowpref, sse, sse2, sse3, ssse3, sse4.1, sse4.2, popcnt, lzcnt, tsc, tscinvbit, avx, avx2, aes, erms, clmul, bmi1, bmi2, rtm, adx, fma, vzeroupper, clflush, clflushopt
CPU Model and flags from /proc/cpuinfo:
model name	: Intel(R) Core(TM) i7-8650U CPU @ 1.90GHz
flags		: fpu vme de pse tsc msr pae mce cx8 apic sep mtrr pge mca cmov pat pse36 clflush dts acpi mmx fxsr sse sse2 ss ht tm pbe syscall nx pdpe1gb rdtscp lm constant_tsc art arch_perfmon pebs bts rep_good nopl xtopology nonstop_tsc cpuid aperfmperf pni pclmulqdq dtes64 monitor ds_cpl vmx smx est tm2 ssse3 sdbg fma cx16 xtpr pdcm pcid sse4_1 sse4_2 x2apic movbe popcnt tsc_deadline_timer aes xsave avx f16c rdrand lahf_lm abm 3dnowprefetch cpuid_fault epb invpcid_single pti ssbd ibrs ibpb stibp tpr_shadow vnmi flexpriority ept vpid ept_ad fsgsbase tsc_adjust bmi1 hle avx2 smep bmi2 erms invpcid rtm mpx rdseed adx smap clflushopt intel_pt xsaveopt xsavec xgetbv1 xsaves dtherm ida arat pln pts hwp hwp_notify hwp_act_window hwp_epp md_clear flush_l1d

Online cpus: 0-7
Offline cpus: 
BIOS frequency limitation: <Not Available>
Frequency switch latency (ns): 0
Available cpu frequencies: <Not Available>
Current governor: powersave
Core performance/turbo boost: <Not Available>

Memory: 4k page, physical 16133248k(833180k free), swap 1003516k(998396k free)
Page Sizes: 4k

vm_info: OpenJDK 64-Bit Server VM (17.0.1+12-Ubuntu-120.04) for linux-amd64 JRE (17.0.1+12-Ubuntu-120.04), built on Oct 29 2021 11:12:19 by "unknown" with gcc 9.3.0

END.
